<?xml version="1.0" encoding="UTF-8"?>
<coverage generated="1772612906547" clover="3.2.0">
  <project timestamp="1772612906547" name="All files">
    <metrics statements="362" coveredstatements="360" conditionals="244" coveredconditionals="225" methods="49" coveredmethods="48" elements="655" coveredelements="633" complexity="0" loc="362" ncloc="362" packages="4" files="15" classes="15"/>
    <package name="src">
      <metrics statements="193" coveredstatements="191" conditionals="101" coveredconditionals="90" methods="20" coveredmethods="20"/>
      <file name="check.ts" path="/Users/uzochukwuamara/Code/SearchAtlas/searchatlas-mcp-server/src/check.ts">
        <metrics statements="57" coveredstatements="57" conditionals="32" coveredconditionals="29" methods="4" coveredmethods="4"/>
        <line num="21" count="1" type="stmt"/>
        <line num="22" count="1" type="stmt"/>
        <line num="25" count="47" type="stmt"/>
        <line num="29" count="9" type="stmt"/>
        <line num="30" count="9" type="cond" truecount="1" falsecount="1"/>
        <line num="34" count="15" type="stmt"/>
        <line num="37" count="15" type="stmt"/>
        <line num="40" count="15" type="stmt"/>
        <line num="41" count="15" type="stmt"/>
        <line num="42" count="15" type="stmt"/>
        <line num="43" count="15" type="stmt"/>
        <line num="45" count="15" type="cond" truecount="2" falsecount="0"/>
        <line num="46" count="12" type="stmt"/>
        <line num="47" count="3" type="cond" truecount="2" falsecount="0"/>
        <line num="48" count="1" type="stmt"/>
        <line num="49" count="2" type="cond" truecount="2" falsecount="0"/>
        <line num="50" count="1" type="stmt"/>
        <line num="52" count="1" type="stmt"/>
        <line num="56" count="1" type="stmt"/>
        <line num="60" count="15" type="stmt"/>
        <line num="61" count="15" type="stmt"/>
        <line num="62" count="15" type="stmt"/>
        <line num="64" count="2" type="stmt"/>
        <line num="68" count="2" type="stmt"/>
        <line num="69" count="2" type="stmt"/>
        <line num="73" count="13" type="cond" truecount="2" falsecount="0"/>
        <line num="74" count="12" type="stmt"/>
        <line num="75" count="12" type="cond" truecount="2" falsecount="0"/>
        <line num="76" count="11" type="stmt"/>
        <line num="77" count="11" type="cond" truecount="2" falsecount="0"/>
        <line num="78" count="10" type="stmt"/>
        <line num="81" count="10" type="cond" truecount="2" falsecount="0"/>
        <line num="83" count="11" type="cond" truecount="1" falsecount="1"/>
        <line num="84" count="11" type="stmt"/>
        <line num="86" count="11" type="stmt"/>
        <line num="88" count="1" type="stmt"/>
        <line num="89" count="1" type="stmt"/>
        <line num="91" count="1" type="cond" truecount="1" falsecount="1"/>
        <line num="92" count="1" type="stmt"/>
        <line num="96" count="13" type="stmt"/>
        <line num="97" count="13" type="stmt"/>
        <line num="98" count="13" type="stmt"/>
        <line num="103" count="11" type="cond" truecount="4" falsecount="0"/>
        <line num="104" count="2" type="stmt"/>
        <line num="108" count="2" type="stmt"/>
        <line num="109" count="9" type="cond" truecount="2" falsecount="0"/>
        <line num="110" count="8" type="stmt"/>
        <line num="112" count="1" type="stmt"/>
        <line num="116" count="1" type="stmt"/>
        <line num="119" count="2" type="stmt"/>
        <line num="123" count="2" type="stmt"/>
        <line num="126" count="13" type="stmt"/>
        <line num="130" count="15" type="stmt"/>
        <line num="131" count="15" type="cond" truecount="2" falsecount="0"/>
        <line num="132" count="6" type="stmt"/>
        <line num="134" count="9" type="stmt"/>
        <line num="135" count="9" type="stmt"/>
      </file>
      <file name="config.ts" path="/Users/uzochukwuamara/Code/SearchAtlas/searchatlas-mcp-server/src/config.ts">
        <metrics statements="21" coveredstatements="21" conditionals="21" coveredconditionals="20" methods="2" coveredmethods="2"/>
        <line num="26" count="10" type="stmt"/>
        <line num="27" count="10" type="stmt"/>
        <line num="28" count="10" type="stmt"/>
        <line num="29" count="10" type="stmt"/>
        <line num="30" count="10" type="stmt"/>
        <line num="31" count="15" type="stmt"/>
        <line num="32" count="15" type="cond" truecount="4" falsecount="0"/>
        <line num="33" count="7" type="stmt"/>
        <line num="34" count="7" type="cond" truecount="1" falsecount="1"/>
        <line num="35" count="7" type="stmt"/>
        <line num="36" count="7" type="stmt"/>
        <line num="37" count="7" type="stmt"/>
        <line num="40" count="6" type="stmt"/>
        <line num="42" count="4" type="stmt"/>
        <line num="47" count="10" type="stmt"/>
        <line num="50" count="10" type="cond" truecount="3" falsecount="0"/>
        <line num="53" count="10" type="cond" truecount="4" falsecount="0"/>
        <line num="54" count="10" type="cond" truecount="4" falsecount="0"/>
        <line num="56" count="10" type="cond" truecount="4" falsecount="0"/>
        <line num="57" count="2" type="stmt"/>
        <line num="67" count="8" type="stmt"/>
      </file>
      <file name="login.ts" path="/Users/uzochukwuamara/Code/SearchAtlas/searchatlas-mcp-server/src/login.ts">
        <metrics statements="115" coveredstatements="113" conditionals="48" coveredconditionals="41" methods="14" coveredmethods="14"/>
        <line num="14" count="1" type="stmt"/>
        <line num="15" count="1" type="stmt"/>
        <line num="19" count="17" type="cond" truecount="1" falsecount="1"/>
        <line num="25" count="17" type="stmt"/>
        <line num="26" count="17" type="cond" truecount="2" falsecount="0"/>
        <line num="27" count="1" type="stmt"/>
        <line num="35" count="28" type="stmt"/>
        <line num="36" count="28" type="stmt"/>
        <line num="38" count="2" type="stmt"/>
        <line num="43" count="28" type="stmt"/>
        <line num="44" count="28" type="stmt"/>
        <line num="46" count="2" type="stmt"/>
        <line num="51" count="14" type="stmt"/>
        <line num="53" count="14" type="cond" truecount="2" falsecount="0"/>
        <line num="54" count="1" type="stmt"/>
        <line num="55" count="1" type="stmt"/>
        <line num="56" count="3" type="stmt"/>
        <line num="57" count="3" type="cond" truecount="2" falsecount="0"/>
        <line num="58" count="2" type="cond" truecount="2" falsecount="0"/>
        <line num="62" count="14" type="stmt"/>
        <line num="63" count="14" type="stmt"/>
        <line num="68" count="28" type="stmt"/>
        <line num="69" count="28" type="stmt"/>
        <line num="70" count="28" type="cond" truecount="2" falsecount="0"/>
        <line num="73" count="28" type="cond" truecount="2" falsecount="0"/>
        <line num="75" count="28" type="cond" truecount="1" falsecount="1"/>
        <line num="85" count="14" type="stmt"/>
        <line num="86" count="14" type="stmt"/>
        <line num="87" count="14" type="stmt"/>
        <line num="88" count="14" type="stmt"/>
        <line num="91" count="14" type="stmt"/>
        <line num="102" count="14" type="stmt"/>
        <line num="118" count="14" type="stmt"/>
        <line num="156" count="14" type="stmt"/>
        <line num="157" count="70" type="stmt"/>
        <line num="158" count="70" type="cond" truecount="2" falsecount="0"/>
        <line num="160" count="10" type="stmt"/>
        <line num="161" count="10" type="stmt"/>
        <line num="163" count="10" type="cond" truecount="2" falsecount="0"/>
        <line num="165" count="4" type="stmt"/>
        <line num="166" count="4" type="stmt"/>
        <line num="167" count="4" type="stmt"/>
        <line num="170" count="4" type="stmt"/>
        <line num="171" count="4" type="stmt"/>
        <line num="172" count="4" type="stmt"/>
        <line num="180" count="14" type="stmt"/>
        <line num="185" count="8" type="stmt"/>
        <line num="186" count="8" type="stmt"/>
        <line num="187" count="18" type="stmt"/>
        <line num="188" count="18" type="cond" truecount="4" falsecount="0"/>
        <line num="189" count="14" type="stmt"/>
        <line num="191" count="4" type="stmt"/>
        <line num="194" count="4" type="stmt"/>
        <line num="195" count="4" type="cond" truecount="1" falsecount="1"/>
        <line num="196" count="4" type="stmt"/>
        <line num="197" count="4" type="stmt"/>
        <line num="199" count="0" type="stmt"/>
        <line num="210" count="4" type="stmt"/>
        <line num="211" count="4" type="stmt"/>
        <line num="212" count="4" type="stmt"/>
        <line num="213" count="8" type="cond" truecount="3" falsecount="1"/>
        <line num="214" count="8" type="stmt"/>
        <line num="216" count="0" type="stmt"/>
        <line num="219" count="4" type="stmt"/>
        <line num="220" count="4" type="stmt"/>
        <line num="231" count="4" type="stmt"/>
        <line num="232" count="4" type="cond" truecount="4" falsecount="0"/>
        <line num="233" count="2" type="stmt"/>
        <line num="235" count="4" type="stmt"/>
        <line num="236" count="4" type="stmt"/>
        <line num="244" count="28" type="stmt"/>
        <line num="246" count="392" type="stmt"/>
        <line num="251" count="14" type="stmt"/>
        <line num="254" count="14" type="cond" truecount="2" falsecount="0"/>
        <line num="255" count="4" type="stmt"/>
        <line num="256" count="4" type="stmt"/>
        <line num="257" count="8" type="stmt"/>
        <line num="259" count="4" type="stmt"/>
        <line num="262" count="14" type="stmt"/>
        <line num="263" count="14" type="stmt"/>
        <line num="266" count="14" type="stmt"/>
        <line num="267" count="14" type="stmt"/>
        <line num="272" count="14" type="stmt"/>
        <line num="273" count="14" type="stmt"/>
        <line num="282" count="14" type="stmt"/>
        <line num="283" count="14" type="stmt"/>
        <line num="291" count="14" type="stmt"/>
        <line num="295" count="17" type="stmt"/>
        <line num="297" count="17" type="stmt"/>
        <line num="298" count="17" type="stmt"/>
        <line num="299" count="17" type="stmt"/>
        <line num="301" count="17" type="stmt"/>
        <line num="302" count="17" type="stmt"/>
        <line num="303" count="17" type="stmt"/>
        <line num="304" count="17" type="stmt"/>
        <line num="306" count="17" type="stmt"/>
        <line num="307" count="17" type="stmt"/>
        <line num="309" count="17" type="cond" truecount="2" falsecount="0"/>
        <line num="310" count="1" type="stmt"/>
        <line num="311" count="1" type="stmt"/>
        <line num="314" count="16" type="stmt"/>
        <line num="316" count="16" type="cond" truecount="2" falsecount="0"/>
        <line num="317" count="2" type="stmt"/>
        <line num="318" count="2" type="cond" truecount="2" falsecount="0"/>
        <line num="319" count="1" type="stmt"/>
        <line num="321" count="2" type="stmt"/>
        <line num="322" count="2" type="stmt"/>
        <line num="325" count="14" type="cond" truecount="1" falsecount="1"/>
        <line num="326" count="14" type="stmt"/>
        <line num="327" count="14" type="cond" truecount="2" falsecount="0"/>
        <line num="328" count="13" type="stmt"/>
        <line num="336" count="14" type="stmt"/>
        <line num="337" count="14" type="stmt"/>
        <line num="340" count="14" type="stmt"/>
        <line num="343" count="14" type="stmt"/>
      </file>
    </package>
    <package name="src.tools">
      <metrics statements="64" coveredstatements="64" conditionals="50" coveredconditionals="44" methods="14" coveredmethods="14"/>
      <file name="agent-tools.ts" path="/Users/uzochukwuamara/Code/SearchAtlas/searchatlas-mcp-server/src/tools/agent-tools.ts">
        <metrics statements="10" coveredstatements="10" conditionals="6" coveredconditionals="5" methods="2" coveredmethods="2"/>
        <line num="13" count="1" type="stmt"/>
        <line num="31" count="7" type="stmt"/>
        <line num="32" count="70" type="stmt"/>
        <line num="37" count="14" type="stmt"/>
        <line num="38" count="14" type="stmt"/>
        <line num="42" count="14" type="cond" truecount="2" falsecount="0"/>
        <line num="43" count="14" type="cond" truecount="2" falsecount="0"/>
        <line num="45" count="14" type="stmt"/>
        <line num="50" count="13" type="stmt"/>
        <line num="52" count="1" type="stmt"/>
      </file>
      <file name="artifact-tools.ts" path="/Users/uzochukwuamara/Code/SearchAtlas/searchatlas-mcp-server/src/tools/artifact-tools.ts">
        <metrics statements="10" coveredstatements="10" conditionals="10" coveredconditionals="8" methods="2" coveredmethods="2"/>
        <line num="13" count="6" type="stmt"/>
        <line num="30" count="5" type="stmt"/>
        <line num="31" count="5" type="stmt"/>
        <line num="34" count="5" type="cond" truecount="1" falsecount="1"/>
        <line num="35" count="5" type="cond" truecount="2" falsecount="0"/>
        <line num="36" count="5" type="cond" truecount="2" falsecount="0"/>
        <line num="37" count="5" type="cond" truecount="2" falsecount="0"/>
        <line num="39" count="5" type="stmt"/>
        <line num="45" count="4" type="stmt"/>
        <line num="49" count="1" type="stmt"/>
      </file>
      <file name="conversation-tools.ts" path="/Users/uzochukwuamara/Code/SearchAtlas/searchatlas-mcp-server/src/tools/conversation-tools.ts">
        <metrics statements="9" coveredstatements="9" conditionals="8" coveredconditionals="7" methods="2" coveredmethods="2"/>
        <line num="12" count="6" type="stmt"/>
        <line num="25" count="5" type="stmt"/>
        <line num="26" count="5" type="stmt"/>
        <line num="29" count="5" type="cond" truecount="2" falsecount="0"/>
        <line num="30" count="5" type="cond" truecount="2" falsecount="0"/>
        <line num="31" count="5" type="cond" truecount="2" falsecount="0"/>
        <line num="33" count="5" type="stmt"/>
        <line num="39" count="4" type="stmt"/>
        <line num="43" count="1" type="stmt"/>
      </file>
      <file name="playbook-tools.ts" path="/Users/uzochukwuamara/Code/SearchAtlas/searchatlas-mcp-server/src/tools/playbook-tools.ts">
        <metrics statements="18" coveredstatements="18" conditionals="18" coveredconditionals="16" methods="4" coveredmethods="4"/>
        <line num="14" count="12" type="stmt"/>
        <line num="32" count="5" type="stmt"/>
        <line num="33" count="5" type="stmt"/>
        <line num="36" count="5" type="cond" truecount="4" falsecount="0"/>
        <line num="37" count="5" type="cond" truecount="1" falsecount="1"/>
        <line num="38" count="5" type="cond" truecount="2" falsecount="0"/>
        <line num="39" count="5" type="cond" truecount="2" falsecount="0"/>
        <line num="41" count="5" type="stmt"/>
        <line num="47" count="4" type="stmt"/>
        <line num="51" count="1" type="stmt"/>
        <line num="59" count="12" type="stmt"/>
        <line num="79" count="6" type="stmt"/>
        <line num="81" count="6" type="cond" truecount="2" falsecount="0"/>
        <line num="82" count="19" type="stmt"/>
        <line num="83" count="6" type="cond" truecount="2" falsecount="0"/>
        <line num="85" count="6" type="stmt"/>
        <line num="92" count="5" type="stmt"/>
        <line num="94" count="1" type="stmt"/>
      </file>
      <file name="project-tools.ts" path="/Users/uzochukwuamara/Code/SearchAtlas/searchatlas-mcp-server/src/tools/project-tools.ts">
        <metrics statements="12" coveredstatements="12" conditionals="8" coveredconditionals="8" methods="3" coveredmethods="3"/>
        <line num="13" count="8" type="stmt"/>
        <line num="22" count="4" type="stmt"/>
        <line num="23" count="4" type="stmt"/>
        <line num="27" count="4" type="cond" truecount="2" falsecount="0"/>
        <line num="29" count="4" type="stmt"/>
        <line num="35" count="3" type="stmt"/>
        <line num="41" count="1" type="stmt"/>
        <line num="49" count="8" type="stmt"/>
        <line num="61" count="3" type="stmt"/>
        <line num="62" count="3" type="stmt"/>
        <line num="71" count="2" type="stmt"/>
        <line num="77" count="1" type="stmt"/>
      </file>
      <file name="register-all.ts" path="/Users/uzochukwuamara/Code/SearchAtlas/searchatlas-mcp-server/src/tools/register-all.ts">
        <metrics statements="5" coveredstatements="5" conditionals="0" coveredconditionals="0" methods="1" coveredmethods="1"/>
        <line num="14" count="2" type="stmt"/>
        <line num="15" count="2" type="stmt"/>
        <line num="16" count="2" type="stmt"/>
        <line num="17" count="2" type="stmt"/>
        <line num="18" count="2" type="stmt"/>
      </file>
    </package>
    <package name="src.types">
      <metrics statements="1" coveredstatements="1" conditionals="0" coveredconditionals="0" methods="0" coveredmethods="0"/>
      <file name="agents.ts" path="/Users/uzochukwuamara/Code/SearchAtlas/searchatlas-mcp-server/src/types/agents.ts">
        <metrics statements="1" coveredstatements="1" conditionals="0" coveredconditionals="0" methods="0" coveredmethods="0"/>
        <line num="20" count="3" type="stmt"/>
      </file>
    </package>
    <package name="src.utils">
      <metrics statements="104" coveredstatements="104" conditionals="93" coveredconditionals="91" methods="15" coveredmethods="14"/>
      <file name="api-client.ts" path="/Users/uzochukwuamara/Code/SearchAtlas/searchatlas-mcp-server/src/utils/api-client.ts">
        <metrics statements="49" coveredstatements="49" conditionals="49" coveredconditionals="47" methods="6" coveredmethods="5"/>
        <line num="19" count="9" type="stmt"/>
        <line num="20" count="9" type="cond" truecount="2" falsecount="0"/>
        <line num="21" count="1" type="stmt"/>
        <line num="22" count="3" type="cond" truecount="4" falsecount="0"/>
        <line num="26" count="9" type="stmt"/>
        <line num="32" count="9" type="cond" truecount="4" falsecount="0"/>
        <line num="33" count="2" type="stmt"/>
        <line num="36" count="7" type="cond" truecount="2" falsecount="0"/>
        <line num="37" count="2" type="stmt"/>
        <line num="38" count="2" type="stmt"/>
        <line num="46" count="5" type="cond" truecount="2" falsecount="0"/>
        <line num="48" count="4" type="stmt"/>
        <line num="62" count="11" type="stmt"/>
        <line num="64" count="11" type="stmt"/>
        <line num="75" count="11" type="cond" truecount="4" falsecount="0"/>
        <line num="76" count="2" type="stmt"/>
        <line num="79" count="9" type="cond" truecount="2" falsecount="0"/>
        <line num="80" count="1" type="stmt"/>
        <line num="81" count="1" type="stmt"/>
        <line num="88" count="8" type="cond" truecount="2" falsecount="0"/>
        <line num="89" count="1" type="stmt"/>
        <line num="92" count="7" type="stmt"/>
        <line num="97" count="7" type="stmt"/>
        <line num="98" count="7" type="stmt"/>
        <line num="99" count="7" type="stmt"/>
        <line num="100" count="7" type="stmt"/>
        <line num="102" count="7" type="stmt"/>
        <line num="103" count="7" type="stmt"/>
        <line num="104" count="16" type="stmt"/>
        <line num="105" count="16" type="cond" truecount="2" falsecount="0"/>
        <line num="107" count="15" type="stmt"/>
        <line num="110" count="15" type="stmt"/>
        <line num="111" count="15" type="cond" truecount="1" falsecount="1"/>
        <line num="113" count="16" type="stmt"/>
        <line num="114" count="15" type="stmt"/>
        <line num="115" count="15" type="cond" truecount="2" falsecount="0"/>
        <line num="117" count="12" type="cond" truecount="2" falsecount="0"/>
        <line num="118" count="1" type="stmt"/>
        <line num="121" count="11" type="cond" truecount="2" falsecount="0"/>
        <line num="122" count="6" type="stmt"/>
        <line num="125" count="11" type="cond" truecount="2" falsecount="0"/>
        <line num="126" count="5" type="stmt"/>
        <line num="131" count="7" type="stmt"/>
        <line num="134" count="1" type="stmt"/>
        <line num="138" count="15" type="stmt"/>
        <line num="139" count="15" type="cond" truecount="2" falsecount="0"/>
        <line num="141" count="13" type="stmt"/>
        <line num="142" count="13" type="stmt"/>
        <line num="144" count="1" type="stmt"/>
      </file>
      <file name="auth.ts" path="/Users/uzochukwuamara/Code/SearchAtlas/searchatlas-mcp-server/src/utils/auth.ts">
        <metrics statements="6" coveredstatements="6" conditionals="4" coveredconditionals="4" methods="1" coveredmethods="1"/>
        <line num="9" count="38" type="stmt"/>
        <line num="13" count="38" type="cond" truecount="2" falsecount="0"/>
        <line num="14" count="33" type="stmt"/>
        <line num="15" count="5" type="cond" truecount="2" falsecount="0"/>
        <line num="16" count="3" type="stmt"/>
        <line num="19" count="38" type="stmt"/>
      </file>
      <file name="errors.ts" path="/Users/uzochukwuamara/Code/SearchAtlas/searchatlas-mcp-server/src/utils/errors.ts">
        <metrics statements="11" coveredstatements="11" conditionals="5" coveredconditionals="5" methods="3" coveredmethods="3"/>
        <line num="8" count="15" type="stmt"/>
        <line num="9" count="15" type="stmt"/>
        <line num="11" count="15" type="stmt"/>
        <line num="12" count="15" type="stmt"/>
        <line num="22" count="7" type="stmt"/>
        <line num="23" count="7" type="stmt"/>
        <line num="29" count="14" type="cond" truecount="2" falsecount="0"/>
        <line num="30" count="2" type="stmt"/>
        <line num="32" count="12" type="cond" truecount="2" falsecount="0"/>
        <line num="33" count="8" type="stmt"/>
        <line num="35" count="4" type="stmt"/>
      </file>
      <file name="session.ts" path="/Users/uzochukwuamara/Code/SearchAtlas/searchatlas-mcp-server/src/utils/session.ts">
        <metrics statements="11" coveredstatements="11" conditionals="10" coveredconditionals="10" methods="3" coveredmethods="3"/>
        <line num="15" count="18" type="cond" truecount="2" falsecount="0"/>
        <line num="16" count="16" type="stmt"/>
        <line num="17" count="16" type="stmt"/>
        <line num="18" count="16" type="cond" truecount="2" falsecount="0"/>
        <line num="19" count="15" type="stmt"/>
        <line num="22" count="15" type="cond" truecount="2" falsecount="0"/>
        <line num="23" count="15" type="cond" truecount="2" falsecount="0"/>
        <line num="29" count="4" type="stmt"/>
        <line num="35" count="4" type="cond" truecount="2" falsecount="0"/>
        <line num="36" count="4" type="stmt"/>
        <line num="41" count="13" type="stmt"/>
      </file>
      <file name="token.ts" path="/Users/uzochukwuamara/Code/SearchAtlas/searchatlas-mcp-server/src/utils/token.ts">
        <metrics statements="27" coveredstatements="27" conditionals="25" coveredconditionals="25" methods="2" coveredmethods="2"/>
        <line num="21" count="70" type="cond" truecount="2" falsecount="0"/>
        <line num="23" count="56" type="stmt"/>
        <line num="26" count="56" type="cond" truecount="2" falsecount="0"/>
        <line num="30" count="5" type="stmt"/>
        <line num="34" count="56" type="cond" truecount="5" falsecount="0"/>
        <line num="35" count="5" type="stmt"/>
        <line num="38" count="51" type="stmt"/>
        <line num="46" count="38" type="stmt"/>
        <line num="48" count="38" type="cond" truecount="2" falsecount="0"/>
        <line num="49" count="1" type="stmt"/>
        <line num="53" count="37" type="stmt"/>
        <line num="54" count="37" type="cond" truecount="2" falsecount="0"/>
        <line num="55" count="4" type="stmt"/>
        <line num="59" count="33" type="stmt"/>
        <line num="60" count="33" type="stmt"/>
        <line num="63" count="33" type="stmt"/>
        <line num="64" count="33" type="stmt"/>
        <line num="66" count="33" type="stmt"/>
        <line num="69" count="33" type="cond" truecount="4" falsecount="0"/>
        <line num="70" count="32" type="stmt"/>
        <line num="74" count="32" type="cond" truecount="2" falsecount="0"/>
        <line num="75" count="30" type="stmt"/>
        <line num="76" count="30" type="stmt"/>
        <line num="78" count="30" type="cond" truecount="2" falsecount="0"/>
        <line num="79" count="3" type="stmt"/>
        <line num="89" count="29" type="stmt"/>
        <line num="91" count="1" type="stmt"/>
      </file>
    </package>
  </project>
</coverage>
