<?xml version="1.0" encoding="UTF-8"?>
<coverage generated="1776974174311" clover="3.2.0">
  <project timestamp="1776974174311" name="All files">
    <metrics statements="336" coveredstatements="318" conditionals="214" coveredconditionals="175" methods="42" coveredmethods="41" elements="592" coveredelements="534" complexity="0" loc="336" ncloc="336" packages="2" files="7" classes="7"/>
    <package name="src">
      <metrics statements="291" coveredstatements="273" conditionals="178" coveredconditionals="140" methods="36" coveredmethods="35"/>
      <file name="check.ts" path="/Users/uzochukwuamara/Code/SearchAtlas/searchatlas-mcp-server/src/check.ts">
        <metrics statements="60" coveredstatements="60" conditionals="30" coveredconditionals="27" methods="6" coveredmethods="6"/>
        <line num="22" count="1" type="stmt"/>
        <line num="23" count="1" type="stmt"/>
        <line num="26" count="52" type="stmt"/>
        <line num="30" count="8" type="stmt"/>
        <line num="31" count="8" type="cond" truecount="1" falsecount="1"/>
        <line num="36" count="14" type="stmt"/>
        <line num="40" count="14" type="stmt"/>
        <line num="41" count="14" type="stmt"/>
        <line num="42" count="10" type="stmt"/>
        <line num="43" count="10" type="stmt"/>
        <line num="44" count="10" type="stmt"/>
        <line num="46" count="10" type="stmt"/>
        <line num="51" count="16" type="stmt"/>
        <line num="54" count="16" type="stmt"/>
        <line num="57" count="16" type="stmt"/>
        <line num="58" count="16" type="stmt"/>
        <line num="59" count="16" type="stmt"/>
        <line num="60" count="16" type="stmt"/>
        <line num="62" count="16" type="cond" truecount="2" falsecount="0"/>
        <line num="63" count="13" type="stmt"/>
        <line num="64" count="3" type="cond" truecount="2" falsecount="0"/>
        <line num="65" count="1" type="stmt"/>
        <line num="66" count="2" type="cond" truecount="2" falsecount="0"/>
        <line num="67" count="1" type="stmt"/>
        <line num="69" count="1" type="stmt"/>
        <line num="73" count="1" type="stmt"/>
        <line num="77" count="16" type="stmt"/>
        <line num="78" count="16" type="stmt"/>
        <line num="79" count="16" type="stmt"/>
        <line num="81" count="2" type="stmt"/>
        <line num="85" count="2" type="stmt"/>
        <line num="86" count="2" type="stmt"/>
        <line num="90" count="14" type="cond" truecount="2" falsecount="0"/>
        <line num="91" count="13" type="stmt"/>
        <line num="92" count="13" type="cond" truecount="2" falsecount="0"/>
        <line num="93" count="12" type="stmt"/>
        <line num="94" count="12" type="cond" truecount="2" falsecount="0"/>
        <line num="95" count="11" type="stmt"/>
        <line num="98" count="11" type="cond" truecount="2" falsecount="0"/>
        <line num="100" count="12" type="cond" truecount="1" falsecount="1"/>
        <line num="101" count="12" type="stmt"/>
        <line num="103" count="12" type="stmt"/>
        <line num="105" count="1" type="stmt"/>
        <line num="106" count="1" type="stmt"/>
        <line num="108" count="1" type="cond" truecount="1" falsecount="1"/>
        <line num="109" count="1" type="stmt"/>
        <line num="113" count="14" type="stmt"/>
        <line num="114" count="14" type="stmt"/>
        <line num="115" count="10" type="cond" truecount="2" falsecount="0"/>
        <line num="117" count="4" type="cond" truecount="2" falsecount="0"/>
        <line num="119" count="4" type="cond" truecount="2" falsecount="0"/>
        <line num="120" count="2" type="stmt"/>
        <line num="125" count="2" type="stmt"/>
        <line num="127" count="4" type="stmt"/>
        <line num="130" count="14" type="stmt"/>
        <line num="134" count="16" type="stmt"/>
        <line num="135" count="16" type="cond" truecount="2" falsecount="0"/>
        <line num="136" count="8" type="stmt"/>
        <line num="138" count="8" type="stmt"/>
        <line num="139" count="8" type="stmt"/>
      </file>
      <file name="config.ts" path="/Users/uzochukwuamara/Code/SearchAtlas/searchatlas-mcp-server/src/config.ts">
        <metrics statements="49" coveredstatements="46" conditionals="49" coveredconditionals="42" methods="3" coveredmethods="3"/>
        <line num="26" count="15" type="stmt"/>
        <line num="27" count="15" type="stmt"/>
        <line num="31" count="15" type="stmt"/>
        <line num="32" count="15" type="stmt"/>
        <line num="33" count="15" type="cond" truecount="4" falsecount="0"/>
        <line num="34" count="3" type="stmt"/>
        <line num="35" count="3" type="stmt"/>
        <line num="36" count="3" type="stmt"/>
        <line num="40" count="2" type="stmt"/>
        <line num="48" count="15" type="stmt"/>
        <line num="49" count="15" type="stmt"/>
        <line num="50" count="15" type="stmt"/>
        <line num="51" count="19" type="stmt"/>
        <line num="52" count="19" type="cond" truecount="4" falsecount="0"/>
        <line num="53" count="9" type="stmt"/>
        <line num="54" count="9" type="cond" truecount="1" falsecount="1"/>
        <line num="55" count="9" type="stmt"/>
        <line num="56" count="9" type="stmt"/>
        <line num="57" count="9" type="stmt"/>
        <line num="60" count="8" type="stmt"/>
        <line num="62" count="7" type="stmt"/>
        <line num="66" count="1" type="stmt"/>
        <line num="73" count="15" type="stmt"/>
        <line num="75" count="15" type="cond" truecount="3" falsecount="3"/>
        <line num="80" count="15" type="stmt"/>
        <line num="81" count="15" type="stmt"/>
        <line num="82" count="15" type="cond" truecount="3" falsecount="1"/>
        <line num="83" count="0" type="stmt"/>
        <line num="85" count="15" type="stmt"/>
        <line num="87" count="15" type="cond" truecount="1" falsecount="1"/>
        <line num="88" count="0" type="stmt"/>
        <line num="90" count="15" type="cond" truecount="4" falsecount="0"/>
        <line num="91" count="12" type="stmt"/>
        <line num="94" count="3" type="cond" truecount="4" falsecount="0"/>
        <line num="95" count="2" type="cond" truecount="2" falsecount="0"/>
        <line num="96" count="1" type="stmt"/>
        <line num="98" count="1" type="stmt"/>
        <line num="103" count="1" type="cond" truecount="1" falsecount="1"/>
        <line num="104" count="0" type="stmt"/>
        <line num="106" count="1" type="stmt"/>
        <line num="108" count="1" type="stmt"/>
        <line num="114" count="15" type="stmt"/>
        <line num="117" count="15" type="cond" truecount="3" falsecount="0"/>
        <line num="118" count="15" type="stmt"/>
        <line num="121" count="15" type="cond" truecount="4" falsecount="0"/>
        <line num="122" count="15" type="cond" truecount="4" falsecount="0"/>
        <line num="124" count="15" type="cond" truecount="4" falsecount="0"/>
        <line num="125" count="2" type="stmt"/>
        <line num="135" count="11" type="stmt"/>
      </file>
      <file name="login.ts" path="/Users/uzochukwuamara/Code/SearchAtlas/searchatlas-mcp-server/src/login.ts">
        <metrics statements="150" coveredstatements="135" conditionals="87" coveredconditionals="60" methods="16" coveredmethods="15"/>
        <line num="15" count="1" type="stmt"/>
        <line num="17" count="1" type="stmt"/>
        <line num="18" count="1" type="stmt"/>
        <line num="22" count="17" type="cond" truecount="1" falsecount="1"/>
        <line num="28" count="17" type="cond" truecount="1" falsecount="1"/>
        <line num="30" count="17" type="stmt"/>
        <line num="31" count="17" type="stmt"/>
        <line num="32" count="17" type="stmt"/>
        <line num="33" count="1" type="stmt"/>
        <line num="44" count="0" type="stmt"/>
        <line num="45" count="0" type="cond" truecount="0" falsecount="2"/>
        <line num="46" count="0" type="cond" truecount="0" falsecount="2"/>
        <line num="47" count="0" type="cond" truecount="0" falsecount="2"/>
        <line num="48" count="0" type="cond" truecount="0" falsecount="2"/>
        <line num="49" count="0" type="stmt"/>
        <line num="55" count="28" type="stmt"/>
        <line num="56" count="28" type="cond" truecount="4" falsecount="1"/>
        <line num="57" count="28" type="stmt"/>
        <line num="59" count="0" type="stmt"/>
        <line num="63" count="28" type="stmt"/>
        <line num="66" count="28" type="stmt"/>
        <line num="70" count="28" type="cond" truecount="4" falsecount="1"/>
        <line num="71" count="26" type="stmt"/>
        <line num="73" count="2" type="stmt"/>
        <line num="78" count="14" type="stmt"/>
        <line num="80" count="14" type="cond" truecount="2" falsecount="0"/>
        <line num="81" count="1" type="stmt"/>
        <line num="82" count="1" type="stmt"/>
        <line num="83" count="3" type="stmt"/>
        <line num="84" count="3" type="cond" truecount="2" falsecount="0"/>
        <line num="85" count="2" type="cond" truecount="2" falsecount="0"/>
        <line num="89" count="14" type="stmt"/>
        <line num="90" count="14" type="stmt"/>
        <line num="95" count="28" type="stmt"/>
        <line num="96" count="28" type="stmt"/>
        <line num="97" count="28" type="cond" truecount="1" falsecount="1"/>
        <line num="98" count="28" type="cond" truecount="2" falsecount="0"/>
        <line num="101" count="28" type="cond" truecount="2" falsecount="0"/>
        <line num="103" count="28" type="cond" truecount="1" falsecount="1"/>
        <line num="104" count="0" type="stmt"/>
        <line num="107" count="28" type="cond" truecount="1" falsecount="1"/>
        <line num="108" count="0" type="stmt"/>
        <line num="112" count="28" type="stmt"/>
        <line num="113" count="28" type="stmt"/>
        <line num="114" count="28" type="cond" truecount="4" falsecount="1"/>
        <line num="115" count="0" type="stmt"/>
        <line num="118" count="28" type="stmt"/>
        <line num="127" count="14" type="stmt"/>
        <line num="128" count="14" type="stmt"/>
        <line num="129" count="14" type="stmt"/>
        <line num="132" count="14" type="stmt"/>
        <line num="150" count="14" type="stmt"/>
        <line num="179" count="14" type="stmt"/>
        <line num="180" count="42" type="stmt"/>
        <line num="181" count="42" type="cond" truecount="2" falsecount="0"/>
        <line num="183" count="5" type="stmt"/>
        <line num="184" count="5" type="stmt"/>
        <line num="186" count="5" type="cond" truecount="2" falsecount="0"/>
        <line num="188" count="2" type="stmt"/>
        <line num="189" count="2" type="stmt"/>
        <line num="190" count="2" type="stmt"/>
        <line num="193" count="2" type="stmt"/>
        <line num="194" count="2" type="stmt"/>
        <line num="195" count="2" type="stmt"/>
        <line num="198" count="4" type="stmt"/>
        <line num="201" count="37" type="stmt"/>
        <line num="202" count="37" type="stmt"/>
        <line num="203" count="37" type="stmt"/>
        <line num="207" count="1" type="cond" truecount="1" falsecount="1"/>
        <line num="208" count="1" type="stmt"/>
        <line num="212" count="14" type="stmt"/>
        <line num="217" count="4" type="stmt"/>
        <line num="218" count="4" type="stmt"/>
        <line num="219" count="9" type="stmt"/>
        <line num="220" count="9" type="cond" truecount="4" falsecount="0"/>
        <line num="221" count="7" type="stmt"/>
        <line num="223" count="2" type="stmt"/>
        <line num="226" count="2" type="stmt"/>
        <line num="227" count="2" type="cond" truecount="1" falsecount="1"/>
        <line num="228" count="2" type="stmt"/>
        <line num="229" count="2" type="stmt"/>
        <line num="231" count="0" type="stmt"/>
        <line num="242" count="2" type="stmt"/>
        <line num="243" count="2" type="stmt"/>
        <line num="244" count="2" type="stmt"/>
        <line num="245" count="4" type="cond" truecount="3" falsecount="1"/>
        <line num="246" count="4" type="stmt"/>
        <line num="248" count="0" type="stmt"/>
        <line num="251" count="2" type="stmt"/>
        <line num="252" count="2" type="stmt"/>
        <line num="263" count="2" type="stmt"/>
        <line num="264" count="2" type="cond" truecount="4" falsecount="0"/>
        <line num="265" count="1" type="stmt"/>
        <line num="267" count="2" type="stmt"/>
        <line num="268" count="2" type="stmt"/>
        <line num="276" count="1" type="stmt"/>
        <line num="278" count="14" type="stmt"/>
        <line num="284" count="14" type="cond" truecount="1" falsecount="1"/>
        <line num="285" count="14" type="stmt"/>
        <line num="289" count="14" type="stmt"/>
        <line num="290" count="14" type="stmt"/>
        <line num="293" count="14" type="cond" truecount="1" falsecount="1"/>
        <line num="294" count="14" type="stmt"/>
        <line num="295" count="14" type="stmt"/>
        <line num="296" count="41" type="stmt"/>
        <line num="298" count="14" type="stmt"/>
        <line num="302" count="14" type="stmt"/>
        <line num="303" count="14" type="stmt"/>
        <line num="304" count="14" type="stmt"/>
        <line num="308" count="14" type="cond" truecount="1" falsecount="1"/>
        <line num="309" count="14" type="stmt"/>
        <line num="310" count="14" type="stmt"/>
        <line num="313" count="14" type="stmt"/>
        <line num="318" count="14" type="cond" truecount="2" falsecount="0"/>
        <line num="319" count="1" type="stmt"/>
        <line num="320" count="1" type="stmt"/>
        <line num="327" count="1" type="stmt"/>
        <line num="330" count="14" type="cond" truecount="1" falsecount="1"/>
        <line num="331" count="0" type="stmt"/>
        <line num="332" count="0" type="stmt"/>
        <line num="339" count="0" type="stmt"/>
        <line num="342" count="14" type="stmt"/>
        <line num="346" count="17" type="stmt"/>
        <line num="348" count="17" type="stmt"/>
        <line num="349" count="17" type="stmt"/>
        <line num="350" count="17" type="stmt"/>
        <line num="352" count="17" type="stmt"/>
        <line num="353" count="17" type="stmt"/>
        <line num="354" count="17" type="stmt"/>
        <line num="355" count="17" type="stmt"/>
        <line num="357" count="17" type="stmt"/>
        <line num="358" count="17" type="stmt"/>
        <line num="360" count="17" type="cond" truecount="2" falsecount="0"/>
        <line num="361" count="1" type="stmt"/>
        <line num="362" count="1" type="stmt"/>
        <line num="365" count="16" type="stmt"/>
        <line num="367" count="16" type="cond" truecount="2" falsecount="0"/>
        <line num="368" count="2" type="stmt"/>
        <line num="369" count="2" type="cond" truecount="2" falsecount="0"/>
        <line num="370" count="1" type="stmt"/>
        <line num="372" count="2" type="stmt"/>
        <line num="373" count="2" type="stmt"/>
        <line num="376" count="14" type="cond" truecount="1" falsecount="1"/>
        <line num="377" count="14" type="stmt"/>
        <line num="378" count="14" type="cond" truecount="2" falsecount="0"/>
        <line num="379" count="13" type="stmt"/>
        <line num="387" count="14" type="stmt"/>
        <line num="388" count="14" type="stmt"/>
        <line num="391" count="14" type="stmt"/>
        <line num="394" count="14" type="stmt"/>
      </file>
      <file name="proxy.ts" path="/Users/uzochukwuamara/Code/SearchAtlas/searchatlas-mcp-server/src/proxy.ts">
        <metrics statements="32" coveredstatements="32" conditionals="12" coveredconditionals="11" methods="11" coveredmethods="11"/>
        <line num="45" count="11" type="stmt"/>
        <line num="46" count="11" type="stmt"/>
        <line num="58" count="33" type="cond" truecount="2" falsecount="0"/>
        <line num="60" count="33" type="cond" truecount="2" falsecount="0"/>
        <line num="61" count="23" type="stmt"/>
        <line num="62" count="7" type="stmt"/>
        <line num="64" count="23" type="stmt"/>
        <line num="65" count="34" type="stmt"/>
        <line num="69" count="33" type="cond" truecount="2" falsecount="0"/>
        <line num="70" count="10" type="stmt"/>
        <line num="71" count="2" type="stmt"/>
        <line num="73" count="10" type="stmt"/>
        <line num="74" count="2" type="stmt"/>
        <line num="78" count="33" type="cond" truecount="2" falsecount="0"/>
        <line num="79" count="8" type="stmt"/>
        <line num="80" count="2" type="stmt"/>
        <line num="82" count="8" type="stmt"/>
        <line num="83" count="2" type="stmt"/>
        <line num="85" count="8" type="stmt"/>
        <line num="86" count="2" type="stmt"/>
        <line num="90" count="33" type="cond" truecount="2" falsecount="0"/>
        <line num="91" count="6" type="stmt"/>
        <line num="92" count="2" type="stmt"/>
        <line num="108" count="2" type="stmt"/>
        <line num="113" count="2" type="stmt"/>
        <line num="114" count="2" type="stmt"/>
        <line num="118" count="2" type="cond" truecount="1" falsecount="1"/>
        <line num="119" count="2" type="stmt"/>
        <line num="124" count="2" type="stmt"/>
        <line num="126" count="2" type="stmt"/>
        <line num="127" count="2" type="stmt"/>
        <line num="129" count="2" type="stmt"/>
      </file>
    </package>
    <package name="src.utils">
      <metrics statements="45" coveredstatements="45" conditionals="36" coveredconditionals="35" methods="6" coveredmethods="6"/>
      <file name="auth.ts" path="/Users/uzochukwuamara/Code/SearchAtlas/searchatlas-mcp-server/src/utils/auth.ts">
        <metrics statements="6" coveredstatements="6" conditionals="4" coveredconditionals="4" methods="1" coveredmethods="1"/>
        <line num="9" count="16" type="stmt"/>
        <line num="13" count="16" type="cond" truecount="2" falsecount="0"/>
        <line num="14" count="10" type="stmt"/>
        <line num="15" count="6" type="cond" truecount="2" falsecount="0"/>
        <line num="16" count="4" type="stmt"/>
        <line num="19" count="16" type="stmt"/>
      </file>
      <file name="errors.ts" path="/Users/uzochukwuamara/Code/SearchAtlas/searchatlas-mcp-server/src/utils/errors.ts">
        <metrics statements="11" coveredstatements="11" conditionals="5" coveredconditionals="5" methods="3" coveredmethods="3"/>
        <line num="8" count="6" type="stmt"/>
        <line num="9" count="6" type="stmt"/>
        <line num="11" count="6" type="stmt"/>
        <line num="12" count="6" type="stmt"/>
        <line num="22" count="3" type="stmt"/>
        <line num="23" count="3" type="stmt"/>
        <line num="29" count="7" type="cond" truecount="2" falsecount="0"/>
        <line num="30" count="2" type="stmt"/>
        <line num="32" count="5" type="cond" truecount="2" falsecount="0"/>
        <line num="33" count="1" type="stmt"/>
        <line num="35" count="4" type="stmt"/>
      </file>
      <file name="token.ts" path="/Users/uzochukwuamara/Code/SearchAtlas/searchatlas-mcp-server/src/utils/token.ts">
        <metrics statements="28" coveredstatements="28" conditionals="27" coveredconditionals="26" methods="2" coveredmethods="2"/>
        <line num="26" count="77" type="cond" truecount="2" falsecount="0"/>
        <line num="28" count="60" type="stmt"/>
        <line num="31" count="60" type="cond" truecount="2" falsecount="0"/>
        <line num="35" count="5" type="stmt"/>
        <line num="39" count="60" type="cond" truecount="5" falsecount="0"/>
        <line num="40" count="5" type="stmt"/>
        <line num="43" count="55" type="stmt"/>
        <line num="51" count="39" type="stmt"/>
        <line num="53" count="39" type="cond" truecount="2" falsecount="0"/>
        <line num="54" count="1" type="stmt"/>
        <line num="58" count="38" type="stmt"/>
        <line num="59" count="38" type="cond" truecount="2" falsecount="0"/>
        <line num="60" count="4" type="stmt"/>
        <line num="64" count="34" type="stmt"/>
        <line num="65" count="34" type="stmt"/>
        <line num="68" count="34" type="stmt"/>
        <line num="69" count="34" type="stmt"/>
        <line num="71" count="34" type="stmt"/>
        <line num="74" count="34" type="cond" truecount="1" falsecount="1"/>
        <line num="75" count="39" type="cond" truecount="4" falsecount="0"/>
        <line num="76" count="33" type="stmt"/>
        <line num="80" count="33" type="cond" truecount="2" falsecount="0"/>
        <line num="81" count="31" type="stmt"/>
        <line num="82" count="31" type="stmt"/>
        <line num="84" count="31" type="cond" truecount="2" falsecount="0"/>
        <line num="85" count="3" type="stmt"/>
        <line num="95" count="30" type="stmt"/>
        <line num="97" count="1" type="stmt"/>
      </file>
    </package>
  </project>
</coverage>
