{"/Users/uzochukwuamara/Code/SearchAtlas/searchatlas-mcp-server/src/check.ts": {"path":"/Users/uzochukwuamara/Code/SearchAtlas/searchatlas-mcp-server/src/check.ts","statementMap":{"0":{"start":{"line":22,"column":13},"end":{"line":22,"column":null}},"1":{"start":{"line":23,"column":13},"end":{"line":23,"column":null}},"2":{"start":{"line":26,"column":2},"end":{"line":26,"column":null}},"3":{"start":{"line":30,"column":2},"end":{"line":30,"column":null}},"4":{"start":{"line":31,"column":2},"end":{"line":31,"column":null}},"5":{"start":{"line":31,"column":11},"end":{"line":31,"column":null}},"6":{"start":{"line":36,"column":17},"end":{"line":39,"column":null}},"7":{"start":{"line":40,"column":8},"end":{"line":40,"column":null}},"8":{"start":{"line":41,"column":2},"end":{"line":41,"column":null}},"9":{"start":{"line":42,"column":2},"end":{"line":47,"column":null}},"10":{"start":{"line":43,"column":22},"end":{"line":43,"column":null}},"11":{"start":{"line":44,"column":4},"end":{"line":44,"column":null}},"12":{"start":{"line":46,"column":4},"end":{"line":46,"column":null}},"13":{"start":{"line":51,"column":2},"end":{"line":51,"column":null}},"14":{"start":{"line":54,"column":18},"end":{"line":54,"column":null}},"15":{"start":{"line":57,"column":8},"end":{"line":57,"column":null}},"16":{"start":{"line":58,"column":8},"end":{"line":58,"column":null}},"17":{"start":{"line":59,"column":22},"end":{"line":59,"column":null}},"18":{"start":{"line":60,"column":20},"end":{"line":60,"column":null}},"19":{"start":{"line":62,"column":2},"end":{"line":74,"column":null}},"20":{"start":{"line":63,"column":4},"end":{"line":63,"column":null}},"21":{"start":{"line":64,"column":2},"end":{"line":74,"column":null}},"22":{"start":{"line":65,"column":4},"end":{"line":65,"column":null}},"23":{"start":{"line":66,"column":2},"end":{"line":74,"column":null}},"24":{"start":{"line":67,"column":4},"end":{"line":67,"column":null}},"25":{"start":{"line":69,"column":4},"end":{"line":72,"column":null}},"26":{"start":{"line":73,"column":4},"end":{"line":73,"column":null}},"27":{"start":{"line":77,"column":2},"end":{"line":87,"column":null}},"28":{"start":{"line":78,"column":4},"end":{"line":78,"column":null}},"29":{"start":{"line":79,"column":4},"end":{"line":79,"column":null}},"30":{"start":{"line":81,"column":4},"end":{"line":84,"column":null}},"31":{"start":{"line":85,"column":4},"end":{"line":85,"column":null}},"32":{"start":{"line":86,"column":4},"end":{"line":86,"column":null}},"33":{"start":{"line":90,"column":2},"end":{"line":110,"column":null}},"34":{"start":{"line":91,"column":10},"end":{"line":91,"column":null}},"35":{"start":{"line":92,"column":4},"end":{"line":107,"column":null}},"36":{"start":{"line":93,"column":16},"end":{"line":93,"column":null}},"37":{"start":{"line":94,"column":6},"end":{"line":99,"column":null}},"38":{"start":{"line":95,"column":25},"end":{"line":97,"column":null}},"39":{"start":{"line":98,"column":8},"end":{"line":98,"column":null}},"40":{"start":{"line":100,"column":6},"end":{"line":102,"column":null}},"41":{"start":{"line":101,"column":8},"end":{"line":101,"column":null}},"42":{"start":{"line":103,"column":6},"end":{"line":103,"column":null}},"43":{"start":{"line":105,"column":6},"end":{"line":105,"column":null}},"44":{"start":{"line":106,"column":6},"end":{"line":106,"column":null}},"45":{"start":{"line":108,"column":2},"end":{"line":110,"column":null}},"46":{"start":{"line":109,"column":4},"end":{"line":109,"column":null}},"47":{"start":{"line":113,"column":2},"end":{"line":128,"column":null}},"48":{"start":{"line":114,"column":26},"end":{"line":114,"column":null}},"49":{"start":{"line":115,"column":4},"end":{"line":115,"column":null}},"50":{"start":{"line":117,"column":16},"end":{"line":117,"column":null}},"51":{"start":{"line":119,"column":4},"end":{"line":126,"column":null}},"52":{"start":{"line":120,"column":6},"end":{"line":123,"column":null}},"53":{"start":{"line":125,"column":6},"end":{"line":125,"column":null}},"54":{"start":{"line":127,"column":4},"end":{"line":127,"column":null}},"55":{"start":{"line":130,"column":2},"end":{"line":130,"column":null}},"56":{"start":{"line":134,"column":2},"end":{"line":134,"column":null}},"57":{"start":{"line":135,"column":2},"end":{"line":140,"column":null}},"58":{"start":{"line":136,"column":4},"end":{"line":136,"column":null}},"59":{"start":{"line":138,"column":4},"end":{"line":138,"column":null}},"60":{"start":{"line":139,"column":4},"end":{"line":139,"column":null}}},"fnMap":{"0":{"name":"pass","decl":{"start":{"line":25,"column":9},"end":{"line":25,"column":14}},"loc":{"start":{"line":25,"column":33},"end":{"line":27,"column":null}},"line":25},"1":{"name":"fail","decl":{"start":{"line":29,"column":9},"end":{"line":29,"column":14}},"loc":{"start":{"line":29,"column":47},"end":{"line":32,"column":null}},"line":29},"2":{"name":"probeRemoteMcp","decl":{"start":{"line":35,"column":15},"end":{"line":35,"column":30}},"loc":{"start":{"line":35,"column":78},"end":{"line":48,"column":null}},"line":35},"3":{"name":"(anonymous_3)","decl":{"start":{"line":46,"column":31},"end":{"line":46,"column":37}},"loc":{"start":{"line":46,"column":37},"end":{"line":46,"column":58}},"line":46},"4":{"name":"runCheck","decl":{"start":{"line":50,"column":22},"end":{"line":50,"column":48}},"loc":{"start":{"line":50,"column":48},"end":{"line":131,"column":null}},"line":50},"5":{"name":"printResult","decl":{"start":{"line":133,"column":9},"end":{"line":133,"column":21}},"loc":{"start":{"line":133,"column":47},"end":{"line":141,"column":null}},"line":133}},"branchMap":{"0":{"loc":{"start":{"line":31,"column":2},"end":{"line":31,"column":null}},"type":"if","locations":[{"start":{"line":31,"column":2},"end":{"line":31,"column":null}},{"start":{},"end":{}}],"line":31},"1":{"loc":{"start":{"line":62,"column":2},"end":{"line":74,"column":null}},"type":"if","locations":[{"start":{"line":62,"column":2},"end":{"line":74,"column":null}},{"start":{"line":64,"column":2},"end":{"line":74,"column":null}}],"line":62},"2":{"loc":{"start":{"line":64,"column":2},"end":{"line":74,"column":null}},"type":"if","locations":[{"start":{"line":64,"column":2},"end":{"line":74,"column":null}},{"start":{"line":66,"column":2},"end":{"line":74,"column":null}}],"line":64},"3":{"loc":{"start":{"line":66,"column":2},"end":{"line":74,"column":null}},"type":"if","locations":[{"start":{"line":66,"column":2},"end":{"line":74,"column":null}},{"start":{"line":68,"column":9},"end":{"line":74,"column":null}}],"line":66},"4":{"loc":{"start":{"line":83,"column":6},"end":{"line":83,"column":null}},"type":"cond-expr","locations":[{"start":{"line":83,"column":29},"end":{"line":83,"column":58}},{"start":{"line":83,"column":58},"end":{"line":83,"column":null}}],"line":83},"5":{"loc":{"start":{"line":90,"column":2},"end":{"line":110,"column":null}},"type":"if","locations":[{"start":{"line":90,"column":2},"end":{"line":110,"column":null}},{"start":{"line":108,"column":2},"end":{"line":110,"column":null}}],"line":90},"6":{"loc":{"start":{"line":92,"column":4},"end":{"line":107,"column":null}},"type":"if","locations":[{"start":{"line":92,"column":4},"end":{"line":107,"column":null}},{"start":{"line":104,"column":11},"end":{"line":107,"column":null}}],"line":92},"7":{"loc":{"start":{"line":94,"column":6},"end":{"line":99,"column":null}},"type":"if","locations":[{"start":{"line":94,"column":6},"end":{"line":99,"column":null}},{"start":{},"end":{}}],"line":94},"8":{"loc":{"start":{"line":98,"column":46},"end":{"line":98,"column":71}},"type":"cond-expr","locations":[{"start":{"line":98,"column":63},"end":{"line":98,"column":69}},{"start":{"line":98,"column":69},"end":{"line":98,"column":71}}],"line":98},"9":{"loc":{"start":{"line":100,"column":6},"end":{"line":102,"column":null}},"type":"if","locations":[{"start":{"line":100,"column":6},"end":{"line":102,"column":null}},{"start":{},"end":{}}],"line":100},"10":{"loc":{"start":{"line":108,"column":2},"end":{"line":110,"column":null}},"type":"if","locations":[{"start":{"line":108,"column":2},"end":{"line":110,"column":null}},{"start":{},"end":{}}],"line":108},"11":{"loc":{"start":{"line":115,"column":55},"end":{"line":115,"column":81}},"type":"cond-expr","locations":[{"start":{"line":115,"column":73},"end":{"line":115,"column":78}},{"start":{"line":115,"column":78},"end":{"line":115,"column":81}}],"line":115},"12":{"loc":{"start":{"line":117,"column":16},"end":{"line":117,"column":null}},"type":"cond-expr","locations":[{"start":{"line":117,"column":39},"end":{"line":117,"column":53}},{"start":{"line":117,"column":53},"end":{"line":117,"column":null}}],"line":117},"13":{"loc":{"start":{"line":119,"column":4},"end":{"line":126,"column":null}},"type":"if","locations":[{"start":{"line":119,"column":4},"end":{"line":126,"column":null}},{"start":{"line":124,"column":11},"end":{"line":126,"column":null}}],"line":119},"14":{"loc":{"start":{"line":135,"column":2},"end":{"line":140,"column":null}},"type":"if","locations":[{"start":{"line":135,"column":2},"end":{"line":140,"column":null}},{"start":{"line":137,"column":9},"end":{"line":140,"column":null}}],"line":135}},"s":{"0":1,"1":1,"2":52,"3":8,"4":8,"5":8,"6":14,"7":14,"8":14,"9":10,"10":10,"11":10,"12":10,"13":16,"14":16,"15":16,"16":16,"17":16,"18":16,"19":16,"20":13,"21":3,"22":1,"23":2,"24":1,"25":1,"26":1,"27":16,"28":16,"29":16,"30":2,"31":2,"32":2,"33":14,"34":13,"35":13,"36":12,"37":12,"38":11,"39":11,"40":12,"41":12,"42":12,"43":1,"44":1,"45":1,"46":1,"47":14,"48":14,"49":10,"50":4,"51":4,"52":2,"53":2,"54":4,"55":14,"56":16,"57":16,"58":8,"59":8,"60":8},"f":{"0":52,"1":8,"2":14,"3":1,"4":16,"5":16},"b":{"0":[8,0],"1":[13,3],"2":[1,2],"3":[1,1],"4":[1,1],"5":[13,1],"6":[12,1],"7":[11,1],"8":[10,1],"9":[12,0],"10":[1,0],"11":[1,9],"12":[3,1],"13":[2,2],"14":[8,8]},"meta":{"lastBranch":15,"lastFunction":6,"lastStatement":61,"seen":{"s:22:13:22:Infinity":0,"s:23:13:23:Infinity":1,"f:25:9:25:14":0,"s:26:2:26:Infinity":2,"f:29:9:29:14":1,"s:30:2:30:Infinity":3,"b:31:2:31:Infinity:undefined:undefined:undefined:undefined":0,"s:31:2:31:Infinity":4,"s:31:11:31:Infinity":5,"f:35:15:35:30":2,"s:36:17:39:Infinity":6,"s:40:8:40:Infinity":7,"s:41:2:41:Infinity":8,"s:42:2:47:Infinity":9,"s:43:22:43:Infinity":10,"s:44:4:44:Infinity":11,"s:46:4:46:Infinity":12,"f:46:31:46:37":3,"f:50:22:50:48":4,"s:51:2:51:Infinity":13,"s:54:18:54:Infinity":14,"s:57:8:57:Infinity":15,"s:58:8:58:Infinity":16,"s:59:22:59:Infinity":17,"s:60:20:60:Infinity":18,"b:62:2:74:Infinity:64:2:74:Infinity":1,"s:62:2:74:Infinity":19,"s:63:4:63:Infinity":20,"b:64:2:74:Infinity:66:2:74:Infinity":2,"s:64:2:74:Infinity":21,"s:65:4:65:Infinity":22,"b:66:2:74:Infinity:68:9:74:Infinity":3,"s:66:2:74:Infinity":23,"s:67:4:67:Infinity":24,"s:69:4:72:Infinity":25,"s:73:4:73:Infinity":26,"s:77:2:87:Infinity":27,"s:78:4:78:Infinity":28,"s:79:4:79:Infinity":29,"s:81:4:84:Infinity":30,"b:83:29:83:58:83:58:83:Infinity":4,"s:85:4:85:Infinity":31,"s:86:4:86:Infinity":32,"b:90:2:110:Infinity:108:2:110:Infinity":5,"s:90:2:110:Infinity":33,"s:91:10:91:Infinity":34,"b:92:4:107:Infinity:104:11:107:Infinity":6,"s:92:4:107:Infinity":35,"s:93:16:93:Infinity":36,"b:94:6:99:Infinity:undefined:undefined:undefined:undefined":7,"s:94:6:99:Infinity":37,"s:95:25:97:Infinity":38,"s:98:8:98:Infinity":39,"b:98:63:98:69:98:69:98:71":8,"b:100:6:102:Infinity:undefined:undefined:undefined:undefined":9,"s:100:6:102:Infinity":40,"s:101:8:101:Infinity":41,"s:103:6:103:Infinity":42,"s:105:6:105:Infinity":43,"s:106:6:106:Infinity":44,"b:108:2:110:Infinity:undefined:undefined:undefined:undefined":10,"s:108:2:110:Infinity":45,"s:109:4:109:Infinity":46,"s:113:2:128:Infinity":47,"s:114:26:114:Infinity":48,"s:115:4:115:Infinity":49,"b:115:73:115:78:115:78:115:81":11,"s:117:16:117:Infinity":50,"b:117:39:117:53:117:53:117:Infinity":12,"b:119:4:126:Infinity:124:11:126:Infinity":13,"s:119:4:126:Infinity":51,"s:120:6:123:Infinity":52,"s:125:6:125:Infinity":53,"s:127:4:127:Infinity":54,"s:130:2:130:Infinity":55,"f:133:9:133:21":5,"s:134:2:134:Infinity":56,"b:135:2:140:Infinity:137:9:140:Infinity":14,"s:135:2:140:Infinity":57,"s:136:4:136:Infinity":58,"s:138:4:138:Infinity":59,"s:139:4:139:Infinity":60}}}
,"/Users/uzochukwuamara/Code/SearchAtlas/searchatlas-mcp-server/src/config.ts": {"path":"/Users/uzochukwuamara/Code/SearchAtlas/searchatlas-mcp-server/src/config.ts","statementMap":{"0":{"start":{"line":26,"column":2},"end":{"line":63,"column":null}},"1":{"start":{"line":27,"column":10},"end":{"line":27,"column":null}},"2":{"start":{"line":31,"column":4},"end":{"line":46,"column":null}},"3":{"start":{"line":32,"column":12},"end":{"line":32,"column":null}},"4":{"start":{"line":33,"column":6},"end":{"line":45,"column":null}},"5":{"start":{"line":34,"column":8},"end":{"line":44,"column":null}},"6":{"start":{"line":35,"column":10},"end":{"line":35,"column":null}},"7":{"start":{"line":36,"column":10},"end":{"line":38,"column":null}},"8":{"start":{"line":40,"column":10},"end":{"line":43,"column":null}},"9":{"start":{"line":48,"column":10},"end":{"line":48,"column":null}},"10":{"start":{"line":49,"column":41},"end":{"line":49,"column":null}},"11":{"start":{"line":50,"column":4},"end":{"line":59,"column":null}},"12":{"start":{"line":51,"column":22},"end":{"line":51,"column":null}},"13":{"start":{"line":52,"column":6},"end":{"line":52,"column":null}},"14":{"start":{"line":52,"column":47},"end":{"line":52,"column":null}},"15":{"start":{"line":53,"column":20},"end":{"line":53,"column":null}},"16":{"start":{"line":54,"column":6},"end":{"line":58,"column":null}},"17":{"start":{"line":55,"column":20},"end":{"line":55,"column":null}},"18":{"start":{"line":56,"column":20},"end":{"line":56,"column":null}},"19":{"start":{"line":57,"column":8},"end":{"line":57,"column":null}},"20":{"start":{"line":60,"column":4},"end":{"line":60,"column":null}},"21":{"start":{"line":62,"column":4},"end":{"line":62,"column":null}},"22":{"start":{"line":66,"column":24},"end":{"line":66,"column":null}},"23":{"start":{"line":73,"column":18},"end":{"line":73,"column":null}},"24":{"start":{"line":75,"column":20},"end":{"line":78,"column":null}},"25":{"start":{"line":80,"column":2},"end":{"line":107,"column":null}},"26":{"start":{"line":81,"column":19},"end":{"line":81,"column":null}},"27":{"start":{"line":82,"column":4},"end":{"line":84,"column":null}},"28":{"start":{"line":83,"column":6},"end":{"line":83,"column":null}},"29":{"start":{"line":85,"column":17},"end":{"line":85,"column":null}},"30":{"start":{"line":87,"column":4},"end":{"line":89,"column":null}},"31":{"start":{"line":88,"column":6},"end":{"line":88,"column":null}},"32":{"start":{"line":90,"column":4},"end":{"line":92,"column":null}},"33":{"start":{"line":91,"column":6},"end":{"line":91,"column":null}},"34":{"start":{"line":94,"column":4},"end":{"line":101,"column":null}},"35":{"start":{"line":95,"column":6},"end":{"line":97,"column":null}},"36":{"start":{"line":96,"column":8},"end":{"line":96,"column":null}},"37":{"start":{"line":98,"column":6},"end":{"line":100,"column":null}},"38":{"start":{"line":103,"column":4},"end":{"line":105,"column":null}},"39":{"start":{"line":104,"column":6},"end":{"line":104,"column":null}},"40":{"start":{"line":106,"column":4},"end":{"line":106,"column":null}},"41":{"start":{"line":108,"column":2},"end":{"line":110,"column":null}},"42":{"start":{"line":114,"column":13},"end":{"line":114,"column":null}},"43":{"start":{"line":117,"column":4},"end":{"line":117,"column":null}},"44":{"start":{"line":118,"column":17},"end":{"line":118,"column":null}},"45":{"start":{"line":121,"column":8},"end":{"line":121,"column":null}},"46":{"start":{"line":122,"column":8},"end":{"line":122,"column":null}},"47":{"start":{"line":124,"column":2},"end":{"line":133,"column":null}},"48":{"start":{"line":125,"column":4},"end":{"line":132,"column":null}},"49":{"start":{"line":135,"column":2},"end":{"line":135,"column":null}}},"fnMap":{"0":{"name":"loadRcFile","decl":{"start":{"line":25,"column":9},"end":{"line":25,"column":46}},"loc":{"start":{"line":25,"column":46},"end":{"line":64,"column":null}},"line":25},"1":{"name":"validateApiUrl","decl":{"start":{"line":72,"column":9},"end":{"line":72,"column":24}},"loc":{"start":{"line":72,"column":45},"end":{"line":111,"column":null}},"line":72},"2":{"name":"loadConfig","decl":{"start":{"line":113,"column":16},"end":{"line":113,"column":37}},"loc":{"start":{"line":113,"column":37},"end":{"line":136,"column":null}},"line":113}},"branchMap":{"0":{"loc":{"start":{"line":33,"column":6},"end":{"line":45,"column":null}},"type":"if","locations":[{"start":{"line":33,"column":6},"end":{"line":45,"column":null}},{"start":{},"end":{}}],"line":33},"1":{"loc":{"start":{"line":33,"column":10},"end":{"line":33,"column":66}},"type":"binary-expr","locations":[{"start":{"line":33,"column":10},"end":{"line":33,"column":42}},{"start":{"line":33,"column":29},"end":{"line":33,"column":66}}],"line":33},"2":{"loc":{"start":{"line":52,"column":6},"end":{"line":52,"column":null}},"type":"if","locations":[{"start":{"line":52,"column":6},"end":{"line":52,"column":null}},{"start":{},"end":{}}],"line":52},"3":{"loc":{"start":{"line":52,"column":10},"end":{"line":52,"column":47}},"type":"binary-expr","locations":[{"start":{"line":52,"column":10},"end":{"line":52,"column":22}},{"start":{"line":52,"column":22},"end":{"line":52,"column":47}}],"line":52},"4":{"loc":{"start":{"line":54,"column":6},"end":{"line":58,"column":null}},"type":"if","locations":[{"start":{"line":54,"column":6},"end":{"line":58,"column":null}},{"start":{},"end":{}}],"line":54},"5":{"loc":{"start":{"line":75,"column":20},"end":{"line":78,"column":null}},"type":"cond-expr","locations":[{"start":{"line":77,"column":6},"end":{"line":77,"column":null}},{"start":{"line":78,"column":6},"end":{"line":78,"column":null}}],"line":75},"6":{"loc":{"start":{"line":75,"column":20},"end":{"line":76,"column":null}},"type":"binary-expr","locations":[{"start":{"line":75,"column":20},"end":{"line":75,"column":47}},{"start":{"line":75,"column":47},"end":{"line":75,"column":null}},{"start":{"line":76,"column":20},"end":{"line":76,"column":47}},{"start":{"line":76,"column":47},"end":{"line":76,"column":null}}],"line":75},"7":{"loc":{"start":{"line":82,"column":4},"end":{"line":84,"column":null}},"type":"if","locations":[{"start":{"line":82,"column":4},"end":{"line":84,"column":null}},{"start":{},"end":{}}],"line":82},"8":{"loc":{"start":{"line":82,"column":8},"end":{"line":82,"column":69}},"type":"binary-expr","locations":[{"start":{"line":82,"column":8},"end":{"line":82,"column":40}},{"start":{"line":82,"column":40},"end":{"line":82,"column":69}}],"line":82},"9":{"loc":{"start":{"line":87,"column":4},"end":{"line":89,"column":null}},"type":"if","locations":[{"start":{"line":87,"column":4},"end":{"line":89,"column":null}},{"start":{},"end":{}}],"line":87},"10":{"loc":{"start":{"line":90,"column":4},"end":{"line":92,"column":null}},"type":"if","locations":[{"start":{"line":90,"column":4},"end":{"line":92,"column":null}},{"start":{},"end":{}}],"line":90},"11":{"loc":{"start":{"line":90,"column":8},"end":{"line":90,"column":73}},"type":"binary-expr","locations":[{"start":{"line":90,"column":8},"end":{"line":90,"column":38}},{"start":{"line":90,"column":38},"end":{"line":90,"column":73}}],"line":90},"12":{"loc":{"start":{"line":94,"column":4},"end":{"line":101,"column":null}},"type":"if","locations":[{"start":{"line":94,"column":4},"end":{"line":101,"column":null}},{"start":{},"end":{}}],"line":94},"13":{"loc":{"start":{"line":94,"column":8},"end":{"line":94,"column":54}},"type":"binary-expr","locations":[{"start":{"line":94,"column":8},"end":{"line":94,"column":32}},{"start":{"line":94,"column":32},"end":{"line":94,"column":54}}],"line":94},"14":{"loc":{"start":{"line":95,"column":6},"end":{"line":97,"column":null}},"type":"if","locations":[{"start":{"line":95,"column":6},"end":{"line":97,"column":null}},{"start":{},"end":{}}],"line":95},"15":{"loc":{"start":{"line":103,"column":4},"end":{"line":105,"column":null}},"type":"if","locations":[{"start":{"line":103,"column":4},"end":{"line":105,"column":null}},{"start":{},"end":{}}],"line":103},"16":{"loc":{"start":{"line":117,"column":4},"end":{"line":117,"column":null}},"type":"binary-expr","locations":[{"start":{"line":117,"column":4},"end":{"line":117,"column":39}},{"start":{"line":117,"column":39},"end":{"line":117,"column":65}},{"start":{"line":117,"column":65},"end":{"line":117,"column":null}}],"line":117},"17":{"loc":{"start":{"line":121,"column":8},"end":{"line":121,"column":null}},"type":"binary-expr","locations":[{"start":{"line":121,"column":8},"end":{"line":121,"column":88}},{"start":{"line":121,"column":88},"end":{"line":121,"column":null}}],"line":121},"18":{"loc":{"start":{"line":121,"column":30},"end":{"line":121,"column":83}},"type":"binary-expr","locations":[{"start":{"line":121,"column":30},"end":{"line":121,"column":63}},{"start":{"line":121,"column":63},"end":{"line":121,"column":83}}],"line":121},"19":{"loc":{"start":{"line":122,"column":8},"end":{"line":122,"column":null}},"type":"binary-expr","locations":[{"start":{"line":122,"column":8},"end":{"line":122,"column":93}},{"start":{"line":122,"column":93},"end":{"line":122,"column":null}}],"line":122},"20":{"loc":{"start":{"line":122,"column":31},"end":{"line":122,"column":88}},"type":"binary-expr","locations":[{"start":{"line":122,"column":31},"end":{"line":122,"column":66}},{"start":{"line":122,"column":66},"end":{"line":122,"column":88}}],"line":122},"21":{"loc":{"start":{"line":124,"column":2},"end":{"line":133,"column":null}},"type":"if","locations":[{"start":{"line":124,"column":2},"end":{"line":133,"column":null}},{"start":{},"end":{}}],"line":124},"22":{"loc":{"start":{"line":124,"column":6},"end":{"line":124,"column":25}},"type":"binary-expr","locations":[{"start":{"line":124,"column":6},"end":{"line":124,"column":17}},{"start":{"line":124,"column":17},"end":{"line":124,"column":25}}],"line":124}},"s":{"0":15,"1":15,"2":15,"3":15,"4":15,"5":3,"6":3,"7":3,"8":2,"9":15,"10":15,"11":15,"12":19,"13":19,"14":10,"15":9,"16":9,"17":9,"18":9,"19":9,"20":8,"21":7,"22":1,"23":15,"24":15,"25":15,"26":15,"27":15,"28":0,"29":15,"30":15,"31":0,"32":15,"33":12,"34":3,"35":2,"36":1,"37":1,"38":1,"39":0,"40":1,"41":1,"42":15,"43":15,"44":15,"45":15,"46":15,"47":15,"48":2,"49":11},"f":{"0":15,"1":15,"2":15},"b":{"0":[3,12],"1":[15,3],"2":[10,9],"3":[19,10],"4":[9,0],"5":[0,15],"6":[15,0,15,0],"7":[0,15],"8":[15,2],"9":[0,15],"10":[12,3],"11":[15,15],"12":[2,1],"13":[3,1],"14":[1,1],"15":[0,1],"16":[15,11,10],"17":[15,3],"18":[15,9],"19":[15,12],"20":[15,12],"21":[2,13],"22":[15,12]},"meta":{"lastBranch":23,"lastFunction":3,"lastStatement":50,"seen":{"f:25:9:25:46":0,"s:26:2:63:Infinity":0,"s:27:10:27:Infinity":1,"s:31:4:46:Infinity":2,"s:32:12:32:Infinity":3,"b:33:6:45:Infinity:undefined:undefined:undefined:undefined":0,"s:33:6:45:Infinity":4,"b:33:10:33:42:33:29:33:66":1,"s:34:8:44:Infinity":5,"s:35:10:35:Infinity":6,"s:36:10:38:Infinity":7,"s:40:10:43:Infinity":8,"s:48:10:48:Infinity":9,"s:49:41:49:Infinity":10,"s:50:4:59:Infinity":11,"s:51:22:51:Infinity":12,"b:52:6:52:Infinity:undefined:undefined:undefined:undefined":2,"s:52:6:52:Infinity":13,"b:52:10:52:22:52:22:52:47":3,"s:52:47:52:Infinity":14,"s:53:20:53:Infinity":15,"b:54:6:58:Infinity:undefined:undefined:undefined:undefined":4,"s:54:6:58:Infinity":16,"s:55:20:55:Infinity":17,"s:56:20:56:Infinity":18,"s:57:8:57:Infinity":19,"s:60:4:60:Infinity":20,"s:62:4:62:Infinity":21,"s:66:24:66:Infinity":22,"f:72:9:72:24":1,"s:73:18:73:Infinity":23,"s:75:20:78:Infinity":24,"b:77:6:77:Infinity:78:6:78:Infinity":5,"b:75:20:75:47:75:47:75:Infinity:76:20:76:47:76:47:76:Infinity":6,"s:80:2:107:Infinity":25,"s:81:19:81:Infinity":26,"b:82:4:84:Infinity:undefined:undefined:undefined:undefined":7,"s:82:4:84:Infinity":27,"b:82:8:82:40:82:40:82:69":8,"s:83:6:83:Infinity":28,"s:85:17:85:Infinity":29,"b:87:4:89:Infinity:undefined:undefined:undefined:undefined":9,"s:87:4:89:Infinity":30,"s:88:6:88:Infinity":31,"b:90:4:92:Infinity:undefined:undefined:undefined:undefined":10,"s:90:4:92:Infinity":32,"b:90:8:90:38:90:38:90:73":11,"s:91:6:91:Infinity":33,"b:94:4:101:Infinity:undefined:undefined:undefined:undefined":12,"s:94:4:101:Infinity":34,"b:94:8:94:32:94:32:94:54":13,"b:95:6:97:Infinity:undefined:undefined:undefined:undefined":14,"s:95:6:97:Infinity":35,"s:96:8:96:Infinity":36,"s:98:6:100:Infinity":37,"b:103:4:105:Infinity:undefined:undefined:undefined:undefined":15,"s:103:4:105:Infinity":38,"s:104:6:104:Infinity":39,"s:106:4:106:Infinity":40,"s:108:2:110:Infinity":41,"f:113:16:113:37":2,"s:114:13:114:Infinity":42,"s:117:4:117:Infinity":43,"b:117:4:117:39:117:39:117:65:117:65:117:Infinity":16,"s:118:17:118:Infinity":44,"s:121:8:121:Infinity":45,"b:121:8:121:88:121:88:121:Infinity":17,"b:121:30:121:63:121:63:121:83":18,"s:122:8:122:Infinity":46,"b:122:8:122:93:122:93:122:Infinity":19,"b:122:31:122:66:122:66:122:88":20,"b:124:2:133:Infinity:undefined:undefined:undefined:undefined":21,"s:124:2:133:Infinity":47,"b:124:6:124:17:124:17:124:25":22,"s:125:4:132:Infinity":48,"s:135:2:135:Infinity":49}}}
,"/Users/uzochukwuamara/Code/SearchAtlas/searchatlas-mcp-server/src/login.ts": {"path":"/Users/uzochukwuamara/Code/SearchAtlas/searchatlas-mcp-server/src/login.ts","statementMap":{"0":{"start":{"line":15,"column":21},"end":{"line":15,"column":null}},"1":{"start":{"line":17,"column":6},"end":{"line":17,"column":null}},"2":{"start":{"line":18,"column":18},"end":{"line":18,"column":null}},"3":{"start":{"line":22,"column":4},"end":{"line":26,"column":null}},"4":{"start":{"line":28,"column":15},"end":{"line":28,"column":null}},"5":{"start":{"line":30,"column":8},"end":{"line":30,"column":null}},"6":{"start":{"line":31,"column":2},"end":{"line":31,"column":null}},"7":{"start":{"line":32,"column":2},"end":{"line":36,"column":null}},"8":{"start":{"line":33,"column":4},"end":{"line":35,"column":null}},"9":{"start":{"line":44,"column":18},"end":{"line":44,"column":null}},"10":{"start":{"line":45,"column":2},"end":{"line":45,"column":null}},"11":{"start":{"line":45,"column":16},"end":{"line":45,"column":null}},"12":{"start":{"line":46,"column":2},"end":{"line":46,"column":null}},"13":{"start":{"line":46,"column":28},"end":{"line":46,"column":null}},"14":{"start":{"line":47,"column":2},"end":{"line":47,"column":null}},"15":{"start":{"line":47,"column":35},"end":{"line":47,"column":null}},"16":{"start":{"line":48,"column":2},"end":{"line":48,"column":null}},"17":{"start":{"line":48,"column":28},"end":{"line":48,"column":null}},"18":{"start":{"line":49,"column":2},"end":{"line":49,"column":null}},"19":{"start":{"line":55,"column":19},"end":{"line":55,"column":null}},"20":{"start":{"line":56,"column":2},"end":{"line":58,"column":null}},"21":{"start":{"line":57,"column":4},"end":{"line":57,"column":null}},"22":{"start":{"line":59,"column":2},"end":{"line":59,"column":null}},"23":{"start":{"line":63,"column":2},"end":{"line":74,"column":null}},"24":{"start":{"line":66,"column":10},"end":{"line":69,"column":null}},"25":{"start":{"line":70,"column":4},"end":{"line":70,"column":null}},"26":{"start":{"line":70,"column":61},"end":{"line":70,"column":null}},"27":{"start":{"line":71,"column":4},"end":{"line":71,"column":null}},"28":{"start":{"line":73,"column":4},"end":{"line":73,"column":null}},"29":{"start":{"line":78,"column":26},"end":{"line":78,"column":null}},"30":{"start":{"line":80,"column":2},"end":{"line":87,"column":null}},"31":{"start":{"line":81,"column":10},"end":{"line":81,"column":null}},"32":{"start":{"line":82,"column":4},"end":{"line":86,"column":null}},"33":{"start":{"line":83,"column":22},"end":{"line":83,"column":null}},"34":{"start":{"line":84,"column":6},"end":{"line":84,"column":null}},"35":{"start":{"line":84,"column":52},"end":{"line":84,"column":null}},"36":{"start":{"line":85,"column":6},"end":{"line":85,"column":null}},"37":{"start":{"line":85,"column":19},"end":{"line":85,"column":null}},"38":{"start":{"line":89,"column":2},"end":{"line":89,"column":null}},"39":{"start":{"line":90,"column":2},"end":{"line":90,"column":null}},"40":{"start":{"line":95,"column":19},"end":{"line":95,"column":null}},"41":{"start":{"line":96,"column":21},"end":{"line":96,"column":null}},"42":{"start":{"line":97,"column":14},"end":{"line":97,"column":null}},"43":{"start":{"line":98,"column":21},"end":{"line":100,"column":null}},"44":{"start":{"line":101,"column":27},"end":{"line":101,"column":null}},"45":{"start":{"line":103,"column":2},"end":{"line":105,"column":null}},"46":{"start":{"line":104,"column":4},"end":{"line":104,"column":null}},"47":{"start":{"line":107,"column":2},"end":{"line":109,"column":null}},"48":{"start":{"line":108,"column":4},"end":{"line":108,"column":null}},"49":{"start":{"line":112,"column":8},"end":{"line":112,"column":null}},"50":{"start":{"line":113,"column":23},"end":{"line":113,"column":null}},"51":{"start":{"line":114,"column":2},"end":{"line":116,"column":null}},"52":{"start":{"line":115,"column":4},"end":{"line":115,"column":null}},"53":{"start":{"line":118,"column":2},"end":{"line":118,"column":null}},"54":{"start":{"line":127,"column":28},"end":{"line":127,"column":null}},"55":{"start":{"line":128,"column":28},"end":{"line":128,"column":null}},"56":{"start":{"line":129,"column":8},"end":{"line":129,"column":null}},"57":{"start":{"line":132,"column":27},"end":{"line":140,"column":null}},"58":{"start":{"line":150,"column":7},"end":{"line":177,"column":null}},"59":{"start":{"line":179,"column":2},"end":{"line":210,"column":null}},"60":{"start":{"line":180,"column":4},"end":{"line":209,"column":null}},"61":{"start":{"line":181,"column":6},"end":{"line":204,"column":null}},"62":{"start":{"line":183,"column":25},"end":{"line":183,"column":null}},"63":{"start":{"line":184,"column":26},"end":{"line":184,"column":null}},"64":{"start":{"line":186,"column":8},"end":{"line":196,"column":null}},"65":{"start":{"line":188,"column":10},"end":{"line":188,"column":null}},"66":{"start":{"line":189,"column":10},"end":{"line":189,"column":null}},"67":{"start":{"line":190,"column":10},"end":{"line":190,"column":null}},"68":{"start":{"line":193,"column":10},"end":{"line":193,"column":null}},"69":{"start":{"line":194,"column":10},"end":{"line":194,"column":null}},"70":{"start":{"line":195,"column":10},"end":{"line":195,"column":null}},"71":{"start":{"line":198,"column":8},"end":{"line":198,"column":null}},"72":{"start":{"line":198,"column":14},"end":{"line":198,"column":45}},"73":{"start":{"line":201,"column":8},"end":{"line":201,"column":null}},"74":{"start":{"line":202,"column":8},"end":{"line":202,"column":null}},"75":{"start":{"line":203,"column":8},"end":{"line":203,"column":null}},"76":{"start":{"line":207,"column":18},"end":{"line":207,"column":null}},"77":{"start":{"line":208,"column":6},"end":{"line":208,"column":null}},"78":{"start":{"line":212,"column":2},"end":{"line":212,"column":null}},"79":{"start":{"line":217,"column":41},"end":{"line":217,"column":null}},"80":{"start":{"line":218,"column":2},"end":{"line":225,"column":null}},"81":{"start":{"line":218,"column":15},"end":{"line":218,"column":18}},"82":{"start":{"line":219,"column":16},"end":{"line":219,"column":null}},"83":{"start":{"line":220,"column":4},"end":{"line":224,"column":null}},"84":{"start":{"line":221,"column":6},"end":{"line":221,"column":null}},"85":{"start":{"line":223,"column":6},"end":{"line":223,"column":null}},"86":{"start":{"line":226,"column":18},"end":{"line":226,"column":null}},"87":{"start":{"line":227,"column":2},"end":{"line":230,"column":null}},"88":{"start":{"line":228,"column":4},"end":{"line":228,"column":null}},"89":{"start":{"line":229,"column":4},"end":{"line":229,"column":null}},"90":{"start":{"line":231,"column":2},"end":{"line":231,"column":null}},"91":{"start":{"line":242,"column":21},"end":{"line":242,"column":null}},"92":{"start":{"line":243,"column":41},"end":{"line":243,"column":null}},"93":{"start":{"line":244,"column":2},"end":{"line":250,"column":null}},"94":{"start":{"line":245,"column":4},"end":{"line":249,"column":null}},"95":{"start":{"line":246,"column":6},"end":{"line":246,"column":null}},"96":{"start":{"line":248,"column":6},"end":{"line":248,"column":null}},"97":{"start":{"line":251,"column":2},"end":{"line":251,"column":null}},"98":{"start":{"line":252,"column":2},"end":{"line":252,"column":null}},"99":{"start":{"line":263,"column":18},"end":{"line":263,"column":null}},"100":{"start":{"line":264,"column":2},"end":{"line":266,"column":null}},"101":{"start":{"line":265,"column":4},"end":{"line":265,"column":null}},"102":{"start":{"line":267,"column":15},"end":{"line":267,"column":null}},"103":{"start":{"line":268,"column":2},"end":{"line":272,"column":null}},"104":{"start":{"line":276,"column":2},"end":{"line":279,"column":null}},"105":{"start":{"line":278,"column":16},"end":{"line":278,"column":24}},"106":{"start":{"line":284,"column":2},"end":{"line":284,"column":null}},"107":{"start":{"line":284,"column":25},"end":{"line":284,"column":null}},"108":{"start":{"line":285,"column":2},"end":{"line":285,"column":null}},"109":{"start":{"line":289,"column":28},"end":{"line":289,"column":null}},"110":{"start":{"line":290,"column":17},"end":{"line":290,"column":null}},"111":{"start":{"line":293,"column":2},"end":{"line":299,"column":null}},"112":{"start":{"line":294,"column":4},"end":{"line":294,"column":null}},"113":{"start":{"line":295,"column":4},"end":{"line":297,"column":null}},"114":{"start":{"line":296,"column":6},"end":{"line":296,"column":null}},"115":{"start":{"line":298,"column":4},"end":{"line":298,"column":null}},"116":{"start":{"line":302,"column":17},"end":{"line":302,"column":null}},"117":{"start":{"line":303,"column":20},"end":{"line":303,"column":null}},"118":{"start":{"line":304,"column":27},"end":{"line":304,"column":null}},"119":{"start":{"line":308,"column":17},"end":{"line":308,"column":null}},"120":{"start":{"line":309,"column":2},"end":{"line":309,"column":null}},"121":{"start":{"line":310,"column":2},"end":{"line":312,"column":null}},"122":{"start":{"line":313,"column":2},"end":{"line":316,"column":null}},"123":{"start":{"line":318,"column":2},"end":{"line":328,"column":null}},"124":{"start":{"line":319,"column":4},"end":{"line":319,"column":null}},"125":{"start":{"line":320,"column":4},"end":{"line":326,"column":null}},"126":{"start":{"line":327,"column":4},"end":{"line":327,"column":null}},"127":{"start":{"line":330,"column":2},"end":{"line":340,"column":null}},"128":{"start":{"line":331,"column":4},"end":{"line":331,"column":null}},"129":{"start":{"line":332,"column":4},"end":{"line":338,"column":null}},"130":{"start":{"line":339,"column":4},"end":{"line":339,"column":null}},"131":{"start":{"line":342,"column":2},"end":{"line":342,"column":null}},"132":{"start":{"line":346,"column":8},"end":{"line":346,"column":null}},"133":{"start":{"line":348,"column":2},"end":{"line":348,"column":null}},"134":{"start":{"line":349,"column":2},"end":{"line":349,"column":null}},"135":{"start":{"line":350,"column":2},"end":{"line":350,"column":null}},"136":{"start":{"line":352,"column":2},"end":{"line":352,"column":null}},"137":{"start":{"line":353,"column":2},"end":{"line":353,"column":null}},"138":{"start":{"line":354,"column":2},"end":{"line":354,"column":null}},"139":{"start":{"line":355,"column":2},"end":{"line":355,"column":null}},"140":{"start":{"line":357,"column":8},"end":{"line":357,"column":null}},"141":{"start":{"line":358,"column":2},"end":{"line":358,"column":null}},"142":{"start":{"line":360,"column":2},"end":{"line":363,"column":null}},"143":{"start":{"line":361,"column":4},"end":{"line":361,"column":null}},"144":{"start":{"line":362,"column":4},"end":{"line":362,"column":null}},"145":{"start":{"line":365,"column":8},"end":{"line":365,"column":null}},"146":{"start":{"line":367,"column":2},"end":{"line":374,"column":null}},"147":{"start":{"line":368,"column":4},"end":{"line":368,"column":null}},"148":{"start":{"line":369,"column":4},"end":{"line":371,"column":null}},"149":{"start":{"line":370,"column":6},"end":{"line":370,"column":null}},"150":{"start":{"line":372,"column":4},"end":{"line":372,"column":null}},"151":{"start":{"line":373,"column":4},"end":{"line":373,"column":null}},"152":{"start":{"line":376,"column":2},"end":{"line":384,"column":null}},"153":{"start":{"line":377,"column":10},"end":{"line":377,"column":null}},"154":{"start":{"line":378,"column":4},"end":{"line":383,"column":null}},"155":{"start":{"line":379,"column":6},"end":{"line":382,"column":null}},"156":{"start":{"line":387,"column":2},"end":{"line":387,"column":null}},"157":{"start":{"line":388,"column":2},"end":{"line":388,"column":null}},"158":{"start":{"line":391,"column":23},"end":{"line":391,"column":null}},"159":{"start":{"line":394,"column":2},"end":{"line":394,"column":null}}},"fnMap":{"0":{"name":"openBrowser","decl":{"start":{"line":20,"column":9},"end":{"line":20,"column":21}},"loc":{"start":{"line":20,"column":40},"end":{"line":37,"column":null}},"line":20},"1":{"name":"(anonymous_1)","decl":{"start":{"line":32,"column":20},"end":{"line":32,"column":26}},"loc":{"start":{"line":32,"column":26},"end":{"line":36,"column":3}},"line":32},"2":{"name":"validateResolvedPath","decl":{"start":{"line":43,"column":9},"end":{"line":43,"column":30}},"loc":{"start":{"line":43,"column":56},"end":{"line":50,"column":null}},"line":43},"3":{"name":"resolveNodePath","decl":{"start":{"line":52,"column":9},"end":{"line":52,"column":35}},"loc":{"start":{"line":52,"column":35},"end":{"line":60,"column":null}},"line":52},"4":{"name":"resolveGlobalRoot","decl":{"start":{"line":62,"column":9},"end":{"line":62,"column":44}},"loc":{"start":{"line":62,"column":44},"end":{"line":75,"column":null}},"line":62},"5":{"name":"saveToken","decl":{"start":{"line":77,"column":9},"end":{"line":77,"column":19}},"loc":{"start":{"line":77,"column":40},"end":{"line":91,"column":null}},"line":77},"6":{"name":"resolveGuiConfig","decl":{"start":{"line":94,"column":9},"end":{"line":94,"column":65}},"loc":{"start":{"line":94,"column":65},"end":{"line":119,"column":null}},"line":94},"7":{"name":"autoUpdateConfigs","decl":{"start":{"line":126,"column":9},"end":{"line":126,"column":27}},"loc":{"start":{"line":126,"column":52},"end":{"line":213,"column":null}},"line":126},"8":{"name":"setNestedToken","decl":{"start":{"line":216,"column":9},"end":{"line":216,"column":24}},"loc":{"start":{"line":216,"column":94},"end":{"line":232,"column":null}},"line":216},"9":{"name":"updateCommandAndArgs","decl":{"start":{"line":235,"column":9},"end":{"line":235,"column":null}},"loc":{"start":{"line":240,"column":8},"end":{"line":253,"column":null}},"line":240},"10":{"name":"mergeSearchatlasEntry","decl":{"start":{"line":256,"column":9},"end":{"line":256,"column":null}},"loc":{"start":{"line":262,"column":8},"end":{"line":273,"column":null}},"line":262},"11":{"name":"indent","decl":{"start":{"line":275,"column":9},"end":{"line":275,"column":16}},"loc":{"start":{"line":275,"column":38},"end":{"line":280,"column":null}},"line":275},"12":{"name":"(anonymous_12)","decl":{"start":{"line":278,"column":9},"end":{"line":278,"column":10}},"loc":{"start":{"line":278,"column":16},"end":{"line":278,"column":24}},"line":278},"13":{"name":"maskToken","decl":{"start":{"line":283,"column":9},"end":{"line":283,"column":19}},"loc":{"start":{"line":283,"column":42},"end":{"line":286,"column":null}},"line":283},"14":{"name":"printConfigSnippets","decl":{"start":{"line":288,"column":9},"end":{"line":288,"column":29}},"loc":{"start":{"line":288,"column":74},"end":{"line":343,"column":null}},"line":288},"15":{"name":"runLogin","decl":{"start":{"line":345,"column":22},"end":{"line":345,"column":48}},"loc":{"start":{"line":345,"column":48},"end":{"line":395,"column":null}},"line":345}},"branchMap":{"0":{"loc":{"start":{"line":22,"column":4},"end":{"line":26,"column":null}},"type":"cond-expr","locations":[{"start":{"line":23,"column":8},"end":{"line":23,"column":null}},{"start":{"line":24,"column":8},"end":{"line":26,"column":null}}],"line":22},"1":{"loc":{"start":{"line":24,"column":8},"end":{"line":26,"column":null}},"type":"cond-expr","locations":[{"start":{"line":25,"column":10},"end":{"line":25,"column":null}},{"start":{"line":26,"column":10},"end":{"line":26,"column":null}}],"line":24},"2":{"loc":{"start":{"line":28,"column":15},"end":{"line":28,"column":null}},"type":"cond-expr","locations":[{"start":{"line":28,"column":46},"end":{"line":28,"column":58}},{"start":{"line":28,"column":58},"end":{"line":28,"column":null}}],"line":28},"3":{"loc":{"start":{"line":45,"column":2},"end":{"line":45,"column":null}},"type":"if","locations":[{"start":{"line":45,"column":2},"end":{"line":45,"column":null}},{"start":{},"end":{}}],"line":45},"4":{"loc":{"start":{"line":46,"column":2},"end":{"line":46,"column":null}},"type":"if","locations":[{"start":{"line":46,"column":2},"end":{"line":46,"column":null}},{"start":{},"end":{}}],"line":46},"5":{"loc":{"start":{"line":47,"column":2},"end":{"line":47,"column":null}},"type":"if","locations":[{"start":{"line":47,"column":2},"end":{"line":47,"column":null}},{"start":{},"end":{}}],"line":47},"6":{"loc":{"start":{"line":48,"column":2},"end":{"line":48,"column":null}},"type":"if","locations":[{"start":{"line":48,"column":2},"end":{"line":48,"column":null}},{"start":{},"end":{}}],"line":48},"7":{"loc":{"start":{"line":56,"column":2},"end":{"line":58,"column":null}},"type":"if","locations":[{"start":{"line":56,"column":2},"end":{"line":58,"column":null}},{"start":{},"end":{}}],"line":56},"8":{"loc":{"start":{"line":56,"column":6},"end":{"line":56,"column":71}},"type":"binary-expr","locations":[{"start":{"line":56,"column":6},"end":{"line":56,"column":18}},{"start":{"line":56,"column":6},"end":{"line":56,"column":42}},{"start":{"line":56,"column":42},"end":{"line":56,"column":71}}],"line":56},"9":{"loc":{"start":{"line":70,"column":4},"end":{"line":70,"column":null}},"type":"if","locations":[{"start":{"line":70,"column":4},"end":{"line":70,"column":null}},{"start":{},"end":{}}],"line":70},"10":{"loc":{"start":{"line":70,"column":8},"end":{"line":70,"column":61}},"type":"binary-expr","locations":[{"start":{"line":70,"column":8},"end":{"line":70,"column":16}},{"start":{"line":70,"column":16},"end":{"line":70,"column":36}},{"start":{"line":70,"column":36},"end":{"line":70,"column":61}}],"line":70},"11":{"loc":{"start":{"line":80,"column":2},"end":{"line":87,"column":null}},"type":"if","locations":[{"start":{"line":80,"column":2},"end":{"line":87,"column":null}},{"start":{},"end":{}}],"line":80},"12":{"loc":{"start":{"line":84,"column":6},"end":{"line":84,"column":null}},"type":"if","locations":[{"start":{"line":84,"column":6},"end":{"line":84,"column":null}},{"start":{},"end":{}}],"line":84},"13":{"loc":{"start":{"line":85,"column":6},"end":{"line":85,"column":null}},"type":"if","locations":[{"start":{"line":85,"column":6},"end":{"line":85,"column":null}},{"start":{},"end":{}}],"line":85},"14":{"loc":{"start":{"line":97,"column":14},"end":{"line":97,"column":null}},"type":"cond-expr","locations":[{"start":{"line":97,"column":45},"end":{"line":97,"column":52}},{"start":{"line":97,"column":52},"end":{"line":97,"column":null}}],"line":97},"15":{"loc":{"start":{"line":98,"column":21},"end":{"line":100,"column":null}},"type":"cond-expr","locations":[{"start":{"line":99,"column":6},"end":{"line":99,"column":null}},{"start":{"line":100,"column":6},"end":{"line":100,"column":null}}],"line":98},"16":{"loc":{"start":{"line":101,"column":27},"end":{"line":101,"column":null}},"type":"binary-expr","locations":[{"start":{"line":101,"column":27},"end":{"line":101,"column":41}},{"start":{"line":101,"column":27},"end":{"line":101,"column":null}}],"line":101},"17":{"loc":{"start":{"line":103,"column":2},"end":{"line":105,"column":null}},"type":"if","locations":[{"start":{"line":103,"column":2},"end":{"line":105,"column":null}},{"start":{},"end":{}}],"line":103},"18":{"loc":{"start":{"line":107,"column":2},"end":{"line":109,"column":null}},"type":"if","locations":[{"start":{"line":107,"column":2},"end":{"line":109,"column":null}},{"start":{},"end":{}}],"line":107},"19":{"loc":{"start":{"line":114,"column":2},"end":{"line":116,"column":null}},"type":"if","locations":[{"start":{"line":114,"column":2},"end":{"line":116,"column":null}},{"start":{},"end":{}}],"line":114},"20":{"loc":{"start":{"line":114,"column":2},"end":{"line":114,"column":90}},"type":"binary-expr","locations":[{"start":{"line":114,"column":2},"end":{"line":114,"column":29}},{"start":{"line":114,"column":29},"end":{"line":114,"column":64}},{"start":{"line":114,"column":59},"end":{"line":114,"column":90}}],"line":114},"21":{"loc":{"start":{"line":163,"column":12},"end":{"line":165,"column":null}},"type":"cond-expr","locations":[{"start":{"line":163,"column":33},"end":{"line":164,"column":null}},{"start":{"line":164,"column":81},"end":{"line":165,"column":null}}],"line":163},"22":{"loc":{"start":{"line":181,"column":6},"end":{"line":204,"column":null}},"type":"if","locations":[{"start":{"line":181,"column":6},"end":{"line":204,"column":null}},{"start":{"line":199,"column":13},"end":{"line":204,"column":null}}],"line":181},"23":{"loc":{"start":{"line":186,"column":8},"end":{"line":196,"column":null}},"type":"if","locations":[{"start":{"line":186,"column":8},"end":{"line":196,"column":null}},{"start":{"line":191,"column":15},"end":{"line":196,"column":null}}],"line":186},"24":{"loc":{"start":{"line":207,"column":18},"end":{"line":207,"column":null}},"type":"cond-expr","locations":[{"start":{"line":207,"column":41},"end":{"line":207,"column":55}},{"start":{"line":207,"column":55},"end":{"line":207,"column":null}}],"line":207},"25":{"loc":{"start":{"line":220,"column":4},"end":{"line":224,"column":null}},"type":"if","locations":[{"start":{"line":220,"column":4},"end":{"line":224,"column":null}},{"start":{"line":222,"column":11},"end":{"line":224,"column":null}}],"line":220},"26":{"loc":{"start":{"line":220,"column":8},"end":{"line":220,"column":58}},"type":"binary-expr","locations":[{"start":{"line":220,"column":8},"end":{"line":220,"column":24}},{"start":{"line":220,"column":24},"end":{"line":220,"column":58}}],"line":220},"27":{"loc":{"start":{"line":227,"column":2},"end":{"line":230,"column":null}},"type":"if","locations":[{"start":{"line":227,"column":2},"end":{"line":230,"column":null}},{"start":{},"end":{}}],"line":227},"28":{"loc":{"start":{"line":245,"column":4},"end":{"line":249,"column":null}},"type":"if","locations":[{"start":{"line":245,"column":4},"end":{"line":249,"column":null}},{"start":{"line":247,"column":11},"end":{"line":249,"column":null}}],"line":245},"29":{"loc":{"start":{"line":245,"column":8},"end":{"line":245,"column":58}},"type":"binary-expr","locations":[{"start":{"line":245,"column":8},"end":{"line":245,"column":24}},{"start":{"line":245,"column":24},"end":{"line":245,"column":58}}],"line":245},"30":{"loc":{"start":{"line":264,"column":2},"end":{"line":266,"column":null}},"type":"if","locations":[{"start":{"line":264,"column":2},"end":{"line":266,"column":null}},{"start":{},"end":{}}],"line":264},"31":{"loc":{"start":{"line":264,"column":6},"end":{"line":264,"column":57}},"type":"binary-expr","locations":[{"start":{"line":264,"column":6},"end":{"line":264,"column":23}},{"start":{"line":264,"column":23},"end":{"line":264,"column":57}}],"line":264},"32":{"loc":{"start":{"line":284,"column":2},"end":{"line":284,"column":null}},"type":"if","locations":[{"start":{"line":284,"column":2},"end":{"line":284,"column":null}},{"start":{},"end":{}}],"line":284},"33":{"loc":{"start":{"line":293,"column":2},"end":{"line":299,"column":null}},"type":"if","locations":[{"start":{"line":293,"column":2},"end":{"line":299,"column":null}},{"start":{},"end":{}}],"line":293},"34":{"loc":{"start":{"line":308,"column":17},"end":{"line":308,"column":null}},"type":"cond-expr","locations":[{"start":{"line":308,"column":48},"end":{"line":308,"column":60}},{"start":{"line":308,"column":60},"end":{"line":308,"column":null}}],"line":308},"35":{"loc":{"start":{"line":318,"column":2},"end":{"line":328,"column":null}},"type":"if","locations":[{"start":{"line":318,"column":2},"end":{"line":328,"column":null}},{"start":{},"end":{}}],"line":318},"36":{"loc":{"start":{"line":330,"column":2},"end":{"line":340,"column":null}},"type":"if","locations":[{"start":{"line":330,"column":2},"end":{"line":340,"column":null}},{"start":{},"end":{}}],"line":330},"37":{"loc":{"start":{"line":360,"column":2},"end":{"line":363,"column":null}},"type":"if","locations":[{"start":{"line":360,"column":2},"end":{"line":363,"column":null}},{"start":{},"end":{}}],"line":360},"38":{"loc":{"start":{"line":367,"column":2},"end":{"line":374,"column":null}},"type":"if","locations":[{"start":{"line":367,"column":2},"end":{"line":374,"column":null}},{"start":{},"end":{}}],"line":367},"39":{"loc":{"start":{"line":369,"column":4},"end":{"line":371,"column":null}},"type":"if","locations":[{"start":{"line":369,"column":4},"end":{"line":371,"column":null}},{"start":{},"end":{}}],"line":369},"40":{"loc":{"start":{"line":376,"column":2},"end":{"line":384,"column":null}},"type":"if","locations":[{"start":{"line":376,"column":2},"end":{"line":384,"column":null}},{"start":{},"end":{}}],"line":376},"41":{"loc":{"start":{"line":378,"column":4},"end":{"line":383,"column":null}},"type":"if","locations":[{"start":{"line":378,"column":4},"end":{"line":383,"column":null}},{"start":{},"end":{}}],"line":378}},"s":{"0":1,"1":1,"2":1,"3":17,"4":17,"5":17,"6":17,"7":17,"8":1,"9":0,"10":0,"11":0,"12":0,"13":0,"14":0,"15":0,"16":0,"17":0,"18":0,"19":28,"20":28,"21":28,"22":0,"23":28,"24":28,"25":28,"26":0,"27":26,"28":2,"29":14,"30":14,"31":1,"32":1,"33":3,"34":3,"35":1,"36":2,"37":1,"38":14,"39":14,"40":28,"41":28,"42":28,"43":28,"44":28,"45":28,"46":0,"47":28,"48":0,"49":28,"50":28,"51":28,"52":0,"53":28,"54":14,"55":14,"56":14,"57":14,"58":14,"59":14,"60":42,"61":42,"62":5,"63":5,"64":5,"65":2,"66":2,"67":2,"68":2,"69":2,"70":2,"71":4,"72":4,"73":37,"74":37,"75":37,"76":1,"77":1,"78":14,"79":4,"80":4,"81":4,"82":9,"83":9,"84":7,"85":2,"86":2,"87":2,"88":2,"89":2,"90":0,"91":2,"92":2,"93":2,"94":4,"95":4,"96":0,"97":2,"98":2,"99":2,"100":2,"101":1,"102":2,"103":2,"104":1,"105":14,"106":14,"107":0,"108":14,"109":14,"110":14,"111":14,"112":14,"113":14,"114":41,"115":14,"116":14,"117":14,"118":14,"119":14,"120":14,"121":14,"122":14,"123":14,"124":1,"125":1,"126":1,"127":14,"128":0,"129":0,"130":0,"131":14,"132":17,"133":17,"134":17,"135":17,"136":17,"137":17,"138":17,"139":17,"140":17,"141":17,"142":17,"143":1,"144":1,"145":16,"146":16,"147":2,"148":2,"149":1,"150":2,"151":2,"152":14,"153":14,"154":14,"155":13,"156":14,"157":14,"158":14,"159":14},"f":{"0":17,"1":1,"2":0,"3":28,"4":28,"5":14,"6":28,"7":14,"8":4,"9":2,"10":2,"11":1,"12":14,"13":14,"14":14,"15":17},"b":{"0":[17,0],"1":[0,0],"2":[0,17],"3":[0,0],"4":[0,0],"5":[0,0],"6":[0,0],"7":[28,0],"8":[28,28,28],"9":[0,28],"10":[28,26,26],"11":[1,13],"12":[1,2],"13":[1,1],"14":[0,28],"15":[26,2],"16":[28,26],"17":[0,28],"18":[0,28],"19":[0,28],"20":[28,28,28],"21":[0,14],"22":[5,37],"23":[2,2],"24":[1,0],"25":[7,2],"26":[9,7],"27":[2,0],"28":[4,0],"29":[4,4],"30":[1,1],"31":[2,1],"32":[0,14],"33":[14,0],"34":[0,14],"35":[1,13],"36":[0,14],"37":[1,16],"38":[2,14],"39":[1,1],"40":[14,0],"41":[13,1]},"meta":{"lastBranch":42,"lastFunction":16,"lastStatement":160,"seen":{"s:15:21:15:Infinity":0,"s:17:6:17:Infinity":1,"s:18:18:18:Infinity":2,"f:20:9:20:21":0,"s:22:4:26:Infinity":3,"b:23:8:23:Infinity:24:8:26:Infinity":0,"b:25:10:25:Infinity:26:10:26:Infinity":1,"s:28:15:28:Infinity":4,"b:28:46:28:58:28:58:28:Infinity":2,"s:30:8:30:Infinity":5,"s:31:2:31:Infinity":6,"s:32:2:36:Infinity":7,"f:32:20:32:26":1,"s:33:4:35:Infinity":8,"f:43:9:43:30":2,"s:44:18:44:Infinity":9,"b:45:2:45:Infinity:undefined:undefined:undefined:undefined":3,"s:45:2:45:Infinity":10,"s:45:16:45:Infinity":11,"b:46:2:46:Infinity:undefined:undefined:undefined:undefined":4,"s:46:2:46:Infinity":12,"s:46:28:46:Infinity":13,"b:47:2:47:Infinity:undefined:undefined:undefined:undefined":5,"s:47:2:47:Infinity":14,"s:47:35:47:Infinity":15,"b:48:2:48:Infinity:undefined:undefined:undefined:undefined":6,"s:48:2:48:Infinity":16,"s:48:28:48:Infinity":17,"s:49:2:49:Infinity":18,"f:52:9:52:35":3,"s:55:19:55:Infinity":19,"b:56:2:58:Infinity:undefined:undefined:undefined:undefined":7,"s:56:2:58:Infinity":20,"b:56:6:56:18:56:6:56:42:56:42:56:71":8,"s:57:4:57:Infinity":21,"s:59:2:59:Infinity":22,"f:62:9:62:44":4,"s:63:2:74:Infinity":23,"s:66:10:69:Infinity":24,"b:70:4:70:Infinity:undefined:undefined:undefined:undefined":9,"s:70:4:70:Infinity":25,"b:70:8:70:16:70:16:70:36:70:36:70:61":10,"s:70:61:70:Infinity":26,"s:71:4:71:Infinity":27,"s:73:4:73:Infinity":28,"f:77:9:77:19":5,"s:78:26:78:Infinity":29,"b:80:2:87:Infinity:undefined:undefined:undefined:undefined":11,"s:80:2:87:Infinity":30,"s:81:10:81:Infinity":31,"s:82:4:86:Infinity":32,"s:83:22:83:Infinity":33,"b:84:6:84:Infinity:undefined:undefined:undefined:undefined":12,"s:84:6:84:Infinity":34,"s:84:52:84:Infinity":35,"b:85:6:85:Infinity:undefined:undefined:undefined:undefined":13,"s:85:6:85:Infinity":36,"s:85:19:85:Infinity":37,"s:89:2:89:Infinity":38,"s:90:2:90:Infinity":39,"f:94:9:94:65":6,"s:95:19:95:Infinity":40,"s:96:21:96:Infinity":41,"s:97:14:97:Infinity":42,"b:97:45:97:52:97:52:97:Infinity":14,"s:98:21:100:Infinity":43,"b:99:6:99:Infinity:100:6:100:Infinity":15,"s:101:27:101:Infinity":44,"b:101:27:101:41:101:27:101:Infinity":16,"b:103:2:105:Infinity:undefined:undefined:undefined:undefined":17,"s:103:2:105:Infinity":45,"s:104:4:104:Infinity":46,"b:107:2:109:Infinity:undefined:undefined:undefined:undefined":18,"s:107:2:109:Infinity":47,"s:108:4:108:Infinity":48,"s:112:8:112:Infinity":49,"s:113:23:113:Infinity":50,"b:114:2:116:Infinity:undefined:undefined:undefined:undefined":19,"s:114:2:116:Infinity":51,"b:114:2:114:29:114:29:114:64:114:59:114:90":20,"s:115:4:115:Infinity":52,"s:118:2:118:Infinity":53,"f:126:9:126:27":7,"s:127:28:127:Infinity":54,"s:128:28:128:Infinity":55,"s:129:8:129:Infinity":56,"s:132:27:140:Infinity":57,"s:150:7:177:Infinity":58,"b:163:33:164:Infinity:164:81:165:Infinity":21,"s:179:2:210:Infinity":59,"s:180:4:209:Infinity":60,"b:181:6:204:Infinity:199:13:204:Infinity":22,"s:181:6:204:Infinity":61,"s:183:25:183:Infinity":62,"s:184:26:184:Infinity":63,"b:186:8:196:Infinity:191:15:196:Infinity":23,"s:186:8:196:Infinity":64,"s:188:10:188:Infinity":65,"s:189:10:189:Infinity":66,"s:190:10:190:Infinity":67,"s:193:10:193:Infinity":68,"s:194:10:194:Infinity":69,"s:195:10:195:Infinity":70,"s:198:8:198:Infinity":71,"s:198:14:198:45":72,"s:201:8:201:Infinity":73,"s:202:8:202:Infinity":74,"s:203:8:203:Infinity":75,"s:207:18:207:Infinity":76,"b:207:41:207:55:207:55:207:Infinity":24,"s:208:6:208:Infinity":77,"s:212:2:212:Infinity":78,"f:216:9:216:24":8,"s:217:41:217:Infinity":79,"s:218:2:225:Infinity":80,"s:218:15:218:18":81,"s:219:16:219:Infinity":82,"b:220:4:224:Infinity:222:11:224:Infinity":25,"s:220:4:224:Infinity":83,"b:220:8:220:24:220:24:220:58":26,"s:221:6:221:Infinity":84,"s:223:6:223:Infinity":85,"s:226:18:226:Infinity":86,"b:227:2:230:Infinity:undefined:undefined:undefined:undefined":27,"s:227:2:230:Infinity":87,"s:228:4:228:Infinity":88,"s:229:4:229:Infinity":89,"s:231:2:231:Infinity":90,"f:235:9:235:Infinity":9,"s:242:21:242:Infinity":91,"s:243:41:243:Infinity":92,"s:244:2:250:Infinity":93,"b:245:4:249:Infinity:247:11:249:Infinity":28,"s:245:4:249:Infinity":94,"b:245:8:245:24:245:24:245:58":29,"s:246:6:246:Infinity":95,"s:248:6:248:Infinity":96,"s:251:2:251:Infinity":97,"s:252:2:252:Infinity":98,"f:256:9:256:Infinity":10,"s:263:18:263:Infinity":99,"b:264:2:266:Infinity:undefined:undefined:undefined:undefined":30,"s:264:2:266:Infinity":100,"b:264:6:264:23:264:23:264:57":31,"s:265:4:265:Infinity":101,"s:267:15:267:Infinity":102,"s:268:2:272:Infinity":103,"f:275:9:275:16":11,"s:276:2:279:Infinity":104,"f:278:9:278:10":12,"s:278:16:278:24":105,"f:283:9:283:19":13,"b:284:2:284:Infinity:undefined:undefined:undefined:undefined":32,"s:284:2:284:Infinity":106,"s:284:25:284:Infinity":107,"s:285:2:285:Infinity":108,"f:288:9:288:29":14,"s:289:28:289:Infinity":109,"s:290:17:290:Infinity":110,"b:293:2:299:Infinity:undefined:undefined:undefined:undefined":33,"s:293:2:299:Infinity":111,"s:294:4:294:Infinity":112,"s:295:4:297:Infinity":113,"s:296:6:296:Infinity":114,"s:298:4:298:Infinity":115,"s:302:17:302:Infinity":116,"s:303:20:303:Infinity":117,"s:304:27:304:Infinity":118,"s:308:17:308:Infinity":119,"b:308:48:308:60:308:60:308:Infinity":34,"s:309:2:309:Infinity":120,"s:310:2:312:Infinity":121,"s:313:2:316:Infinity":122,"b:318:2:328:Infinity:undefined:undefined:undefined:undefined":35,"s:318:2:328:Infinity":123,"s:319:4:319:Infinity":124,"s:320:4:326:Infinity":125,"s:327:4:327:Infinity":126,"b:330:2:340:Infinity:undefined:undefined:undefined:undefined":36,"s:330:2:340:Infinity":127,"s:331:4:331:Infinity":128,"s:332:4:338:Infinity":129,"s:339:4:339:Infinity":130,"s:342:2:342:Infinity":131,"f:345:22:345:48":15,"s:346:8:346:Infinity":132,"s:348:2:348:Infinity":133,"s:349:2:349:Infinity":134,"s:350:2:350:Infinity":135,"s:352:2:352:Infinity":136,"s:353:2:353:Infinity":137,"s:354:2:354:Infinity":138,"s:355:2:355:Infinity":139,"s:357:8:357:Infinity":140,"s:358:2:358:Infinity":141,"b:360:2:363:Infinity:undefined:undefined:undefined:undefined":37,"s:360:2:363:Infinity":142,"s:361:4:361:Infinity":143,"s:362:4:362:Infinity":144,"s:365:8:365:Infinity":145,"b:367:2:374:Infinity:undefined:undefined:undefined:undefined":38,"s:367:2:374:Infinity":146,"s:368:4:368:Infinity":147,"b:369:4:371:Infinity:undefined:undefined:undefined:undefined":39,"s:369:4:371:Infinity":148,"s:370:6:370:Infinity":149,"s:372:4:372:Infinity":150,"s:373:4:373:Infinity":151,"b:376:2:384:Infinity:undefined:undefined:undefined:undefined":40,"s:376:2:384:Infinity":152,"s:377:10:377:Infinity":153,"b:378:4:383:Infinity:undefined:undefined:undefined:undefined":41,"s:378:4:383:Infinity":154,"s:379:6:382:Infinity":155,"s:387:2:387:Infinity":156,"s:388:2:388:Infinity":157,"s:391:23:391:Infinity":158,"s:394:2:394:Infinity":159}}}
,"/Users/uzochukwuamara/Code/SearchAtlas/searchatlas-mcp-server/src/proxy.ts": {"path":"/Users/uzochukwuamara/Code/SearchAtlas/searchatlas-mcp-server/src/proxy.ts","statementMap":{"0":{"start":{"line":45,"column":55},"end":{"line":45,"column":null}},"1":{"start":{"line":46,"column":2},"end":{"line":48,"column":null}},"2":{"start":{"line":58,"column":15},"end":{"line":58,"column":null}},"3":{"start":{"line":60,"column":2},"end":{"line":67,"column":null}},"4":{"start":{"line":61,"column":4},"end":{"line":63,"column":null}},"5":{"start":{"line":62,"column":6},"end":{"line":62,"column":null}},"6":{"start":{"line":64,"column":4},"end":{"line":66,"column":null}},"7":{"start":{"line":65,"column":6},"end":{"line":65,"column":null}},"8":{"start":{"line":69,"column":2},"end":{"line":76,"column":null}},"9":{"start":{"line":70,"column":4},"end":{"line":72,"column":null}},"10":{"start":{"line":71,"column":6},"end":{"line":71,"column":null}},"11":{"start":{"line":73,"column":4},"end":{"line":75,"column":null}},"12":{"start":{"line":74,"column":6},"end":{"line":74,"column":null}},"13":{"start":{"line":78,"column":2},"end":{"line":88,"column":null}},"14":{"start":{"line":79,"column":4},"end":{"line":81,"column":null}},"15":{"start":{"line":80,"column":6},"end":{"line":80,"column":null}},"16":{"start":{"line":82,"column":4},"end":{"line":84,"column":null}},"17":{"start":{"line":83,"column":6},"end":{"line":83,"column":null}},"18":{"start":{"line":85,"column":4},"end":{"line":87,"column":null}},"19":{"start":{"line":86,"column":6},"end":{"line":86,"column":null}},"20":{"start":{"line":90,"column":2},"end":{"line":94,"column":null}},"21":{"start":{"line":91,"column":4},"end":{"line":93,"column":null}},"22":{"start":{"line":92,"column":6},"end":{"line":92,"column":null}},"23":{"start":{"line":108,"column":17},"end":{"line":111,"column":null}},"24":{"start":{"line":113,"column":19},"end":{"line":113,"column":null}},"25":{"start":{"line":114,"column":2},"end":{"line":114,"column":null}},"26":{"start":{"line":118,"column":21},"end":{"line":118,"column":null}},"27":{"start":{"line":119,"column":17},"end":{"line":122,"column":null}},"28":{"start":{"line":124,"column":2},"end":{"line":124,"column":null}},"29":{"start":{"line":126,"column":20},"end":{"line":126,"column":null}},"30":{"start":{"line":127,"column":2},"end":{"line":127,"column":null}},"31":{"start":{"line":129,"column":2},"end":{"line":129,"column":null}}},"fnMap":{"0":{"name":"createUpstreamTransport","decl":{"start":{"line":43,"column":16},"end":{"line":43,"column":40}},"loc":{"start":{"line":43,"column":87},"end":{"line":49,"column":null}},"line":43},"1":{"name":"registerProxyHandlers","decl":{"start":{"line":57,"column":16},"end":{"line":57,"column":38}},"loc":{"start":{"line":57,"column":76},"end":{"line":95,"column":null}},"line":57},"2":{"name":"(anonymous_2)","decl":{"start":{"line":61,"column":53},"end":{"line":61,"column":54}},"loc":{"start":{"line":62,"column":6},"end":{"line":62,"column":null}},"line":62},"3":{"name":"(anonymous_3)","decl":{"start":{"line":64,"column":52},"end":{"line":64,"column":53}},"loc":{"start":{"line":65,"column":6},"end":{"line":65,"column":null}},"line":65},"4":{"name":"(anonymous_4)","decl":{"start":{"line":70,"column":55},"end":{"line":70,"column":56}},"loc":{"start":{"line":71,"column":6},"end":{"line":71,"column":null}},"line":71},"5":{"name":"(anonymous_5)","decl":{"start":{"line":73,"column":53},"end":{"line":73,"column":54}},"loc":{"start":{"line":74,"column":6},"end":{"line":74,"column":null}},"line":74},"6":{"name":"(anonymous_6)","decl":{"start":{"line":79,"column":57},"end":{"line":79,"column":58}},"loc":{"start":{"line":80,"column":6},"end":{"line":80,"column":null}},"line":80},"7":{"name":"(anonymous_7)","decl":{"start":{"line":82,"column":65},"end":{"line":82,"column":66}},"loc":{"start":{"line":83,"column":6},"end":{"line":83,"column":null}},"line":83},"8":{"name":"(anonymous_8)","decl":{"start":{"line":85,"column":56},"end":{"line":85,"column":57}},"loc":{"start":{"line":86,"column":6},"end":{"line":86,"column":null}},"line":86},"9":{"name":"(anonymous_9)","decl":{"start":{"line":91,"column":52},"end":{"line":91,"column":53}},"loc":{"start":{"line":92,"column":6},"end":{"line":92,"column":null}},"line":92},"10":{"name":"startProxy","decl":{"start":{"line":104,"column":22},"end":{"line":104,"column":null}},"loc":{"start":{"line":107,"column":47},"end":{"line":130,"column":null}},"line":107}},"branchMap":{"0":{"loc":{"start":{"line":58,"column":15},"end":{"line":58,"column":null}},"type":"binary-expr","locations":[{"start":{"line":58,"column":15},"end":{"line":58,"column":49}},{"start":{"line":58,"column":49},"end":{"line":58,"column":null}}],"line":58},"1":{"loc":{"start":{"line":60,"column":2},"end":{"line":67,"column":null}},"type":"if","locations":[{"start":{"line":60,"column":2},"end":{"line":67,"column":null}},{"start":{},"end":{}}],"line":60},"2":{"loc":{"start":{"line":69,"column":2},"end":{"line":76,"column":null}},"type":"if","locations":[{"start":{"line":69,"column":2},"end":{"line":76,"column":null}},{"start":{},"end":{}}],"line":69},"3":{"loc":{"start":{"line":78,"column":2},"end":{"line":88,"column":null}},"type":"if","locations":[{"start":{"line":78,"column":2},"end":{"line":88,"column":null}},{"start":{},"end":{}}],"line":78},"4":{"loc":{"start":{"line":90,"column":2},"end":{"line":94,"column":null}},"type":"if","locations":[{"start":{"line":90,"column":2},"end":{"line":94,"column":null}},{"start":{},"end":{}}],"line":90},"5":{"loc":{"start":{"line":118,"column":21},"end":{"line":118,"column":null}},"type":"binary-expr","locations":[{"start":{"line":118,"column":21},"end":{"line":118,"column":55}},{"start":{"line":118,"column":55},"end":{"line":118,"column":null}}],"line":118}},"s":{"0":11,"1":11,"2":33,"3":33,"4":23,"5":7,"6":23,"7":34,"8":33,"9":10,"10":2,"11":10,"12":2,"13":33,"14":8,"15":2,"16":8,"17":2,"18":8,"19":2,"20":33,"21":6,"22":2,"23":2,"24":2,"25":2,"26":2,"27":2,"28":2,"29":2,"30":2,"31":2},"f":{"0":11,"1":33,"2":7,"3":34,"4":2,"5":2,"6":2,"7":2,"8":2,"9":2,"10":2},"b":{"0":[33,1],"1":[23,10],"2":[10,23],"3":[8,25],"4":[6,27],"5":[2,0]},"meta":{"lastBranch":6,"lastFunction":11,"lastStatement":32,"seen":{"f:43:16:43:40":0,"s:45:55:45:Infinity":0,"s:46:2:48:Infinity":1,"f:57:16:57:38":1,"s:58:15:58:Infinity":2,"b:58:15:58:49:58:49:58:Infinity":0,"b:60:2:67:Infinity:undefined:undefined:undefined:undefined":1,"s:60:2:67:Infinity":3,"s:61:4:63:Infinity":4,"f:61:53:61:54":2,"s:62:6:62:Infinity":5,"s:64:4:66:Infinity":6,"f:64:52:64:53":3,"s:65:6:65:Infinity":7,"b:69:2:76:Infinity:undefined:undefined:undefined:undefined":2,"s:69:2:76:Infinity":8,"s:70:4:72:Infinity":9,"f:70:55:70:56":4,"s:71:6:71:Infinity":10,"s:73:4:75:Infinity":11,"f:73:53:73:54":5,"s:74:6:74:Infinity":12,"b:78:2:88:Infinity:undefined:undefined:undefined:undefined":3,"s:78:2:88:Infinity":13,"s:79:4:81:Infinity":14,"f:79:57:79:58":6,"s:80:6:80:Infinity":15,"s:82:4:84:Infinity":16,"f:82:65:82:66":7,"s:83:6:83:Infinity":17,"s:85:4:87:Infinity":18,"f:85:56:85:57":8,"s:86:6:86:Infinity":19,"b:90:2:94:Infinity:undefined:undefined:undefined:undefined":4,"s:90:2:94:Infinity":20,"s:91:4:93:Infinity":21,"f:91:52:91:53":9,"s:92:6:92:Infinity":22,"f:104:22:104:Infinity":10,"s:108:17:111:Infinity":23,"s:113:19:113:Infinity":24,"s:114:2:114:Infinity":25,"s:118:21:118:Infinity":26,"b:118:21:118:55:118:55:118:Infinity":5,"s:119:17:122:Infinity":27,"s:124:2:124:Infinity":28,"s:126:20:126:Infinity":29,"s:127:2:127:Infinity":30,"s:129:2:129:Infinity":31}}}
,"/Users/uzochukwuamara/Code/SearchAtlas/searchatlas-mcp-server/src/utils/auth.ts": {"path":"/Users/uzochukwuamara/Code/SearchAtlas/searchatlas-mcp-server/src/utils/auth.ts","statementMap":{"0":{"start":{"line":9,"column":42},"end":{"line":11,"column":null}},"1":{"start":{"line":13,"column":2},"end":{"line":17,"column":null}},"2":{"start":{"line":14,"column":4},"end":{"line":14,"column":null}},"3":{"start":{"line":15,"column":2},"end":{"line":17,"column":null}},"4":{"start":{"line":16,"column":4},"end":{"line":16,"column":null}},"5":{"start":{"line":19,"column":2},"end":{"line":19,"column":null}}},"fnMap":{"0":{"name":"getAuthHeaders","decl":{"start":{"line":8,"column":16},"end":{"line":8,"column":31}},"loc":{"start":{"line":8,"column":71},"end":{"line":20,"column":null}},"line":8}},"branchMap":{"0":{"loc":{"start":{"line":13,"column":2},"end":{"line":17,"column":null}},"type":"if","locations":[{"start":{"line":13,"column":2},"end":{"line":17,"column":null}},{"start":{"line":15,"column":2},"end":{"line":17,"column":null}}],"line":13},"1":{"loc":{"start":{"line":15,"column":2},"end":{"line":17,"column":null}},"type":"if","locations":[{"start":{"line":15,"column":2},"end":{"line":17,"column":null}},{"start":{},"end":{}}],"line":15}},"s":{"0":16,"1":16,"2":10,"3":6,"4":4,"5":16},"f":{"0":16},"b":{"0":[10,6],"1":[4,2]},"meta":{"lastBranch":2,"lastFunction":1,"lastStatement":6,"seen":{"f:8:16:8:31":0,"s:9:42:11:Infinity":0,"b:13:2:17:Infinity:15:2:17:Infinity":0,"s:13:2:17:Infinity":1,"s:14:4:14:Infinity":2,"b:15:2:17:Infinity:undefined:undefined:undefined:undefined":1,"s:15:2:17:Infinity":3,"s:16:4:16:Infinity":4,"s:19:2:19:Infinity":5}}}
,"/Users/uzochukwuamara/Code/SearchAtlas/searchatlas-mcp-server/src/utils/errors.ts": {"path":"/Users/uzochukwuamara/Code/SearchAtlas/searchatlas-mcp-server/src/utils/errors.ts","statementMap":{"0":{"start":{"line":11,"column":4},"end":{"line":11,"column":null}},"1":{"start":{"line":8,"column":11},"end":{"line":8,"column":null}},"2":{"start":{"line":9,"column":11},"end":{"line":9,"column":null}},"3":{"start":{"line":12,"column":4},"end":{"line":12,"column":null}},"4":{"start":{"line":22,"column":4},"end":{"line":22,"column":null}},"5":{"start":{"line":23,"column":4},"end":{"line":23,"column":null}},"6":{"start":{"line":29,"column":2},"end":{"line":31,"column":null}},"7":{"start":{"line":30,"column":4},"end":{"line":30,"column":null}},"8":{"start":{"line":32,"column":2},"end":{"line":34,"column":null}},"9":{"start":{"line":33,"column":4},"end":{"line":33,"column":null}},"10":{"start":{"line":35,"column":2},"end":{"line":35,"column":null}}},"fnMap":{"0":{"name":"(anonymous_0)","decl":{"start":{"line":6,"column":2},"end":{"line":6,"column":null}},"loc":{"start":{"line":10,"column":4},"end":{"line":13,"column":null}},"line":10},"1":{"name":"(anonymous_1)","decl":{"start":{"line":17,"column":2},"end":{"line":17,"column":null}},"loc":{"start":{"line":21,"column":4},"end":{"line":24,"column":null}},"line":21},"2":{"name":"formatError","decl":{"start":{"line":28,"column":16},"end":{"line":28,"column":28}},"loc":{"start":{"line":28,"column":52},"end":{"line":36,"column":null}},"line":28}},"branchMap":{"0":{"loc":{"start":{"line":18,"column":4},"end":{"line":18,"column":null}},"type":"default-arg","locations":[{"start":{"line":18,"column":14},"end":{"line":18,"column":null}}],"line":18},"1":{"loc":{"start":{"line":29,"column":2},"end":{"line":31,"column":null}},"type":"if","locations":[{"start":{"line":29,"column":2},"end":{"line":31,"column":null}},{"start":{},"end":{}}],"line":29},"2":{"loc":{"start":{"line":32,"column":2},"end":{"line":34,"column":null}},"type":"if","locations":[{"start":{"line":32,"column":2},"end":{"line":34,"column":null}},{"start":{},"end":{}}],"line":32}},"s":{"0":6,"1":6,"2":6,"3":6,"4":3,"5":3,"6":7,"7":2,"8":5,"9":1,"10":4},"f":{"0":6,"1":3,"2":7},"b":{"0":[3],"1":[2,5],"2":[1,4]},"meta":{"lastBranch":3,"lastFunction":3,"lastStatement":11,"seen":{"f:6:2:6:Infinity":0,"s:11:4:11:Infinity":0,"s:8:11:8:Infinity":1,"s:9:11:9:Infinity":2,"s:12:4:12:Infinity":3,"f:17:2:17:Infinity":1,"b:18:14:18:Infinity":0,"s:22:4:22:Infinity":4,"s:23:4:23:Infinity":5,"f:28:16:28:28":2,"b:29:2:31:Infinity:undefined:undefined:undefined:undefined":1,"s:29:2:31:Infinity":6,"s:30:4:30:Infinity":7,"b:32:2:34:Infinity:undefined:undefined:undefined:undefined":2,"s:32:2:34:Infinity":8,"s:33:4:33:Infinity":9,"s:35:2:35:Infinity":10}}}
,"/Users/uzochukwuamara/Code/SearchAtlas/searchatlas-mcp-server/src/utils/token.ts": {"path":"/Users/uzochukwuamara/Code/SearchAtlas/searchatlas-mcp-server/src/utils/token.ts","statementMap":{"0":{"start":{"line":26,"column":2},"end":{"line":26,"column":null}},"1":{"start":{"line":26,"column":19},"end":{"line":26,"column":null}},"2":{"start":{"line":28,"column":16},"end":{"line":28,"column":null}},"3":{"start":{"line":31,"column":2},"end":{"line":36,"column":null}},"4":{"start":{"line":35,"column":4},"end":{"line":35,"column":null}},"5":{"start":{"line":39,"column":2},"end":{"line":41,"column":null}},"6":{"start":{"line":40,"column":4},"end":{"line":40,"column":null}},"7":{"start":{"line":43,"column":2},"end":{"line":43,"column":null}},"8":{"start":{"line":51,"column":16},"end":{"line":51,"column":null}},"9":{"start":{"line":53,"column":2},"end":{"line":55,"column":null}},"10":{"start":{"line":54,"column":4},"end":{"line":54,"column":null}},"11":{"start":{"line":58,"column":16},"end":{"line":58,"column":null}},"12":{"start":{"line":59,"column":2},"end":{"line":61,"column":null}},"13":{"start":{"line":60,"column":4},"end":{"line":60,"column":null}},"14":{"start":{"line":64,"column":2},"end":{"line":98,"column":null}},"15":{"start":{"line":65,"column":23},"end":{"line":67,"column":null}},"16":{"start":{"line":68,"column":24},"end":{"line":68,"column":null}},"17":{"start":{"line":69,"column":20},"end":{"line":69,"column":null}},"18":{"start":{"line":71,"column":42},"end":{"line":71,"column":null}},"19":{"start":{"line":74,"column":18},"end":{"line":74,"column":null}},"20":{"start":{"line":75,"column":4},"end":{"line":77,"column":null}},"21":{"start":{"line":76,"column":6},"end":{"line":76,"column":null}},"22":{"start":{"line":80,"column":4},"end":{"line":93,"column":null}},"23":{"start":{"line":81,"column":24},"end":{"line":81,"column":null}},"24":{"start":{"line":82,"column":6},"end":{"line":82,"column":null}},"25":{"start":{"line":84,"column":6},"end":{"line":92,"column":null}},"26":{"start":{"line":85,"column":8},"end":{"line":91,"column":null}},"27":{"start":{"line":95,"column":4},"end":{"line":95,"column":null}},"28":{"start":{"line":97,"column":4},"end":{"line":97,"column":null}}},"fnMap":{"0":{"name":"sanitizeToken","decl":{"start":{"line":25,"column":16},"end":{"line":25,"column":30}},"loc":{"start":{"line":25,"column":77},"end":{"line":44,"column":null}},"line":25},"1":{"name":"validateToken","decl":{"start":{"line":50,"column":16},"end":{"line":50,"column":30}},"loc":{"start":{"line":50,"column":85},"end":{"line":99,"column":null}},"line":50}},"branchMap":{"0":{"loc":{"start":{"line":26,"column":2},"end":{"line":26,"column":null}},"type":"if","locations":[{"start":{"line":26,"column":2},"end":{"line":26,"column":null}},{"start":{},"end":{}}],"line":26},"1":{"loc":{"start":{"line":31,"column":2},"end":{"line":36,"column":null}},"type":"if","locations":[{"start":{"line":31,"column":2},"end":{"line":36,"column":null}},{"start":{},"end":{}}],"line":31},"2":{"loc":{"start":{"line":32,"column":5},"end":{"line":33,"column":null}},"type":"binary-expr","locations":[{"start":{"line":32,"column":5},"end":{"line":32,"column":32}},{"start":{"line":32,"column":32},"end":{"line":32,"column":null}},{"start":{"line":33,"column":5},"end":{"line":33,"column":32}},{"start":{"line":33,"column":32},"end":{"line":33,"column":null}}],"line":32},"3":{"loc":{"start":{"line":39,"column":2},"end":{"line":41,"column":null}},"type":"if","locations":[{"start":{"line":39,"column":2},"end":{"line":41,"column":null}},{"start":{},"end":{}}],"line":39},"4":{"loc":{"start":{"line":39,"column":6},"end":{"line":39,"column":65}},"type":"binary-expr","locations":[{"start":{"line":39,"column":6},"end":{"line":39,"column":18}},{"start":{"line":39,"column":18},"end":{"line":39,"column":40}},{"start":{"line":39,"column":40},"end":{"line":39,"column":65}}],"line":39},"5":{"loc":{"start":{"line":53,"column":2},"end":{"line":55,"column":null}},"type":"if","locations":[{"start":{"line":53,"column":2},"end":{"line":55,"column":null}},{"start":{},"end":{}}],"line":53},"6":{"loc":{"start":{"line":59,"column":2},"end":{"line":61,"column":null}},"type":"if","locations":[{"start":{"line":59,"column":2},"end":{"line":61,"column":null}},{"start":{},"end":{}}],"line":59},"7":{"loc":{"start":{"line":74,"column":18},"end":{"line":74,"column":null}},"type":"binary-expr","locations":[{"start":{"line":74,"column":18},"end":{"line":74,"column":37}},{"start":{"line":74,"column":37},"end":{"line":74,"column":null}}],"line":74},"8":{"loc":{"start":{"line":75,"column":4},"end":{"line":77,"column":null}},"type":"if","locations":[{"start":{"line":75,"column":4},"end":{"line":77,"column":null}},{"start":{},"end":{}}],"line":75},"9":{"loc":{"start":{"line":75,"column":8},"end":{"line":75,"column":64}},"type":"binary-expr","locations":[{"start":{"line":75,"column":8},"end":{"line":75,"column":37}},{"start":{"line":75,"column":37},"end":{"line":75,"column":64}}],"line":75},"10":{"loc":{"start":{"line":80,"column":4},"end":{"line":93,"column":null}},"type":"if","locations":[{"start":{"line":80,"column":4},"end":{"line":93,"column":null}},{"start":{},"end":{}}],"line":80},"11":{"loc":{"start":{"line":84,"column":6},"end":{"line":92,"column":null}},"type":"if","locations":[{"start":{"line":84,"column":6},"end":{"line":92,"column":null}},{"start":{},"end":{}}],"line":84}},"s":{"0":77,"1":17,"2":60,"3":60,"4":5,"5":60,"6":5,"7":55,"8":39,"9":39,"10":1,"11":38,"12":38,"13":4,"14":34,"15":34,"16":34,"17":34,"18":34,"19":34,"20":39,"21":33,"22":33,"23":31,"24":31,"25":31,"26":3,"27":30,"28":1},"f":{"0":77,"1":39},"b":{"0":[17,60],"1":[5,55],"2":[60,4,56,2],"3":[5,55],"4":[60,58,56],"5":[1,38],"6":[4,34],"7":[34,0],"8":[33,6],"9":[39,1],"10":[31,2],"11":[3,28]},"meta":{"lastBranch":12,"lastFunction":2,"lastStatement":29,"seen":{"f:25:16:25:30":0,"b:26:2:26:Infinity:undefined:undefined:undefined:undefined":0,"s:26:2:26:Infinity":0,"s:26:19:26:Infinity":1,"s:28:16:28:Infinity":2,"b:31:2:36:Infinity:undefined:undefined:undefined:undefined":1,"s:31:2:36:Infinity":3,"b:32:5:32:32:32:32:32:Infinity:33:5:33:32:33:32:33:Infinity":2,"s:35:4:35:Infinity":4,"b:39:2:41:Infinity:undefined:undefined:undefined:undefined":3,"s:39:2:41:Infinity":5,"b:39:6:39:18:39:18:39:40:39:40:39:65":4,"s:40:4:40:Infinity":6,"s:43:2:43:Infinity":7,"f:50:16:50:30":1,"s:51:16:51:Infinity":8,"b:53:2:55:Infinity:undefined:undefined:undefined:undefined":5,"s:53:2:55:Infinity":9,"s:54:4:54:Infinity":10,"s:58:16:58:Infinity":11,"b:59:2:61:Infinity:undefined:undefined:undefined:undefined":6,"s:59:2:61:Infinity":12,"s:60:4:60:Infinity":13,"s:64:2:98:Infinity":14,"s:65:23:67:Infinity":15,"s:68:24:68:Infinity":16,"s:69:20:69:Infinity":17,"s:71:42:71:Infinity":18,"s:74:18:74:Infinity":19,"b:74:18:74:37:74:37:74:Infinity":7,"b:75:4:77:Infinity:undefined:undefined:undefined:undefined":8,"s:75:4:77:Infinity":20,"b:75:8:75:37:75:37:75:64":9,"s:76:6:76:Infinity":21,"b:80:4:93:Infinity:undefined:undefined:undefined:undefined":10,"s:80:4:93:Infinity":22,"s:81:24:81:Infinity":23,"s:82:6:82:Infinity":24,"b:84:6:92:Infinity:undefined:undefined:undefined:undefined":11,"s:84:6:92:Infinity":25,"s:85:8:91:Infinity":26,"s:95:4:95:Infinity":27,"s:97:4:97:Infinity":28}}}
}
