{"/Users/uzochukwuamara/Code/SearchAtlas/searchatlas-mcp-server/src/check.ts": {"path":"/Users/uzochukwuamara/Code/SearchAtlas/searchatlas-mcp-server/src/check.ts","statementMap":{"0":{"start":{"line":21,"column":13},"end":{"line":21,"column":null}},"1":{"start":{"line":22,"column":13},"end":{"line":22,"column":null}},"2":{"start":{"line":25,"column":2},"end":{"line":25,"column":null}},"3":{"start":{"line":29,"column":2},"end":{"line":29,"column":null}},"4":{"start":{"line":30,"column":2},"end":{"line":30,"column":null}},"5":{"start":{"line":30,"column":11},"end":{"line":30,"column":null}},"6":{"start":{"line":34,"column":2},"end":{"line":34,"column":null}},"7":{"start":{"line":37,"column":18},"end":{"line":37,"column":null}},"8":{"start":{"line":40,"column":8},"end":{"line":40,"column":null}},"9":{"start":{"line":41,"column":8},"end":{"line":41,"column":null}},"10":{"start":{"line":42,"column":22},"end":{"line":42,"column":null}},"11":{"start":{"line":43,"column":20},"end":{"line":43,"column":null}},"12":{"start":{"line":45,"column":2},"end":{"line":57,"column":null}},"13":{"start":{"line":46,"column":4},"end":{"line":46,"column":null}},"14":{"start":{"line":47,"column":2},"end":{"line":57,"column":null}},"15":{"start":{"line":48,"column":4},"end":{"line":48,"column":null}},"16":{"start":{"line":49,"column":2},"end":{"line":57,"column":null}},"17":{"start":{"line":50,"column":4},"end":{"line":50,"column":null}},"18":{"start":{"line":52,"column":4},"end":{"line":55,"column":null}},"19":{"start":{"line":56,"column":4},"end":{"line":56,"column":null}},"20":{"start":{"line":60,"column":2},"end":{"line":70,"column":null}},"21":{"start":{"line":61,"column":4},"end":{"line":61,"column":null}},"22":{"start":{"line":62,"column":4},"end":{"line":62,"column":null}},"23":{"start":{"line":64,"column":4},"end":{"line":67,"column":null}},"24":{"start":{"line":68,"column":4},"end":{"line":68,"column":null}},"25":{"start":{"line":69,"column":4},"end":{"line":69,"column":null}},"26":{"start":{"line":73,"column":2},"end":{"line":93,"column":null}},"27":{"start":{"line":74,"column":10},"end":{"line":74,"column":null}},"28":{"start":{"line":75,"column":4},"end":{"line":90,"column":null}},"29":{"start":{"line":76,"column":16},"end":{"line":76,"column":null}},"30":{"start":{"line":77,"column":6},"end":{"line":82,"column":null}},"31":{"start":{"line":78,"column":25},"end":{"line":80,"column":null}},"32":{"start":{"line":81,"column":8},"end":{"line":81,"column":null}},"33":{"start":{"line":83,"column":6},"end":{"line":85,"column":null}},"34":{"start":{"line":84,"column":8},"end":{"line":84,"column":null}},"35":{"start":{"line":86,"column":6},"end":{"line":86,"column":null}},"36":{"start":{"line":88,"column":6},"end":{"line":88,"column":null}},"37":{"start":{"line":89,"column":6},"end":{"line":89,"column":null}},"38":{"start":{"line":91,"column":2},"end":{"line":93,"column":null}},"39":{"start":{"line":92,"column":4},"end":{"line":92,"column":null}},"40":{"start":{"line":96,"column":2},"end":{"line":124,"column":null}},"41":{"start":{"line":97,"column":16},"end":{"line":97,"column":null}},"42":{"start":{"line":98,"column":16},"end":{"line":101,"column":null}},"43":{"start":{"line":103,"column":4},"end":{"line":117,"column":null}},"44":{"start":{"line":104,"column":6},"end":{"line":107,"column":null}},"45":{"start":{"line":108,"column":6},"end":{"line":108,"column":null}},"46":{"start":{"line":109,"column":4},"end":{"line":117,"column":null}},"47":{"start":{"line":110,"column":6},"end":{"line":110,"column":null}},"48":{"start":{"line":112,"column":6},"end":{"line":115,"column":null}},"49":{"start":{"line":116,"column":6},"end":{"line":116,"column":null}},"50":{"start":{"line":119,"column":4},"end":{"line":122,"column":null}},"51":{"start":{"line":123,"column":4},"end":{"line":123,"column":null}},"52":{"start":{"line":126,"column":2},"end":{"line":126,"column":null}},"53":{"start":{"line":130,"column":2},"end":{"line":130,"column":null}},"54":{"start":{"line":131,"column":2},"end":{"line":136,"column":null}},"55":{"start":{"line":132,"column":4},"end":{"line":132,"column":null}},"56":{"start":{"line":134,"column":4},"end":{"line":134,"column":null}},"57":{"start":{"line":135,"column":4},"end":{"line":135,"column":null}}},"fnMap":{"0":{"name":"pass","decl":{"start":{"line":24,"column":9},"end":{"line":24,"column":14}},"loc":{"start":{"line":24,"column":33},"end":{"line":26,"column":null}},"line":24},"1":{"name":"fail","decl":{"start":{"line":28,"column":9},"end":{"line":28,"column":14}},"loc":{"start":{"line":28,"column":47},"end":{"line":31,"column":null}},"line":28},"2":{"name":"runCheck","decl":{"start":{"line":33,"column":22},"end":{"line":33,"column":48}},"loc":{"start":{"line":33,"column":48},"end":{"line":127,"column":null}},"line":33},"3":{"name":"printResult","decl":{"start":{"line":129,"column":9},"end":{"line":129,"column":21}},"loc":{"start":{"line":129,"column":47},"end":{"line":137,"column":null}},"line":129}},"branchMap":{"0":{"loc":{"start":{"line":30,"column":2},"end":{"line":30,"column":null}},"type":"if","locations":[{"start":{"line":30,"column":2},"end":{"line":30,"column":null}},{"start":{},"end":{}}],"line":30},"1":{"loc":{"start":{"line":45,"column":2},"end":{"line":57,"column":null}},"type":"if","locations":[{"start":{"line":45,"column":2},"end":{"line":57,"column":null}},{"start":{"line":47,"column":2},"end":{"line":57,"column":null}}],"line":45},"2":{"loc":{"start":{"line":47,"column":2},"end":{"line":57,"column":null}},"type":"if","locations":[{"start":{"line":47,"column":2},"end":{"line":57,"column":null}},{"start":{"line":49,"column":2},"end":{"line":57,"column":null}}],"line":47},"3":{"loc":{"start":{"line":49,"column":2},"end":{"line":57,"column":null}},"type":"if","locations":[{"start":{"line":49,"column":2},"end":{"line":57,"column":null}},{"start":{"line":51,"column":9},"end":{"line":57,"column":null}}],"line":49},"4":{"loc":{"start":{"line":66,"column":6},"end":{"line":66,"column":null}},"type":"cond-expr","locations":[{"start":{"line":66,"column":29},"end":{"line":66,"column":58}},{"start":{"line":66,"column":58},"end":{"line":66,"column":null}}],"line":66},"5":{"loc":{"start":{"line":73,"column":2},"end":{"line":93,"column":null}},"type":"if","locations":[{"start":{"line":73,"column":2},"end":{"line":93,"column":null}},{"start":{"line":91,"column":2},"end":{"line":93,"column":null}}],"line":73},"6":{"loc":{"start":{"line":75,"column":4},"end":{"line":90,"column":null}},"type":"if","locations":[{"start":{"line":75,"column":4},"end":{"line":90,"column":null}},{"start":{"line":87,"column":11},"end":{"line":90,"column":null}}],"line":75},"7":{"loc":{"start":{"line":77,"column":6},"end":{"line":82,"column":null}},"type":"if","locations":[{"start":{"line":77,"column":6},"end":{"line":82,"column":null}},{"start":{},"end":{}}],"line":77},"8":{"loc":{"start":{"line":81,"column":46},"end":{"line":81,"column":71}},"type":"cond-expr","locations":[{"start":{"line":81,"column":63},"end":{"line":81,"column":69}},{"start":{"line":81,"column":69},"end":{"line":81,"column":71}}],"line":81},"9":{"loc":{"start":{"line":83,"column":6},"end":{"line":85,"column":null}},"type":"if","locations":[{"start":{"line":83,"column":6},"end":{"line":85,"column":null}},{"start":{},"end":{}}],"line":83},"10":{"loc":{"start":{"line":91,"column":2},"end":{"line":93,"column":null}},"type":"if","locations":[{"start":{"line":91,"column":2},"end":{"line":93,"column":null}},{"start":{},"end":{}}],"line":91},"11":{"loc":{"start":{"line":103,"column":4},"end":{"line":117,"column":null}},"type":"if","locations":[{"start":{"line":103,"column":4},"end":{"line":117,"column":null}},{"start":{"line":109,"column":4},"end":{"line":117,"column":null}}],"line":103},"12":{"loc":{"start":{"line":103,"column":8},"end":{"line":103,"column":50}},"type":"binary-expr","locations":[{"start":{"line":103,"column":8},"end":{"line":103,"column":30}},{"start":{"line":103,"column":30},"end":{"line":103,"column":50}}],"line":103},"13":{"loc":{"start":{"line":109,"column":4},"end":{"line":117,"column":null}},"type":"if","locations":[{"start":{"line":109,"column":4},"end":{"line":117,"column":null}},{"start":{"line":111,"column":11},"end":{"line":117,"column":null}}],"line":109},"14":{"loc":{"start":{"line":121,"column":6},"end":{"line":121,"column":null}},"type":"cond-expr","locations":[{"start":{"line":121,"column":29},"end":{"line":121,"column":43}},{"start":{"line":121,"column":43},"end":{"line":121,"column":null}}],"line":121},"15":{"loc":{"start":{"line":131,"column":2},"end":{"line":136,"column":null}},"type":"if","locations":[{"start":{"line":131,"column":2},"end":{"line":136,"column":null}},{"start":{"line":133,"column":9},"end":{"line":136,"column":null}}],"line":131}},"s":{"0":1,"1":1,"2":47,"3":9,"4":9,"5":9,"6":15,"7":15,"8":15,"9":15,"10":15,"11":15,"12":15,"13":12,"14":3,"15":1,"16":2,"17":1,"18":1,"19":1,"20":15,"21":15,"22":15,"23":2,"24":2,"25":2,"26":13,"27":12,"28":12,"29":11,"30":11,"31":10,"32":10,"33":11,"34":11,"35":11,"36":1,"37":1,"38":1,"39":1,"40":13,"41":13,"42":13,"43":11,"44":2,"45":2,"46":9,"47":8,"48":1,"49":1,"50":2,"51":2,"52":13,"53":15,"54":15,"55":6,"56":9,"57":9},"f":{"0":47,"1":9,"2":15,"3":15},"b":{"0":[9,0],"1":[12,3],"2":[1,2],"3":[1,1],"4":[1,1],"5":[12,1],"6":[11,1],"7":[10,1],"8":[9,1],"9":[11,0],"10":[1,0],"11":[2,9],"12":[11,10],"13":[8,1],"14":[1,1],"15":[6,9]},"meta":{"lastBranch":16,"lastFunction":4,"lastStatement":58,"seen":{"s:21:13:21:Infinity":0,"s:22:13:22:Infinity":1,"f:24:9:24:14":0,"s:25:2:25:Infinity":2,"f:28:9:28:14":1,"s:29:2:29:Infinity":3,"b:30:2:30:Infinity:undefined:undefined:undefined:undefined":0,"s:30:2:30:Infinity":4,"s:30:11:30:Infinity":5,"f:33:22:33:48":2,"s:34:2:34:Infinity":6,"s:37:18:37:Infinity":7,"s:40:8:40:Infinity":8,"s:41:8:41:Infinity":9,"s:42:22:42:Infinity":10,"s:43:20:43:Infinity":11,"b:45:2:57:Infinity:47:2:57:Infinity":1,"s:45:2:57:Infinity":12,"s:46:4:46:Infinity":13,"b:47:2:57:Infinity:49:2:57:Infinity":2,"s:47:2:57:Infinity":14,"s:48:4:48:Infinity":15,"b:49:2:57:Infinity:51:9:57:Infinity":3,"s:49:2:57:Infinity":16,"s:50:4:50:Infinity":17,"s:52:4:55:Infinity":18,"s:56:4:56:Infinity":19,"s:60:2:70:Infinity":20,"s:61:4:61:Infinity":21,"s:62:4:62:Infinity":22,"s:64:4:67:Infinity":23,"b:66:29:66:58:66:58:66:Infinity":4,"s:68:4:68:Infinity":24,"s:69:4:69:Infinity":25,"b:73:2:93:Infinity:91:2:93:Infinity":5,"s:73:2:93:Infinity":26,"s:74:10:74:Infinity":27,"b:75:4:90:Infinity:87:11:90:Infinity":6,"s:75:4:90:Infinity":28,"s:76:16:76:Infinity":29,"b:77:6:82:Infinity:undefined:undefined:undefined:undefined":7,"s:77:6:82:Infinity":30,"s:78:25:80:Infinity":31,"s:81:8:81:Infinity":32,"b:81:63:81:69:81:69:81:71":8,"b:83:6:85:Infinity:undefined:undefined:undefined:undefined":9,"s:83:6:85:Infinity":33,"s:84:8:84:Infinity":34,"s:86:6:86:Infinity":35,"s:88:6:88:Infinity":36,"s:89:6:89:Infinity":37,"b:91:2:93:Infinity:undefined:undefined:undefined:undefined":10,"s:91:2:93:Infinity":38,"s:92:4:92:Infinity":39,"s:96:2:124:Infinity":40,"s:97:16:97:Infinity":41,"s:98:16:101:Infinity":42,"b:103:4:117:Infinity:109:4:117:Infinity":11,"s:103:4:117:Infinity":43,"b:103:8:103:30:103:30:103:50":12,"s:104:6:107:Infinity":44,"s:108:6:108:Infinity":45,"b:109:4:117:Infinity:111:11:117:Infinity":13,"s:109:4:117:Infinity":46,"s:110:6:110:Infinity":47,"s:112:6:115:Infinity":48,"s:116:6:116:Infinity":49,"s:119:4:122:Infinity":50,"b:121:29:121:43:121:43:121:Infinity":14,"s:123:4:123:Infinity":51,"s:126:2:126:Infinity":52,"f:129:9:129:21":3,"s:130:2:130:Infinity":53,"b:131:2:136:Infinity:133:9:136:Infinity":15,"s:131:2:136:Infinity":54,"s:132:4:132:Infinity":55,"s:134:4:134:Infinity":56,"s:135:4:135:Infinity":57}}}
,"/Users/uzochukwuamara/Code/SearchAtlas/searchatlas-mcp-server/src/config.ts": {"path":"/Users/uzochukwuamara/Code/SearchAtlas/searchatlas-mcp-server/src/config.ts","statementMap":{"0":{"start":{"line":26,"column":2},"end":{"line":43,"column":null}},"1":{"start":{"line":27,"column":10},"end":{"line":27,"column":null}},"2":{"start":{"line":28,"column":10},"end":{"line":28,"column":null}},"3":{"start":{"line":29,"column":41},"end":{"line":29,"column":null}},"4":{"start":{"line":30,"column":4},"end":{"line":39,"column":null}},"5":{"start":{"line":31,"column":22},"end":{"line":31,"column":null}},"6":{"start":{"line":32,"column":6},"end":{"line":32,"column":null}},"7":{"start":{"line":32,"column":47},"end":{"line":32,"column":null}},"8":{"start":{"line":33,"column":20},"end":{"line":33,"column":null}},"9":{"start":{"line":34,"column":6},"end":{"line":38,"column":null}},"10":{"start":{"line":35,"column":20},"end":{"line":35,"column":null}},"11":{"start":{"line":36,"column":20},"end":{"line":36,"column":null}},"12":{"start":{"line":37,"column":8},"end":{"line":37,"column":null}},"13":{"start":{"line":40,"column":4},"end":{"line":40,"column":null}},"14":{"start":{"line":42,"column":4},"end":{"line":42,"column":null}},"15":{"start":{"line":47,"column":13},"end":{"line":47,"column":null}},"16":{"start":{"line":50,"column":4},"end":{"line":50,"column":null}},"17":{"start":{"line":53,"column":8},"end":{"line":53,"column":null}},"18":{"start":{"line":54,"column":8},"end":{"line":54,"column":null}},"19":{"start":{"line":56,"column":2},"end":{"line":65,"column":null}},"20":{"start":{"line":57,"column":4},"end":{"line":64,"column":null}},"21":{"start":{"line":67,"column":2},"end":{"line":67,"column":null}}},"fnMap":{"0":{"name":"loadRcFile","decl":{"start":{"line":25,"column":9},"end":{"line":25,"column":46}},"loc":{"start":{"line":25,"column":46},"end":{"line":44,"column":null}},"line":25},"1":{"name":"loadConfig","decl":{"start":{"line":46,"column":16},"end":{"line":46,"column":37}},"loc":{"start":{"line":46,"column":37},"end":{"line":68,"column":null}},"line":46}},"branchMap":{"0":{"loc":{"start":{"line":32,"column":6},"end":{"line":32,"column":null}},"type":"if","locations":[{"start":{"line":32,"column":6},"end":{"line":32,"column":null}},{"start":{},"end":{}}],"line":32},"1":{"loc":{"start":{"line":32,"column":10},"end":{"line":32,"column":47}},"type":"binary-expr","locations":[{"start":{"line":32,"column":10},"end":{"line":32,"column":22}},{"start":{"line":32,"column":22},"end":{"line":32,"column":47}}],"line":32},"2":{"loc":{"start":{"line":34,"column":6},"end":{"line":38,"column":null}},"type":"if","locations":[{"start":{"line":34,"column":6},"end":{"line":38,"column":null}},{"start":{},"end":{}}],"line":34},"3":{"loc":{"start":{"line":50,"column":4},"end":{"line":50,"column":null}},"type":"binary-expr","locations":[{"start":{"line":50,"column":4},"end":{"line":50,"column":39}},{"start":{"line":50,"column":39},"end":{"line":50,"column":65}},{"start":{"line":50,"column":65},"end":{"line":50,"column":null}}],"line":50},"4":{"loc":{"start":{"line":53,"column":8},"end":{"line":53,"column":null}},"type":"binary-expr","locations":[{"start":{"line":53,"column":8},"end":{"line":53,"column":88}},{"start":{"line":53,"column":88},"end":{"line":53,"column":null}}],"line":53},"5":{"loc":{"start":{"line":53,"column":30},"end":{"line":53,"column":83}},"type":"binary-expr","locations":[{"start":{"line":53,"column":30},"end":{"line":53,"column":63}},{"start":{"line":53,"column":63},"end":{"line":53,"column":83}}],"line":53},"6":{"loc":{"start":{"line":54,"column":8},"end":{"line":54,"column":null}},"type":"binary-expr","locations":[{"start":{"line":54,"column":8},"end":{"line":54,"column":93}},{"start":{"line":54,"column":93},"end":{"line":54,"column":null}}],"line":54},"7":{"loc":{"start":{"line":54,"column":31},"end":{"line":54,"column":88}},"type":"binary-expr","locations":[{"start":{"line":54,"column":31},"end":{"line":54,"column":66}},{"start":{"line":54,"column":66},"end":{"line":54,"column":88}}],"line":54},"8":{"loc":{"start":{"line":56,"column":2},"end":{"line":65,"column":null}},"type":"if","locations":[{"start":{"line":56,"column":2},"end":{"line":65,"column":null}},{"start":{},"end":{}}],"line":56},"9":{"loc":{"start":{"line":56,"column":6},"end":{"line":56,"column":25}},"type":"binary-expr","locations":[{"start":{"line":56,"column":6},"end":{"line":56,"column":17}},{"start":{"line":56,"column":17},"end":{"line":56,"column":25}}],"line":56}},"s":{"0":10,"1":10,"2":10,"3":10,"4":10,"5":15,"6":15,"7":8,"8":7,"9":7,"10":7,"11":7,"12":7,"13":6,"14":4,"15":10,"16":10,"17":10,"18":10,"19":10,"20":2,"21":8},"f":{"0":10,"1":10},"b":{"0":[8,7],"1":[15,8],"2":[7,0],"3":[10,9,8],"4":[10,3],"5":[10,7],"6":[10,9],"7":[10,9],"8":[2,8],"9":[10,9]},"meta":{"lastBranch":10,"lastFunction":2,"lastStatement":22,"seen":{"f:25:9:25:46":0,"s:26:2:43:Infinity":0,"s:27:10:27:Infinity":1,"s:28:10:28:Infinity":2,"s:29:41:29:Infinity":3,"s:30:4:39:Infinity":4,"s:31:22:31:Infinity":5,"b:32:6:32:Infinity:undefined:undefined:undefined:undefined":0,"s:32:6:32:Infinity":6,"b:32:10:32:22:32:22:32:47":1,"s:32:47:32:Infinity":7,"s:33:20:33:Infinity":8,"b:34:6:38:Infinity:undefined:undefined:undefined:undefined":2,"s:34:6:38:Infinity":9,"s:35:20:35:Infinity":10,"s:36:20:36:Infinity":11,"s:37:8:37:Infinity":12,"s:40:4:40:Infinity":13,"s:42:4:42:Infinity":14,"f:46:16:46:37":1,"s:47:13:47:Infinity":15,"s:50:4:50:Infinity":16,"b:50:4:50:39:50:39:50:65:50:65:50:Infinity":3,"s:53:8:53:Infinity":17,"b:53:8:53:88:53:88:53:Infinity":4,"b:53:30:53:63:53:63:53:83":5,"s:54:8:54:Infinity":18,"b:54:8:54:93:54:93:54:Infinity":6,"b:54:31:54:66:54:66:54:88":7,"b:56:2:65:Infinity:undefined:undefined:undefined:undefined":8,"s:56:2:65:Infinity":19,"b:56:6:56:17:56:17:56:25":9,"s:57:4:64:Infinity":20,"s:67:2:67:Infinity":21}}}
,"/Users/uzochukwuamara/Code/SearchAtlas/searchatlas-mcp-server/src/login.ts": {"path":"/Users/uzochukwuamara/Code/SearchAtlas/searchatlas-mcp-server/src/login.ts","statementMap":{"0":{"start":{"line":14,"column":6},"end":{"line":14,"column":null}},"1":{"start":{"line":15,"column":18},"end":{"line":15,"column":null}},"2":{"start":{"line":19,"column":4},"end":{"line":23,"column":null}},"3":{"start":{"line":25,"column":2},"end":{"line":31,"column":null}},"4":{"start":{"line":26,"column":4},"end":{"line":30,"column":null}},"5":{"start":{"line":27,"column":6},"end":{"line":29,"column":null}},"6":{"start":{"line":35,"column":2},"end":{"line":39,"column":null}},"7":{"start":{"line":36,"column":4},"end":{"line":36,"column":null}},"8":{"start":{"line":38,"column":4},"end":{"line":38,"column":null}},"9":{"start":{"line":43,"column":2},"end":{"line":47,"column":null}},"10":{"start":{"line":44,"column":4},"end":{"line":44,"column":null}},"11":{"start":{"line":46,"column":4},"end":{"line":46,"column":null}},"12":{"start":{"line":51,"column":26},"end":{"line":51,"column":null}},"13":{"start":{"line":53,"column":2},"end":{"line":60,"column":null}},"14":{"start":{"line":54,"column":10},"end":{"line":54,"column":null}},"15":{"start":{"line":55,"column":4},"end":{"line":59,"column":null}},"16":{"start":{"line":56,"column":22},"end":{"line":56,"column":null}},"17":{"start":{"line":57,"column":6},"end":{"line":57,"column":null}},"18":{"start":{"line":57,"column":52},"end":{"line":57,"column":null}},"19":{"start":{"line":58,"column":6},"end":{"line":58,"column":null}},"20":{"start":{"line":58,"column":19},"end":{"line":58,"column":null}},"21":{"start":{"line":62,"column":2},"end":{"line":62,"column":null}},"22":{"start":{"line":63,"column":2},"end":{"line":63,"column":null}},"23":{"start":{"line":68,"column":19},"end":{"line":68,"column":null}},"24":{"start":{"line":69,"column":21},"end":{"line":69,"column":null}},"25":{"start":{"line":70,"column":21},"end":{"line":72,"column":null}},"26":{"start":{"line":73,"column":27},"end":{"line":73,"column":null}},"27":{"start":{"line":75,"column":2},"end":{"line":77,"column":null}},"28":{"start":{"line":85,"column":28},"end":{"line":85,"column":null}},"29":{"start":{"line":86,"column":28},"end":{"line":86,"column":null}},"30":{"start":{"line":87,"column":14},"end":{"line":87,"column":null}},"31":{"start":{"line":88,"column":8},"end":{"line":88,"column":null}},"32":{"start":{"line":91,"column":27},"end":{"line":99,"column":null}},"33":{"start":{"line":102,"column":23},"end":{"line":110,"column":null}},"34":{"start":{"line":118,"column":7},"end":{"line":154,"column":null}},"35":{"start":{"line":156,"column":2},"end":{"line":178,"column":null}},"36":{"start":{"line":157,"column":4},"end":{"line":177,"column":null}},"37":{"start":{"line":158,"column":6},"end":{"line":174,"column":null}},"38":{"start":{"line":160,"column":25},"end":{"line":160,"column":null}},"39":{"start":{"line":161,"column":26},"end":{"line":161,"column":null}},"40":{"start":{"line":163,"column":8},"end":{"line":173,"column":null}},"41":{"start":{"line":165,"column":10},"end":{"line":165,"column":null}},"42":{"start":{"line":166,"column":10},"end":{"line":166,"column":null}},"43":{"start":{"line":167,"column":10},"end":{"line":167,"column":null}},"44":{"start":{"line":170,"column":10},"end":{"line":170,"column":null}},"45":{"start":{"line":171,"column":10},"end":{"line":171,"column":null}},"46":{"start":{"line":172,"column":10},"end":{"line":172,"column":null}},"47":{"start":{"line":180,"column":2},"end":{"line":180,"column":null}},"48":{"start":{"line":185,"column":41},"end":{"line":185,"column":null}},"49":{"start":{"line":186,"column":2},"end":{"line":193,"column":null}},"50":{"start":{"line":186,"column":15},"end":{"line":186,"column":18}},"51":{"start":{"line":187,"column":16},"end":{"line":187,"column":null}},"52":{"start":{"line":188,"column":4},"end":{"line":192,"column":null}},"53":{"start":{"line":189,"column":6},"end":{"line":189,"column":null}},"54":{"start":{"line":191,"column":6},"end":{"line":191,"column":null}},"55":{"start":{"line":194,"column":18},"end":{"line":194,"column":null}},"56":{"start":{"line":195,"column":2},"end":{"line":198,"column":null}},"57":{"start":{"line":196,"column":4},"end":{"line":196,"column":null}},"58":{"start":{"line":197,"column":4},"end":{"line":197,"column":null}},"59":{"start":{"line":199,"column":2},"end":{"line":199,"column":null}},"60":{"start":{"line":210,"column":21},"end":{"line":210,"column":null}},"61":{"start":{"line":211,"column":41},"end":{"line":211,"column":null}},"62":{"start":{"line":212,"column":2},"end":{"line":218,"column":null}},"63":{"start":{"line":213,"column":4},"end":{"line":217,"column":null}},"64":{"start":{"line":214,"column":6},"end":{"line":214,"column":null}},"65":{"start":{"line":216,"column":6},"end":{"line":216,"column":null}},"66":{"start":{"line":219,"column":2},"end":{"line":219,"column":null}},"67":{"start":{"line":220,"column":2},"end":{"line":220,"column":null}},"68":{"start":{"line":231,"column":18},"end":{"line":231,"column":null}},"69":{"start":{"line":232,"column":2},"end":{"line":234,"column":null}},"70":{"start":{"line":233,"column":4},"end":{"line":233,"column":null}},"71":{"start":{"line":235,"column":15},"end":{"line":235,"column":null}},"72":{"start":{"line":236,"column":2},"end":{"line":240,"column":null}},"73":{"start":{"line":244,"column":2},"end":{"line":247,"column":null}},"74":{"start":{"line":246,"column":16},"end":{"line":246,"column":24}},"75":{"start":{"line":251,"column":28},"end":{"line":251,"column":null}},"76":{"start":{"line":254,"column":2},"end":{"line":260,"column":null}},"77":{"start":{"line":255,"column":4},"end":{"line":255,"column":null}},"78":{"start":{"line":256,"column":4},"end":{"line":258,"column":null}},"79":{"start":{"line":257,"column":6},"end":{"line":257,"column":null}},"80":{"start":{"line":259,"column":4},"end":{"line":259,"column":null}},"81":{"start":{"line":262,"column":2},"end":{"line":262,"column":null}},"82":{"start":{"line":263,"column":2},"end":{"line":263,"column":null}},"83":{"start":{"line":266,"column":2},"end":{"line":266,"column":null}},"84":{"start":{"line":267,"column":2},"end":{"line":269,"column":null}},"85":{"start":{"line":272,"column":2},"end":{"line":272,"column":null}},"86":{"start":{"line":273,"column":2},"end":{"line":279,"column":null}},"87":{"start":{"line":282,"column":2},"end":{"line":282,"column":null}},"88":{"start":{"line":283,"column":2},"end":{"line":289,"column":null}},"89":{"start":{"line":291,"column":2},"end":{"line":291,"column":null}},"90":{"start":{"line":295,"column":8},"end":{"line":295,"column":null}},"91":{"start":{"line":297,"column":2},"end":{"line":297,"column":null}},"92":{"start":{"line":298,"column":2},"end":{"line":298,"column":null}},"93":{"start":{"line":299,"column":2},"end":{"line":299,"column":null}},"94":{"start":{"line":301,"column":2},"end":{"line":301,"column":null}},"95":{"start":{"line":302,"column":2},"end":{"line":302,"column":null}},"96":{"start":{"line":303,"column":2},"end":{"line":303,"column":null}},"97":{"start":{"line":304,"column":2},"end":{"line":304,"column":null}},"98":{"start":{"line":306,"column":8},"end":{"line":306,"column":null}},"99":{"start":{"line":307,"column":2},"end":{"line":307,"column":null}},"100":{"start":{"line":309,"column":2},"end":{"line":312,"column":null}},"101":{"start":{"line":310,"column":4},"end":{"line":310,"column":null}},"102":{"start":{"line":311,"column":4},"end":{"line":311,"column":null}},"103":{"start":{"line":314,"column":8},"end":{"line":314,"column":null}},"104":{"start":{"line":316,"column":2},"end":{"line":323,"column":null}},"105":{"start":{"line":317,"column":4},"end":{"line":317,"column":null}},"106":{"start":{"line":318,"column":4},"end":{"line":320,"column":null}},"107":{"start":{"line":319,"column":6},"end":{"line":319,"column":null}},"108":{"start":{"line":321,"column":4},"end":{"line":321,"column":null}},"109":{"start":{"line":322,"column":4},"end":{"line":322,"column":null}},"110":{"start":{"line":325,"column":2},"end":{"line":333,"column":null}},"111":{"start":{"line":326,"column":10},"end":{"line":326,"column":null}},"112":{"start":{"line":327,"column":4},"end":{"line":332,"column":null}},"113":{"start":{"line":328,"column":6},"end":{"line":331,"column":null}},"114":{"start":{"line":336,"column":2},"end":{"line":336,"column":null}},"115":{"start":{"line":337,"column":2},"end":{"line":337,"column":null}},"116":{"start":{"line":340,"column":23},"end":{"line":340,"column":null}},"117":{"start":{"line":343,"column":2},"end":{"line":343,"column":null}}},"fnMap":{"0":{"name":"openBrowser","decl":{"start":{"line":17,"column":9},"end":{"line":17,"column":21}},"loc":{"start":{"line":17,"column":40},"end":{"line":32,"column":null}},"line":17},"1":{"name":"(anonymous_1)","decl":{"start":{"line":25,"column":12},"end":{"line":25,"column":13}},"loc":{"start":{"line":25,"column":21},"end":{"line":31,"column":3}},"line":25},"2":{"name":"resolveNodePath","decl":{"start":{"line":34,"column":9},"end":{"line":34,"column":35}},"loc":{"start":{"line":34,"column":35},"end":{"line":40,"column":null}},"line":34},"3":{"name":"resolveGlobalRoot","decl":{"start":{"line":42,"column":9},"end":{"line":42,"column":44}},"loc":{"start":{"line":42,"column":44},"end":{"line":48,"column":null}},"line":42},"4":{"name":"saveToken","decl":{"start":{"line":50,"column":9},"end":{"line":50,"column":19}},"loc":{"start":{"line":50,"column":40},"end":{"line":64,"column":null}},"line":50},"5":{"name":"resolveGuiConfig","decl":{"start":{"line":67,"column":9},"end":{"line":67,"column":65}},"loc":{"start":{"line":67,"column":65},"end":{"line":78,"column":null}},"line":67},"6":{"name":"autoUpdateConfigs","decl":{"start":{"line":84,"column":9},"end":{"line":84,"column":27}},"loc":{"start":{"line":84,"column":52},"end":{"line":181,"column":null}},"line":84},"7":{"name":"setNestedToken","decl":{"start":{"line":184,"column":9},"end":{"line":184,"column":24}},"loc":{"start":{"line":184,"column":94},"end":{"line":200,"column":null}},"line":184},"8":{"name":"updateCommandAndArgs","decl":{"start":{"line":203,"column":9},"end":{"line":203,"column":null}},"loc":{"start":{"line":208,"column":8},"end":{"line":221,"column":null}},"line":208},"9":{"name":"mergeSearchatlasEntry","decl":{"start":{"line":224,"column":9},"end":{"line":224,"column":null}},"loc":{"start":{"line":230,"column":8},"end":{"line":241,"column":null}},"line":230},"10":{"name":"indent","decl":{"start":{"line":243,"column":9},"end":{"line":243,"column":16}},"loc":{"start":{"line":243,"column":38},"end":{"line":248,"column":null}},"line":243},"11":{"name":"(anonymous_11)","decl":{"start":{"line":246,"column":9},"end":{"line":246,"column":10}},"loc":{"start":{"line":246,"column":16},"end":{"line":246,"column":24}},"line":246},"12":{"name":"printConfigSnippets","decl":{"start":{"line":250,"column":9},"end":{"line":250,"column":29}},"loc":{"start":{"line":250,"column":74},"end":{"line":292,"column":null}},"line":250},"13":{"name":"runLogin","decl":{"start":{"line":294,"column":22},"end":{"line":294,"column":48}},"loc":{"start":{"line":294,"column":48},"end":{"line":344,"column":null}},"line":294}},"branchMap":{"0":{"loc":{"start":{"line":19,"column":4},"end":{"line":23,"column":null}},"type":"cond-expr","locations":[{"start":{"line":20,"column":8},"end":{"line":20,"column":null}},{"start":{"line":21,"column":8},"end":{"line":23,"column":null}}],"line":19},"1":{"loc":{"start":{"line":21,"column":8},"end":{"line":23,"column":null}},"type":"cond-expr","locations":[{"start":{"line":22,"column":10},"end":{"line":22,"column":null}},{"start":{"line":23,"column":10},"end":{"line":23,"column":null}}],"line":21},"2":{"loc":{"start":{"line":26,"column":4},"end":{"line":30,"column":null}},"type":"if","locations":[{"start":{"line":26,"column":4},"end":{"line":30,"column":null}},{"start":{},"end":{}}],"line":26},"3":{"loc":{"start":{"line":53,"column":2},"end":{"line":60,"column":null}},"type":"if","locations":[{"start":{"line":53,"column":2},"end":{"line":60,"column":null}},{"start":{},"end":{}}],"line":53},"4":{"loc":{"start":{"line":57,"column":6},"end":{"line":57,"column":null}},"type":"if","locations":[{"start":{"line":57,"column":6},"end":{"line":57,"column":null}},{"start":{},"end":{}}],"line":57},"5":{"loc":{"start":{"line":58,"column":6},"end":{"line":58,"column":null}},"type":"if","locations":[{"start":{"line":58,"column":6},"end":{"line":58,"column":null}},{"start":{},"end":{}}],"line":58},"6":{"loc":{"start":{"line":70,"column":21},"end":{"line":72,"column":null}},"type":"cond-expr","locations":[{"start":{"line":71,"column":6},"end":{"line":71,"column":null}},{"start":{"line":72,"column":6},"end":{"line":72,"column":null}}],"line":70},"7":{"loc":{"start":{"line":73,"column":27},"end":{"line":73,"column":null}},"type":"binary-expr","locations":[{"start":{"line":73,"column":27},"end":{"line":73,"column":41}},{"start":{"line":73,"column":27},"end":{"line":73,"column":null}}],"line":73},"8":{"loc":{"start":{"line":75,"column":9},"end":{"line":77,"column":null}},"type":"cond-expr","locations":[{"start":{"line":76,"column":6},"end":{"line":76,"column":null}},{"start":{"line":77,"column":6},"end":{"line":77,"column":null}}],"line":75},"9":{"loc":{"start":{"line":158,"column":6},"end":{"line":174,"column":null}},"type":"if","locations":[{"start":{"line":158,"column":6},"end":{"line":174,"column":null}},{"start":{},"end":{}}],"line":158},"10":{"loc":{"start":{"line":163,"column":8},"end":{"line":173,"column":null}},"type":"if","locations":[{"start":{"line":163,"column":8},"end":{"line":173,"column":null}},{"start":{"line":168,"column":15},"end":{"line":173,"column":null}}],"line":163},"11":{"loc":{"start":{"line":188,"column":4},"end":{"line":192,"column":null}},"type":"if","locations":[{"start":{"line":188,"column":4},"end":{"line":192,"column":null}},{"start":{"line":190,"column":11},"end":{"line":192,"column":null}}],"line":188},"12":{"loc":{"start":{"line":188,"column":8},"end":{"line":188,"column":58}},"type":"binary-expr","locations":[{"start":{"line":188,"column":8},"end":{"line":188,"column":24}},{"start":{"line":188,"column":24},"end":{"line":188,"column":58}}],"line":188},"13":{"loc":{"start":{"line":195,"column":2},"end":{"line":198,"column":null}},"type":"if","locations":[{"start":{"line":195,"column":2},"end":{"line":198,"column":null}},{"start":{},"end":{}}],"line":195},"14":{"loc":{"start":{"line":213,"column":4},"end":{"line":217,"column":null}},"type":"if","locations":[{"start":{"line":213,"column":4},"end":{"line":217,"column":null}},{"start":{"line":215,"column":11},"end":{"line":217,"column":null}}],"line":213},"15":{"loc":{"start":{"line":213,"column":8},"end":{"line":213,"column":58}},"type":"binary-expr","locations":[{"start":{"line":213,"column":8},"end":{"line":213,"column":24}},{"start":{"line":213,"column":24},"end":{"line":213,"column":58}}],"line":213},"16":{"loc":{"start":{"line":232,"column":2},"end":{"line":234,"column":null}},"type":"if","locations":[{"start":{"line":232,"column":2},"end":{"line":234,"column":null}},{"start":{},"end":{}}],"line":232},"17":{"loc":{"start":{"line":232,"column":6},"end":{"line":232,"column":57}},"type":"binary-expr","locations":[{"start":{"line":232,"column":6},"end":{"line":232,"column":23}},{"start":{"line":232,"column":23},"end":{"line":232,"column":57}}],"line":232},"18":{"loc":{"start":{"line":254,"column":2},"end":{"line":260,"column":null}},"type":"if","locations":[{"start":{"line":254,"column":2},"end":{"line":260,"column":null}},{"start":{},"end":{}}],"line":254},"19":{"loc":{"start":{"line":309,"column":2},"end":{"line":312,"column":null}},"type":"if","locations":[{"start":{"line":309,"column":2},"end":{"line":312,"column":null}},{"start":{},"end":{}}],"line":309},"20":{"loc":{"start":{"line":316,"column":2},"end":{"line":323,"column":null}},"type":"if","locations":[{"start":{"line":316,"column":2},"end":{"line":323,"column":null}},{"start":{},"end":{}}],"line":316},"21":{"loc":{"start":{"line":318,"column":4},"end":{"line":320,"column":null}},"type":"if","locations":[{"start":{"line":318,"column":4},"end":{"line":320,"column":null}},{"start":{},"end":{}}],"line":318},"22":{"loc":{"start":{"line":325,"column":2},"end":{"line":333,"column":null}},"type":"if","locations":[{"start":{"line":325,"column":2},"end":{"line":333,"column":null}},{"start":{},"end":{}}],"line":325},"23":{"loc":{"start":{"line":327,"column":4},"end":{"line":332,"column":null}},"type":"if","locations":[{"start":{"line":327,"column":4},"end":{"line":332,"column":null}},{"start":{},"end":{}}],"line":327}},"s":{"0":1,"1":1,"2":17,"3":17,"4":17,"5":1,"6":28,"7":28,"8":2,"9":28,"10":28,"11":2,"12":14,"13":14,"14":1,"15":1,"16":3,"17":3,"18":1,"19":2,"20":1,"21":14,"22":14,"23":28,"24":28,"25":28,"26":28,"27":28,"28":14,"29":14,"30":14,"31":14,"32":14,"33":14,"34":14,"35":14,"36":70,"37":70,"38":10,"39":10,"40":10,"41":4,"42":4,"43":4,"44":4,"45":4,"46":4,"47":14,"48":8,"49":8,"50":8,"51":18,"52":18,"53":14,"54":4,"55":4,"56":4,"57":4,"58":4,"59":0,"60":4,"61":4,"62":4,"63":8,"64":8,"65":0,"66":4,"67":4,"68":4,"69":4,"70":2,"71":4,"72":4,"73":28,"74":392,"75":14,"76":14,"77":4,"78":4,"79":8,"80":4,"81":14,"82":14,"83":14,"84":14,"85":14,"86":14,"87":14,"88":14,"89":14,"90":17,"91":17,"92":17,"93":17,"94":17,"95":17,"96":17,"97":17,"98":17,"99":17,"100":17,"101":1,"102":1,"103":16,"104":16,"105":2,"106":2,"107":1,"108":2,"109":2,"110":14,"111":14,"112":14,"113":13,"114":14,"115":14,"116":14,"117":14},"f":{"0":17,"1":17,"2":28,"3":28,"4":14,"5":28,"6":14,"7":8,"8":4,"9":4,"10":28,"11":392,"12":14,"13":17},"b":{"0":[17,0],"1":[0,0],"2":[1,16],"3":[1,13],"4":[1,2],"5":[1,1],"6":[26,2],"7":[28,26],"8":[0,28],"9":[10,60],"10":[4,4],"11":[14,4],"12":[18,14],"13":[4,0],"14":[8,0],"15":[8,8],"16":[2,2],"17":[4,2],"18":[4,10],"19":[1,16],"20":[2,14],"21":[1,1],"22":[14,0],"23":[13,1]},"meta":{"lastBranch":24,"lastFunction":14,"lastStatement":118,"seen":{"s:14:6:14:Infinity":0,"s:15:18:15:Infinity":1,"f:17:9:17:21":0,"s:19:4:23:Infinity":2,"b:20:8:20:Infinity:21:8:23:Infinity":0,"b:22:10:22:Infinity:23:10:23:Infinity":1,"s:25:2:31:Infinity":3,"f:25:12:25:13":1,"b:26:4:30:Infinity:undefined:undefined:undefined:undefined":2,"s:26:4:30:Infinity":4,"s:27:6:29:Infinity":5,"f:34:9:34:35":2,"s:35:2:39:Infinity":6,"s:36:4:36:Infinity":7,"s:38:4:38:Infinity":8,"f:42:9:42:44":3,"s:43:2:47:Infinity":9,"s:44:4:44:Infinity":10,"s:46:4:46:Infinity":11,"f:50:9:50:19":4,"s:51:26:51:Infinity":12,"b:53:2:60:Infinity:undefined:undefined:undefined:undefined":3,"s:53:2:60:Infinity":13,"s:54:10:54:Infinity":14,"s:55:4:59:Infinity":15,"s:56:22:56:Infinity":16,"b:57:6:57:Infinity:undefined:undefined:undefined:undefined":4,"s:57:6:57:Infinity":17,"s:57:52:57:Infinity":18,"b:58:6:58:Infinity:undefined:undefined:undefined:undefined":5,"s:58:6:58:Infinity":19,"s:58:19:58:Infinity":20,"s:62:2:62:Infinity":21,"s:63:2:63:Infinity":22,"f:67:9:67:65":5,"s:68:19:68:Infinity":23,"s:69:21:69:Infinity":24,"s:70:21:72:Infinity":25,"b:71:6:71:Infinity:72:6:72:Infinity":6,"s:73:27:73:Infinity":26,"b:73:27:73:41:73:27:73:Infinity":7,"s:75:2:77:Infinity":27,"b:76:6:76:Infinity:77:6:77:Infinity":8,"f:84:9:84:27":6,"s:85:28:85:Infinity":28,"s:86:28:86:Infinity":29,"s:87:14:87:Infinity":30,"s:88:8:88:Infinity":31,"s:91:27:99:Infinity":32,"s:102:23:110:Infinity":33,"s:118:7:154:Infinity":34,"s:156:2:178:Infinity":35,"s:157:4:177:Infinity":36,"b:158:6:174:Infinity:undefined:undefined:undefined:undefined":9,"s:158:6:174:Infinity":37,"s:160:25:160:Infinity":38,"s:161:26:161:Infinity":39,"b:163:8:173:Infinity:168:15:173:Infinity":10,"s:163:8:173:Infinity":40,"s:165:10:165:Infinity":41,"s:166:10:166:Infinity":42,"s:167:10:167:Infinity":43,"s:170:10:170:Infinity":44,"s:171:10:171:Infinity":45,"s:172:10:172:Infinity":46,"s:180:2:180:Infinity":47,"f:184:9:184:24":7,"s:185:41:185:Infinity":48,"s:186:2:193:Infinity":49,"s:186:15:186:18":50,"s:187:16:187:Infinity":51,"b:188:4:192:Infinity:190:11:192:Infinity":11,"s:188:4:192:Infinity":52,"b:188:8:188:24:188:24:188:58":12,"s:189:6:189:Infinity":53,"s:191:6:191:Infinity":54,"s:194:18:194:Infinity":55,"b:195:2:198:Infinity:undefined:undefined:undefined:undefined":13,"s:195:2:198:Infinity":56,"s:196:4:196:Infinity":57,"s:197:4:197:Infinity":58,"s:199:2:199:Infinity":59,"f:203:9:203:Infinity":8,"s:210:21:210:Infinity":60,"s:211:41:211:Infinity":61,"s:212:2:218:Infinity":62,"b:213:4:217:Infinity:215:11:217:Infinity":14,"s:213:4:217:Infinity":63,"b:213:8:213:24:213:24:213:58":15,"s:214:6:214:Infinity":64,"s:216:6:216:Infinity":65,"s:219:2:219:Infinity":66,"s:220:2:220:Infinity":67,"f:224:9:224:Infinity":9,"s:231:18:231:Infinity":68,"b:232:2:234:Infinity:undefined:undefined:undefined:undefined":16,"s:232:2:234:Infinity":69,"b:232:6:232:23:232:23:232:57":17,"s:233:4:233:Infinity":70,"s:235:15:235:Infinity":71,"s:236:2:240:Infinity":72,"f:243:9:243:16":10,"s:244:2:247:Infinity":73,"f:246:9:246:10":11,"s:246:16:246:24":74,"f:250:9:250:29":12,"s:251:28:251:Infinity":75,"b:254:2:260:Infinity:undefined:undefined:undefined:undefined":18,"s:254:2:260:Infinity":76,"s:255:4:255:Infinity":77,"s:256:4:258:Infinity":78,"s:257:6:257:Infinity":79,"s:259:4:259:Infinity":80,"s:262:2:262:Infinity":81,"s:263:2:263:Infinity":82,"s:266:2:266:Infinity":83,"s:267:2:269:Infinity":84,"s:272:2:272:Infinity":85,"s:273:2:279:Infinity":86,"s:282:2:282:Infinity":87,"s:283:2:289:Infinity":88,"s:291:2:291:Infinity":89,"f:294:22:294:48":13,"s:295:8:295:Infinity":90,"s:297:2:297:Infinity":91,"s:298:2:298:Infinity":92,"s:299:2:299:Infinity":93,"s:301:2:301:Infinity":94,"s:302:2:302:Infinity":95,"s:303:2:303:Infinity":96,"s:304:2:304:Infinity":97,"s:306:8:306:Infinity":98,"s:307:2:307:Infinity":99,"b:309:2:312:Infinity:undefined:undefined:undefined:undefined":19,"s:309:2:312:Infinity":100,"s:310:4:310:Infinity":101,"s:311:4:311:Infinity":102,"s:314:8:314:Infinity":103,"b:316:2:323:Infinity:undefined:undefined:undefined:undefined":20,"s:316:2:323:Infinity":104,"s:317:4:317:Infinity":105,"b:318:4:320:Infinity:undefined:undefined:undefined:undefined":21,"s:318:4:320:Infinity":106,"s:319:6:319:Infinity":107,"s:321:4:321:Infinity":108,"s:322:4:322:Infinity":109,"b:325:2:333:Infinity:undefined:undefined:undefined:undefined":22,"s:325:2:333:Infinity":110,"s:326:10:326:Infinity":111,"b:327:4:332:Infinity:undefined:undefined:undefined:undefined":23,"s:327:4:332:Infinity":112,"s:328:6:331:Infinity":113,"s:336:2:336:Infinity":114,"s:337:2:337:Infinity":115,"s:340:23:340:Infinity":116,"s:343:2:343:Infinity":117}}}
,"/Users/uzochukwuamara/Code/SearchAtlas/searchatlas-mcp-server/src/tools/agent-tools.ts": {"path":"/Users/uzochukwuamara/Code/SearchAtlas/searchatlas-mcp-server/src/tools/agent-tools.ts","statementMap":{"0":{"start":{"line":13,"column":25},"end":{"line":28,"column":null}},"1":{"start":{"line":31,"column":2},"end":{"line":59,"column":null}},"2":{"start":{"line":32,"column":4},"end":{"line":58,"column":null}},"3":{"start":{"line":37,"column":8},"end":{"line":56,"column":null}},"4":{"start":{"line":38,"column":48},"end":{"line":41,"column":null}},"5":{"start":{"line":42,"column":10},"end":{"line":42,"column":null}},"6":{"start":{"line":42,"column":40},"end":{"line":42,"column":null}},"7":{"start":{"line":43,"column":10},"end":{"line":43,"column":null}},"8":{"start":{"line":43,"column":27},"end":{"line":43,"column":null}},"9":{"start":{"line":45,"column":26},"end":{"line":49,"column":null}},"10":{"start":{"line":50,"column":10},"end":{"line":50,"column":null}},"11":{"start":{"line":52,"column":10},"end":{"line":55,"column":null}}},"fnMap":{"0":{"name":"registerAgentTools","decl":{"start":{"line":30,"column":16},"end":{"line":30,"column":35}},"loc":{"start":{"line":30,"column":76},"end":{"line":60,"column":null}},"line":30},"1":{"name":"(anonymous_1)","decl":{"start":{"line":36,"column":6},"end":{"line":36,"column":13}},"loc":{"start":{"line":36,"column":65},"end":{"line":57,"column":null}},"line":36}},"branchMap":{"0":{"loc":{"start":{"line":40,"column":23},"end":{"line":40,"column":null}},"type":"binary-expr","locations":[{"start":{"line":40,"column":23},"end":{"line":40,"column":36}},{"start":{"line":40,"column":36},"end":{"line":40,"column":null}}],"line":40},"1":{"loc":{"start":{"line":42,"column":10},"end":{"line":42,"column":null}},"type":"if","locations":[{"start":{"line":42,"column":10},"end":{"line":42,"column":null}},{"start":{},"end":{}}],"line":42},"2":{"loc":{"start":{"line":43,"column":10},"end":{"line":43,"column":null}},"type":"if","locations":[{"start":{"line":43,"column":10},"end":{"line":43,"column":null}},{"start":{},"end":{}}],"line":43}},"s":{"0":1,"1":7,"2":70,"3":14,"4":14,"5":14,"6":1,"7":14,"8":1,"9":14,"10":13,"11":1},"f":{"0":7,"1":14},"b":{"0":[14,0],"1":[1,13],"2":[1,13]},"meta":{"lastBranch":3,"lastFunction":2,"lastStatement":12,"seen":{"s:13:25:28:Infinity":0,"f:30:16:30:35":0,"s:31:2:59:Infinity":1,"s:32:4:58:Infinity":2,"f:36:6:36:13":1,"s:37:8:56:Infinity":3,"s:38:48:41:Infinity":4,"b:40:23:40:36:40:36:40:Infinity":0,"b:42:10:42:Infinity:undefined:undefined:undefined:undefined":1,"s:42:10:42:Infinity":5,"s:42:40:42:Infinity":6,"b:43:10:43:Infinity:undefined:undefined:undefined:undefined":2,"s:43:10:43:Infinity":7,"s:43:27:43:Infinity":8,"s:45:26:49:Infinity":9,"s:50:10:50:Infinity":10,"s:52:10:55:Infinity":11}}}
,"/Users/uzochukwuamara/Code/SearchAtlas/searchatlas-mcp-server/src/tools/artifact-tools.ts": {"path":"/Users/uzochukwuamara/Code/SearchAtlas/searchatlas-mcp-server/src/tools/artifact-tools.ts","statementMap":{"0":{"start":{"line":13,"column":2},"end":{"line":55,"column":null}},"1":{"start":{"line":30,"column":6},"end":{"line":53,"column":null}},"2":{"start":{"line":31,"column":47},"end":{"line":33,"column":null}},"3":{"start":{"line":34,"column":8},"end":{"line":34,"column":null}},"4":{"start":{"line":34,"column":23},"end":{"line":34,"column":null}},"5":{"start":{"line":35,"column":8},"end":{"line":35,"column":null}},"6":{"start":{"line":35,"column":18},"end":{"line":35,"column":null}},"7":{"start":{"line":36,"column":8},"end":{"line":36,"column":null}},"8":{"start":{"line":36,"column":20},"end":{"line":36,"column":null}},"9":{"start":{"line":37,"column":8},"end":{"line":37,"column":null}},"10":{"start":{"line":37,"column":23},"end":{"line":37,"column":null}},"11":{"start":{"line":39,"column":21},"end":{"line":43,"column":null}},"12":{"start":{"line":45,"column":8},"end":{"line":47,"column":null}},"13":{"start":{"line":49,"column":8},"end":{"line":52,"column":null}}},"fnMap":{"0":{"name":"registerArtifactTools","decl":{"start":{"line":12,"column":16},"end":{"line":12,"column":38}},"loc":{"start":{"line":12,"column":79},"end":{"line":56,"column":null}},"line":12},"1":{"name":"(anonymous_1)","decl":{"start":{"line":29,"column":4},"end":{"line":29,"column":11}},"loc":{"start":{"line":29,"column":60},"end":{"line":54,"column":null}},"line":29}},"branchMap":{"0":{"loc":{"start":{"line":32,"column":23},"end":{"line":32,"column":32}},"type":"binary-expr","locations":[{"start":{"line":32,"column":23},"end":{"line":32,"column":31}},{"start":{"line":32,"column":31},"end":{"line":32,"column":32}}],"line":32},"1":{"loc":{"start":{"line":34,"column":8},"end":{"line":34,"column":null}},"type":"if","locations":[{"start":{"line":34,"column":8},"end":{"line":34,"column":null}},{"start":{},"end":{}}],"line":34},"2":{"loc":{"start":{"line":35,"column":8},"end":{"line":35,"column":null}},"type":"if","locations":[{"start":{"line":35,"column":8},"end":{"line":35,"column":null}},{"start":{},"end":{}}],"line":35},"3":{"loc":{"start":{"line":36,"column":8},"end":{"line":36,"column":null}},"type":"if","locations":[{"start":{"line":36,"column":8},"end":{"line":36,"column":null}},{"start":{},"end":{}}],"line":36},"4":{"loc":{"start":{"line":37,"column":8},"end":{"line":37,"column":null}},"type":"if","locations":[{"start":{"line":37,"column":8},"end":{"line":37,"column":null}},{"start":{},"end":{}}],"line":37}},"s":{"0":6,"1":5,"2":5,"3":5,"4":5,"5":5,"6":1,"7":5,"8":1,"9":5,"10":1,"11":5,"12":4,"13":1},"f":{"0":6,"1":5},"b":{"0":[5,0],"1":[5,0],"2":[1,4],"3":[1,4],"4":[1,4]},"meta":{"lastBranch":5,"lastFunction":2,"lastStatement":14,"seen":{"f:12:16:12:38":0,"s:13:2:55:Infinity":0,"f:29:4:29:11":1,"s:30:6:53:Infinity":1,"s:31:47:33:Infinity":2,"b:32:23:32:31:32:31:32:32":0,"b:34:8:34:Infinity:undefined:undefined:undefined:undefined":1,"s:34:8:34:Infinity":3,"s:34:23:34:Infinity":4,"b:35:8:35:Infinity:undefined:undefined:undefined:undefined":2,"s:35:8:35:Infinity":5,"s:35:18:35:Infinity":6,"b:36:8:36:Infinity:undefined:undefined:undefined:undefined":3,"s:36:8:36:Infinity":7,"s:36:20:36:Infinity":8,"b:37:8:37:Infinity:undefined:undefined:undefined:undefined":4,"s:37:8:37:Infinity":9,"s:37:23:37:Infinity":10,"s:39:21:43:Infinity":11,"s:45:8:47:Infinity":12,"s:49:8:52:Infinity":13}}}
,"/Users/uzochukwuamara/Code/SearchAtlas/searchatlas-mcp-server/src/tools/conversation-tools.ts": {"path":"/Users/uzochukwuamara/Code/SearchAtlas/searchatlas-mcp-server/src/tools/conversation-tools.ts","statementMap":{"0":{"start":{"line":12,"column":2},"end":{"line":49,"column":null}},"1":{"start":{"line":25,"column":6},"end":{"line":47,"column":null}},"2":{"start":{"line":26,"column":47},"end":{"line":28,"column":null}},"3":{"start":{"line":29,"column":8},"end":{"line":29,"column":null}},"4":{"start":{"line":29,"column":23},"end":{"line":29,"column":null}},"5":{"start":{"line":30,"column":8},"end":{"line":30,"column":null}},"6":{"start":{"line":30,"column":29},"end":{"line":30,"column":null}},"7":{"start":{"line":31,"column":8},"end":{"line":31,"column":null}},"8":{"start":{"line":31,"column":20},"end":{"line":31,"column":null}},"9":{"start":{"line":33,"column":21},"end":{"line":37,"column":null}},"10":{"start":{"line":39,"column":8},"end":{"line":41,"column":null}},"11":{"start":{"line":43,"column":8},"end":{"line":46,"column":null}}},"fnMap":{"0":{"name":"registerConversationTools","decl":{"start":{"line":11,"column":16},"end":{"line":11,"column":42}},"loc":{"start":{"line":11,"column":83},"end":{"line":50,"column":null}},"line":11},"1":{"name":"(anonymous_1)","decl":{"start":{"line":24,"column":4},"end":{"line":24,"column":11}},"loc":{"start":{"line":24,"column":60},"end":{"line":48,"column":null}},"line":24}},"branchMap":{"0":{"loc":{"start":{"line":27,"column":23},"end":{"line":27,"column":32}},"type":"binary-expr","locations":[{"start":{"line":27,"column":23},"end":{"line":27,"column":31}},{"start":{"line":27,"column":31},"end":{"line":27,"column":32}}],"line":27},"1":{"loc":{"start":{"line":29,"column":8},"end":{"line":29,"column":null}},"type":"if","locations":[{"start":{"line":29,"column":8},"end":{"line":29,"column":null}},{"start":{},"end":{}}],"line":29},"2":{"loc":{"start":{"line":30,"column":8},"end":{"line":30,"column":null}},"type":"if","locations":[{"start":{"line":30,"column":8},"end":{"line":30,"column":null}},{"start":{},"end":{}}],"line":30},"3":{"loc":{"start":{"line":31,"column":8},"end":{"line":31,"column":null}},"type":"if","locations":[{"start":{"line":31,"column":8},"end":{"line":31,"column":null}},{"start":{},"end":{}}],"line":31}},"s":{"0":6,"1":5,"2":5,"3":5,"4":4,"5":5,"6":1,"7":5,"8":1,"9":5,"10":4,"11":1},"f":{"0":6,"1":5},"b":{"0":[5,0],"1":[4,1],"2":[1,4],"3":[1,4]},"meta":{"lastBranch":4,"lastFunction":2,"lastStatement":12,"seen":{"f:11:16:11:42":0,"s:12:2:49:Infinity":0,"f:24:4:24:11":1,"s:25:6:47:Infinity":1,"s:26:47:28:Infinity":2,"b:27:23:27:31:27:31:27:32":0,"b:29:8:29:Infinity:undefined:undefined:undefined:undefined":1,"s:29:8:29:Infinity":3,"s:29:23:29:Infinity":4,"b:30:8:30:Infinity:undefined:undefined:undefined:undefined":2,"s:30:8:30:Infinity":5,"s:30:29:30:Infinity":6,"b:31:8:31:Infinity:undefined:undefined:undefined:undefined":3,"s:31:8:31:Infinity":7,"s:31:20:31:Infinity":8,"s:33:21:37:Infinity":9,"s:39:8:41:Infinity":10,"s:43:8:46:Infinity":11}}}
,"/Users/uzochukwuamara/Code/SearchAtlas/searchatlas-mcp-server/src/tools/playbook-tools.ts": {"path":"/Users/uzochukwuamara/Code/SearchAtlas/searchatlas-mcp-server/src/tools/playbook-tools.ts","statementMap":{"0":{"start":{"line":14,"column":2},"end":{"line":57,"column":null}},"1":{"start":{"line":32,"column":6},"end":{"line":55,"column":null}},"2":{"start":{"line":33,"column":47},"end":{"line":35,"column":null}},"3":{"start":{"line":36,"column":8},"end":{"line":36,"column":null}},"4":{"start":{"line":36,"column":40},"end":{"line":36,"column":null}},"5":{"start":{"line":37,"column":8},"end":{"line":37,"column":null}},"6":{"start":{"line":37,"column":23},"end":{"line":37,"column":null}},"7":{"start":{"line":38,"column":8},"end":{"line":38,"column":null}},"8":{"start":{"line":38,"column":29},"end":{"line":38,"column":null}},"9":{"start":{"line":39,"column":8},"end":{"line":39,"column":null}},"10":{"start":{"line":39,"column":20},"end":{"line":39,"column":null}},"11":{"start":{"line":41,"column":21},"end":{"line":45,"column":null}},"12":{"start":{"line":47,"column":8},"end":{"line":49,"column":null}},"13":{"start":{"line":51,"column":8},"end":{"line":54,"column":null}},"14":{"start":{"line":59,"column":2},"end":{"line":100,"column":null}},"15":{"start":{"line":79,"column":6},"end":{"line":98,"column":null}},"16":{"start":{"line":81,"column":19},"end":{"line":81,"column":null}},"17":{"start":{"line":82,"column":22},"end":{"line":82,"column":null}},"18":{"start":{"line":82,"column":50},"end":{"line":82,"column":75}},"19":{"start":{"line":83,"column":25},"end":{"line":83,"column":null}},"20":{"start":{"line":85,"column":24},"end":{"line":90,"column":null}},"21":{"start":{"line":92,"column":8},"end":{"line":92,"column":null}},"22":{"start":{"line":94,"column":8},"end":{"line":97,"column":null}}},"fnMap":{"0":{"name":"registerPlaybookTools","decl":{"start":{"line":13,"column":16},"end":{"line":13,"column":38}},"loc":{"start":{"line":13,"column":79},"end":{"line":101,"column":null}},"line":13},"1":{"name":"(anonymous_1)","decl":{"start":{"line":31,"column":4},"end":{"line":31,"column":11}},"loc":{"start":{"line":31,"column":68},"end":{"line":56,"column":null}},"line":31},"2":{"name":"(anonymous_2)","decl":{"start":{"line":78,"column":4},"end":{"line":78,"column":11}},"loc":{"start":{"line":78,"column":69},"end":{"line":99,"column":null}},"line":78},"3":{"name":"(anonymous_3)","decl":{"start":{"line":82,"column":43},"end":{"line":82,"column":44}},"loc":{"start":{"line":82,"column":50},"end":{"line":82,"column":75}},"line":82}},"branchMap":{"0":{"loc":{"start":{"line":34,"column":23},"end":{"line":34,"column":32}},"type":"binary-expr","locations":[{"start":{"line":34,"column":23},"end":{"line":34,"column":31}},{"start":{"line":34,"column":31},"end":{"line":34,"column":32}}],"line":34},"1":{"loc":{"start":{"line":36,"column":8},"end":{"line":36,"column":null}},"type":"if","locations":[{"start":{"line":36,"column":8},"end":{"line":36,"column":null}},{"start":{},"end":{}}],"line":36},"2":{"loc":{"start":{"line":36,"column":12},"end":{"line":36,"column":40}},"type":"binary-expr","locations":[{"start":{"line":36,"column":12},"end":{"line":36,"column":22}},{"start":{"line":36,"column":22},"end":{"line":36,"column":40}}],"line":36},"3":{"loc":{"start":{"line":37,"column":8},"end":{"line":37,"column":null}},"type":"if","locations":[{"start":{"line":37,"column":8},"end":{"line":37,"column":null}},{"start":{},"end":{}}],"line":37},"4":{"loc":{"start":{"line":38,"column":8},"end":{"line":38,"column":null}},"type":"if","locations":[{"start":{"line":38,"column":8},"end":{"line":38,"column":null}},{"start":{},"end":{}}],"line":38},"5":{"loc":{"start":{"line":39,"column":8},"end":{"line":39,"column":null}},"type":"if","locations":[{"start":{"line":39,"column":8},"end":{"line":39,"column":null}},{"start":{},"end":{}}],"line":39},"6":{"loc":{"start":{"line":81,"column":19},"end":{"line":81,"column":null}},"type":"binary-expr","locations":[{"start":{"line":81,"column":19},"end":{"line":81,"column":38}},{"start":{"line":81,"column":38},"end":{"line":81,"column":null}}],"line":81},"7":{"loc":{"start":{"line":83,"column":25},"end":{"line":83,"column":null}},"type":"binary-expr","locations":[{"start":{"line":83,"column":25},"end":{"line":83,"column":44}},{"start":{"line":83,"column":44},"end":{"line":83,"column":null}}],"line":83},"8":{"loc":{"start":{"line":86,"column":19},"end":{"line":86,"column":null}},"type":"binary-expr","locations":[{"start":{"line":86,"column":19},"end":{"line":86,"column":30}},{"start":{"line":86,"column":30},"end":{"line":86,"column":null}}],"line":86}},"s":{"0":12,"1":5,"2":5,"3":5,"4":2,"5":5,"6":5,"7":5,"8":1,"9":5,"10":1,"11":5,"12":4,"13":1,"14":12,"15":6,"16":6,"17":6,"18":19,"19":6,"20":6,"21":5,"22":1},"f":{"0":12,"1":5,"2":6,"3":19},"b":{"0":[5,0],"1":[2,3],"2":[5,5],"3":[5,0],"4":[1,4],"5":[1,4],"6":[6,3],"7":[6,1],"8":[6,1]},"meta":{"lastBranch":9,"lastFunction":4,"lastStatement":23,"seen":{"f:13:16:13:38":0,"s:14:2:57:Infinity":0,"f:31:4:31:11":1,"s:32:6:55:Infinity":1,"s:33:47:35:Infinity":2,"b:34:23:34:31:34:31:34:32":0,"b:36:8:36:Infinity:undefined:undefined:undefined:undefined":1,"s:36:8:36:Infinity":3,"b:36:12:36:22:36:22:36:40":2,"s:36:40:36:Infinity":4,"b:37:8:37:Infinity:undefined:undefined:undefined:undefined":3,"s:37:8:37:Infinity":5,"s:37:23:37:Infinity":6,"b:38:8:38:Infinity:undefined:undefined:undefined:undefined":4,"s:38:8:38:Infinity":7,"s:38:29:38:Infinity":8,"b:39:8:39:Infinity:undefined:undefined:undefined:undefined":5,"s:39:8:39:Infinity":9,"s:39:20:39:Infinity":10,"s:41:21:45:Infinity":11,"s:47:8:49:Infinity":12,"s:51:8:54:Infinity":13,"s:59:2:100:Infinity":14,"f:78:4:78:11":2,"s:79:6:98:Infinity":15,"s:81:19:81:Infinity":16,"b:81:19:81:38:81:38:81:Infinity":6,"s:82:22:82:Infinity":17,"f:82:43:82:44":3,"s:82:50:82:75":18,"s:83:25:83:Infinity":19,"b:83:25:83:44:83:44:83:Infinity":7,"s:85:24:90:Infinity":20,"b:86:19:86:30:86:30:86:Infinity":8,"s:92:8:92:Infinity":21,"s:94:8:97:Infinity":22}}}
,"/Users/uzochukwuamara/Code/SearchAtlas/searchatlas-mcp-server/src/tools/project-tools.ts": {"path":"/Users/uzochukwuamara/Code/SearchAtlas/searchatlas-mcp-server/src/tools/project-tools.ts","statementMap":{"0":{"start":{"line":13,"column":2},"end":{"line":47,"column":null}},"1":{"start":{"line":22,"column":6},"end":{"line":45,"column":null}},"2":{"start":{"line":23,"column":47},"end":{"line":26,"column":null}},"3":{"start":{"line":27,"column":8},"end":{"line":27,"column":null}},"4":{"start":{"line":27,"column":20},"end":{"line":27,"column":null}},"5":{"start":{"line":29,"column":21},"end":{"line":33,"column":null}},"6":{"start":{"line":35,"column":8},"end":{"line":39,"column":null}},"7":{"start":{"line":41,"column":8},"end":{"line":44,"column":null}},"8":{"start":{"line":49,"column":2},"end":{"line":83,"column":null}},"9":{"start":{"line":61,"column":6},"end":{"line":81,"column":null}},"10":{"start":{"line":62,"column":21},"end":{"line":69,"column":null}},"11":{"start":{"line":71,"column":8},"end":{"line":75,"column":null}},"12":{"start":{"line":77,"column":8},"end":{"line":80,"column":null}}},"fnMap":{"0":{"name":"registerProjectTools","decl":{"start":{"line":12,"column":16},"end":{"line":12,"column":37}},"loc":{"start":{"line":12,"column":78},"end":{"line":84,"column":null}},"line":12},"1":{"name":"(anonymous_1)","decl":{"start":{"line":21,"column":4},"end":{"line":21,"column":11}},"loc":{"start":{"line":21,"column":43},"end":{"line":46,"column":null}},"line":21},"2":{"name":"(anonymous_2)","decl":{"start":{"line":60,"column":4},"end":{"line":60,"column":11}},"loc":{"start":{"line":60,"column":40},"end":{"line":82,"column":null}},"line":60}},"branchMap":{"0":{"loc":{"start":{"line":24,"column":23},"end":{"line":24,"column":32}},"type":"binary-expr","locations":[{"start":{"line":24,"column":23},"end":{"line":24,"column":31}},{"start":{"line":24,"column":31},"end":{"line":24,"column":32}}],"line":24},"1":{"loc":{"start":{"line":25,"column":28},"end":{"line":25,"column":43}},"type":"binary-expr","locations":[{"start":{"line":25,"column":28},"end":{"line":25,"column":41}},{"start":{"line":25,"column":41},"end":{"line":25,"column":43}}],"line":25},"2":{"loc":{"start":{"line":27,"column":8},"end":{"line":27,"column":null}},"type":"if","locations":[{"start":{"line":27,"column":8},"end":{"line":27,"column":null}},{"start":{},"end":{}}],"line":27},"3":{"loc":{"start":{"line":66,"column":26},"end":{"line":66,"column":null}},"type":"binary-expr","locations":[{"start":{"line":66,"column":26},"end":{"line":66,"column":42}},{"start":{"line":66,"column":42},"end":{"line":66,"column":null}}],"line":66}},"s":{"0":8,"1":4,"2":4,"3":4,"4":1,"5":4,"6":3,"7":1,"8":8,"9":3,"10":3,"11":2,"12":1},"f":{"0":8,"1":4,"2":3},"b":{"0":[4,1],"1":[4,1],"2":[1,3],"3":[3,1]},"meta":{"lastBranch":4,"lastFunction":3,"lastStatement":13,"seen":{"f:12:16:12:37":0,"s:13:2:47:Infinity":0,"f:21:4:21:11":1,"s:22:6:45:Infinity":1,"s:23:47:26:Infinity":2,"b:24:23:24:31:24:31:24:32":0,"b:25:28:25:41:25:41:25:43":1,"b:27:8:27:Infinity:undefined:undefined:undefined:undefined":2,"s:27:8:27:Infinity":3,"s:27:20:27:Infinity":4,"s:29:21:33:Infinity":5,"s:35:8:39:Infinity":6,"s:41:8:44:Infinity":7,"s:49:2:83:Infinity":8,"f:60:4:60:11":2,"s:61:6:81:Infinity":9,"s:62:21:69:Infinity":10,"b:66:26:66:42:66:42:66:Infinity":3,"s:71:8:75:Infinity":11,"s:77:8:80:Infinity":12}}}
,"/Users/uzochukwuamara/Code/SearchAtlas/searchatlas-mcp-server/src/tools/register-all.ts": {"path":"/Users/uzochukwuamara/Code/SearchAtlas/searchatlas-mcp-server/src/tools/register-all.ts","statementMap":{"0":{"start":{"line":14,"column":2},"end":{"line":14,"column":null}},"1":{"start":{"line":15,"column":2},"end":{"line":15,"column":null}},"2":{"start":{"line":16,"column":2},"end":{"line":16,"column":null}},"3":{"start":{"line":17,"column":2},"end":{"line":17,"column":null}},"4":{"start":{"line":18,"column":2},"end":{"line":18,"column":null}}},"fnMap":{"0":{"name":"registerAllTools","decl":{"start":{"line":13,"column":16},"end":{"line":13,"column":33}},"loc":{"start":{"line":13,"column":74},"end":{"line":19,"column":null}},"line":13}},"branchMap":{},"s":{"0":2,"1":2,"2":2,"3":2,"4":2},"f":{"0":2},"b":{},"meta":{"lastBranch":0,"lastFunction":1,"lastStatement":5,"seen":{"f:13:16:13:33":0,"s:14:2:14:Infinity":0,"s:15:2:15:Infinity":1,"s:16:2:16:Infinity":2,"s:17:2:17:Infinity":3,"s:18:2:18:Infinity":4}}}
,"/Users/uzochukwuamara/Code/SearchAtlas/searchatlas-mcp-server/src/types/agents.ts": {"path":"/Users/uzochukwuamara/Code/SearchAtlas/searchatlas-mcp-server/src/types/agents.ts","statementMap":{"0":{"start":{"line":20,"column":48},"end":{"line":101,"column":null}}},"fnMap":{},"branchMap":{},"s":{"0":3},"f":{},"b":{},"meta":{"lastBranch":0,"lastFunction":0,"lastStatement":1,"seen":{"s:20:48:101:Infinity":0}}}
,"/Users/uzochukwuamara/Code/SearchAtlas/searchatlas-mcp-server/src/utils/api-client.ts": {"path":"/Users/uzochukwuamara/Code/SearchAtlas/searchatlas-mcp-server/src/utils/api-client.ts","statementMap":{"0":{"start":{"line":19,"column":14},"end":{"line":19,"column":null}},"1":{"start":{"line":20,"column":2},"end":{"line":24,"column":null}},"2":{"start":{"line":21,"column":4},"end":{"line":23,"column":null}},"3":{"start":{"line":22,"column":6},"end":{"line":22,"column":null}},"4":{"start":{"line":22,"column":39},"end":{"line":22,"column":null}},"5":{"start":{"line":26,"column":14},"end":{"line":30,"column":null}},"6":{"start":{"line":32,"column":2},"end":{"line":34,"column":null}},"7":{"start":{"line":33,"column":4},"end":{"line":33,"column":null}},"8":{"start":{"line":36,"column":2},"end":{"line":43,"column":null}},"9":{"start":{"line":37,"column":17},"end":{"line":37,"column":null}},"10":{"start":{"line":37,"column":46},"end":{"line":37,"column":48}},"11":{"start":{"line":38,"column":4},"end":{"line":42,"column":null}},"12":{"start":{"line":46,"column":2},"end":{"line":46,"column":null}},"13":{"start":{"line":46,"column":26},"end":{"line":46,"column":null}},"14":{"start":{"line":48,"column":2},"end":{"line":48,"column":null}},"15":{"start":{"line":62,"column":14},"end":{"line":62,"column":null}},"16":{"start":{"line":64,"column":14},"end":{"line":73,"column":null}},"17":{"start":{"line":75,"column":2},"end":{"line":77,"column":null}},"18":{"start":{"line":76,"column":4},"end":{"line":76,"column":null}},"19":{"start":{"line":79,"column":2},"end":{"line":86,"column":null}},"20":{"start":{"line":80,"column":17},"end":{"line":80,"column":null}},"21":{"start":{"line":80,"column":46},"end":{"line":80,"column":48}},"22":{"start":{"line":81,"column":4},"end":{"line":85,"column":null}},"23":{"start":{"line":88,"column":2},"end":{"line":90,"column":null}},"24":{"start":{"line":89,"column":4},"end":{"line":89,"column":null}},"25":{"start":{"line":92,"column":2},"end":{"line":92,"column":null}},"26":{"start":{"line":97,"column":17},"end":{"line":97,"column":null}},"27":{"start":{"line":98,"column":18},"end":{"line":98,"column":null}},"28":{"start":{"line":99,"column":15},"end":{"line":99,"column":null}},"29":{"start":{"line":100,"column":15},"end":{"line":100,"column":null}},"30":{"start":{"line":102,"column":2},"end":{"line":132,"column":null}},"31":{"start":{"line":103,"column":4},"end":{"line":129,"column":null}},"32":{"start":{"line":104,"column":30},"end":{"line":104,"column":null}},"33":{"start":{"line":105,"column":6},"end":{"line":105,"column":null}},"34":{"start":{"line":105,"column":16},"end":{"line":105,"column":null}},"35":{"start":{"line":107,"column":6},"end":{"line":107,"column":null}},"36":{"start":{"line":110,"column":23},"end":{"line":110,"column":null}},"37":{"start":{"line":111,"column":6},"end":{"line":111,"column":null}},"38":{"start":{"line":113,"column":6},"end":{"line":128,"column":null}},"39":{"start":{"line":114,"column":22},"end":{"line":114,"column":null}},"40":{"start":{"line":115,"column":8},"end":{"line":115,"column":null}},"41":{"start":{"line":115,"column":20},"end":{"line":115,"column":null}},"42":{"start":{"line":117,"column":8},"end":{"line":119,"column":null}},"43":{"start":{"line":118,"column":10},"end":{"line":118,"column":null}},"44":{"start":{"line":121,"column":8},"end":{"line":123,"column":null}},"45":{"start":{"line":122,"column":10},"end":{"line":122,"column":null}},"46":{"start":{"line":125,"column":8},"end":{"line":127,"column":null}},"47":{"start":{"line":126,"column":10},"end":{"line":126,"column":null}},"48":{"start":{"line":131,"column":4},"end":{"line":131,"column":null}},"49":{"start":{"line":134,"column":2},"end":{"line":134,"column":null}},"50":{"start":{"line":138,"column":18},"end":{"line":138,"column":null}},"51":{"start":{"line":139,"column":2},"end":{"line":139,"column":null}},"52":{"start":{"line":139,"column":37},"end":{"line":139,"column":null}},"53":{"start":{"line":141,"column":2},"end":{"line":145,"column":null}},"54":{"start":{"line":142,"column":4},"end":{"line":142,"column":null}},"55":{"start":{"line":144,"column":4},"end":{"line":144,"column":null}}},"fnMap":{"0":{"name":"apiRequest","decl":{"start":{"line":14,"column":22},"end":{"line":14,"column":null}},"loc":{"start":{"line":18,"column":14},"end":{"line":49,"column":null}},"line":18},"1":{"name":"(anonymous_1)","decl":{"start":{"line":37,"column":40},"end":{"line":37,"column":46}},"loc":{"start":{"line":37,"column":46},"end":{"line":37,"column":48}},"line":37},"2":{"name":"streamAgentMessage","decl":{"start":{"line":57,"column":22},"end":{"line":57,"column":null}},"loc":{"start":{"line":61,"column":19},"end":{"line":93,"column":null}},"line":61},"3":{"name":"(anonymous_3)","decl":{"start":{"line":80,"column":40},"end":{"line":80,"column":46}},"loc":{"start":{"line":80,"column":46},"end":{"line":80,"column":48}},"line":80},"4":{"name":"collectSSEStream","decl":{"start":{"line":96,"column":15},"end":{"line":96,"column":32}},"loc":{"start":{"line":96,"column":83},"end":{"line":135,"column":null}},"line":96},"5":{"name":"parseSSEChunk","decl":{"start":{"line":137,"column":9},"end":{"line":137,"column":23}},"loc":{"start":{"line":137,"column":54},"end":{"line":146,"column":null}},"line":137}},"branchMap":{"0":{"loc":{"start":{"line":17,"column":2},"end":{"line":17,"column":null}},"type":"default-arg","locations":[{"start":{"line":17,"column":82},"end":{"line":17,"column":null}}],"line":17},"1":{"loc":{"start":{"line":20,"column":2},"end":{"line":24,"column":null}},"type":"if","locations":[{"start":{"line":20,"column":2},"end":{"line":24,"column":null}},{"start":{},"end":{}}],"line":20},"2":{"loc":{"start":{"line":22,"column":6},"end":{"line":22,"column":null}},"type":"if","locations":[{"start":{"line":22,"column":6},"end":{"line":22,"column":null}},{"start":{},"end":{}}],"line":22},"3":{"loc":{"start":{"line":22,"column":10},"end":{"line":22,"column":39}},"type":"binary-expr","locations":[{"start":{"line":22,"column":10},"end":{"line":22,"column":29}},{"start":{"line":22,"column":29},"end":{"line":22,"column":39}}],"line":22},"4":{"loc":{"start":{"line":27,"column":12},"end":{"line":27,"column":null}},"type":"binary-expr","locations":[{"start":{"line":27,"column":12},"end":{"line":27,"column":30}},{"start":{"line":27,"column":30},"end":{"line":27,"column":null}}],"line":27},"5":{"loc":{"start":{"line":29,"column":8},"end":{"line":29,"column":null}},"type":"binary-expr","locations":[{"start":{"line":29,"column":8},"end":{"line":29,"column":38}},{"start":{"line":29,"column":38},"end":{"line":29,"column":null}}],"line":29},"6":{"loc":{"start":{"line":32,"column":2},"end":{"line":34,"column":null}},"type":"if","locations":[{"start":{"line":32,"column":2},"end":{"line":34,"column":null}},{"start":{},"end":{}}],"line":32},"7":{"loc":{"start":{"line":32,"column":6},"end":{"line":32,"column":48}},"type":"binary-expr","locations":[{"start":{"line":32,"column":6},"end":{"line":32,"column":28}},{"start":{"line":32,"column":28},"end":{"line":32,"column":48}}],"line":32},"8":{"loc":{"start":{"line":36,"column":2},"end":{"line":43,"column":null}},"type":"if","locations":[{"start":{"line":36,"column":2},"end":{"line":43,"column":null}},{"start":{},"end":{}}],"line":36},"9":{"loc":{"start":{"line":39,"column":6},"end":{"line":39,"column":null}},"type":"binary-expr","locations":[{"start":{"line":39,"column":6},"end":{"line":39,"column":14}},{"start":{"line":39,"column":14},"end":{"line":39,"column":null}}],"line":39},"10":{"loc":{"start":{"line":46,"column":2},"end":{"line":46,"column":null}},"type":"if","locations":[{"start":{"line":46,"column":2},"end":{"line":46,"column":null}},{"start":{},"end":{}}],"line":46},"11":{"loc":{"start":{"line":70,"column":18},"end":{"line":70,"column":null}},"type":"binary-expr","locations":[{"start":{"line":70,"column":18},"end":{"line":70,"column":37}},{"start":{"line":70,"column":23},"end":{"line":70,"column":null}}],"line":70},"12":{"loc":{"start":{"line":71,"column":15},"end":{"line":71,"column":null}},"type":"binary-expr","locations":[{"start":{"line":71,"column":15},"end":{"line":71,"column":31}},{"start":{"line":71,"column":20},"end":{"line":71,"column":null}}],"line":71},"13":{"loc":{"start":{"line":75,"column":2},"end":{"line":77,"column":null}},"type":"if","locations":[{"start":{"line":75,"column":2},"end":{"line":77,"column":null}},{"start":{},"end":{}}],"line":75},"14":{"loc":{"start":{"line":75,"column":6},"end":{"line":75,"column":48}},"type":"binary-expr","locations":[{"start":{"line":75,"column":6},"end":{"line":75,"column":28}},{"start":{"line":75,"column":28},"end":{"line":75,"column":48}}],"line":75},"15":{"loc":{"start":{"line":79,"column":2},"end":{"line":86,"column":null}},"type":"if","locations":[{"start":{"line":79,"column":2},"end":{"line":86,"column":null}},{"start":{},"end":{}}],"line":79},"16":{"loc":{"start":{"line":82,"column":6},"end":{"line":82,"column":null}},"type":"binary-expr","locations":[{"start":{"line":82,"column":6},"end":{"line":82,"column":14}},{"start":{"line":82,"column":14},"end":{"line":82,"column":null}}],"line":82},"17":{"loc":{"start":{"line":88,"column":2},"end":{"line":90,"column":null}},"type":"if","locations":[{"start":{"line":88,"column":2},"end":{"line":90,"column":null}},{"start":{},"end":{}}],"line":88},"18":{"loc":{"start":{"line":105,"column":6},"end":{"line":105,"column":null}},"type":"if","locations":[{"start":{"line":105,"column":6},"end":{"line":105,"column":null}},{"start":{},"end":{}}],"line":105},"19":{"loc":{"start":{"line":111,"column":15},"end":{"line":111,"column":null}},"type":"binary-expr","locations":[{"start":{"line":111,"column":15},"end":{"line":111,"column":33}},{"start":{"line":111,"column":33},"end":{"line":111,"column":null}}],"line":111},"20":{"loc":{"start":{"line":115,"column":8},"end":{"line":115,"column":null}},"type":"if","locations":[{"start":{"line":115,"column":8},"end":{"line":115,"column":null}},{"start":{},"end":{}}],"line":115},"21":{"loc":{"start":{"line":117,"column":8},"end":{"line":119,"column":null}},"type":"if","locations":[{"start":{"line":117,"column":8},"end":{"line":119,"column":null}},{"start":{},"end":{}}],"line":117},"22":{"loc":{"start":{"line":121,"column":8},"end":{"line":123,"column":null}},"type":"if","locations":[{"start":{"line":121,"column":8},"end":{"line":123,"column":null}},{"start":{},"end":{}}],"line":121},"23":{"loc":{"start":{"line":125,"column":8},"end":{"line":127,"column":null}},"type":"if","locations":[{"start":{"line":125,"column":8},"end":{"line":127,"column":null}},{"start":{},"end":{}}],"line":125},"24":{"loc":{"start":{"line":139,"column":2},"end":{"line":139,"column":null}},"type":"if","locations":[{"start":{"line":139,"column":2},"end":{"line":139,"column":null}},{"start":{},"end":{}}],"line":139}},"s":{"0":9,"1":9,"2":1,"3":3,"4":2,"5":9,"6":9,"7":2,"8":7,"9":2,"10":1,"11":2,"12":5,"13":1,"14":4,"15":11,"16":11,"17":11,"18":2,"19":9,"20":1,"21":0,"22":1,"23":8,"24":1,"25":7,"26":7,"27":7,"28":7,"29":7,"30":7,"31":7,"32":16,"33":16,"34":1,"35":15,"36":15,"37":15,"38":16,"39":15,"40":15,"41":3,"42":12,"43":1,"44":11,"45":6,"46":11,"47":5,"48":7,"49":1,"50":15,"51":15,"52":2,"53":13,"54":13,"55":1},"f":{"0":9,"1":1,"2":11,"3":0,"4":7,"5":15},"b":{"0":[9],"1":[1,8],"2":[2,1],"3":[3,3],"4":[9,8],"5":[9,1],"6":[2,7],"7":[9,8],"8":[2,5],"9":[2,1],"10":[1,4],"11":[11,10],"12":[11,10],"13":[2,9],"14":[11,10],"15":[1,8],"16":[1,0],"17":[1,7],"18":[1,15],"19":[15,0],"20":[3,12],"21":[1,11],"22":[6,5],"23":[5,6],"24":[2,13]},"meta":{"lastBranch":25,"lastFunction":6,"lastStatement":56,"seen":{"f:14:22:14:Infinity":0,"b:17:82:17:Infinity":0,"s:19:14:19:Infinity":0,"b:20:2:24:Infinity:undefined:undefined:undefined:undefined":1,"s:20:2:24:Infinity":1,"s:21:4:23:Infinity":2,"b:22:6:22:Infinity:undefined:undefined:undefined:undefined":2,"s:22:6:22:Infinity":3,"b:22:10:22:29:22:29:22:39":3,"s:22:39:22:Infinity":4,"s:26:14:30:Infinity":5,"b:27:12:27:30:27:30:27:Infinity":4,"b:29:8:29:38:29:38:29:Infinity":5,"b:32:2:34:Infinity:undefined:undefined:undefined:undefined":6,"s:32:2:34:Infinity":6,"b:32:6:32:28:32:28:32:48":7,"s:33:4:33:Infinity":7,"b:36:2:43:Infinity:undefined:undefined:undefined:undefined":8,"s:36:2:43:Infinity":8,"s:37:17:37:Infinity":9,"f:37:40:37:46":1,"s:37:46:37:48":10,"s:38:4:42:Infinity":11,"b:39:6:39:14:39:14:39:Infinity":9,"b:46:2:46:Infinity:undefined:undefined:undefined:undefined":10,"s:46:2:46:Infinity":12,"s:46:26:46:Infinity":13,"s:48:2:48:Infinity":14,"f:57:22:57:Infinity":2,"s:62:14:62:Infinity":15,"s:64:14:73:Infinity":16,"b:70:18:70:37:70:23:70:Infinity":11,"b:71:15:71:31:71:20:71:Infinity":12,"b:75:2:77:Infinity:undefined:undefined:undefined:undefined":13,"s:75:2:77:Infinity":17,"b:75:6:75:28:75:28:75:48":14,"s:76:4:76:Infinity":18,"b:79:2:86:Infinity:undefined:undefined:undefined:undefined":15,"s:79:2:86:Infinity":19,"s:80:17:80:Infinity":20,"f:80:40:80:46":3,"s:80:46:80:48":21,"s:81:4:85:Infinity":22,"b:82:6:82:14:82:14:82:Infinity":16,"b:88:2:90:Infinity:undefined:undefined:undefined:undefined":17,"s:88:2:90:Infinity":23,"s:89:4:89:Infinity":24,"s:92:2:92:Infinity":25,"f:96:15:96:32":4,"s:97:17:97:Infinity":26,"s:98:18:98:Infinity":27,"s:99:15:99:Infinity":28,"s:100:15:100:Infinity":29,"s:102:2:132:Infinity":30,"s:103:4:129:Infinity":31,"s:104:30:104:Infinity":32,"b:105:6:105:Infinity:undefined:undefined:undefined:undefined":18,"s:105:6:105:Infinity":33,"s:105:16:105:Infinity":34,"s:107:6:107:Infinity":35,"s:110:23:110:Infinity":36,"s:111:6:111:Infinity":37,"b:111:15:111:33:111:33:111:Infinity":19,"s:113:6:128:Infinity":38,"s:114:22:114:Infinity":39,"b:115:8:115:Infinity:undefined:undefined:undefined:undefined":20,"s:115:8:115:Infinity":40,"s:115:20:115:Infinity":41,"b:117:8:119:Infinity:undefined:undefined:undefined:undefined":21,"s:117:8:119:Infinity":42,"s:118:10:118:Infinity":43,"b:121:8:123:Infinity:undefined:undefined:undefined:undefined":22,"s:121:8:123:Infinity":44,"s:122:10:122:Infinity":45,"b:125:8:127:Infinity:undefined:undefined:undefined:undefined":23,"s:125:8:127:Infinity":46,"s:126:10:126:Infinity":47,"s:131:4:131:Infinity":48,"s:134:2:134:Infinity":49,"f:137:9:137:23":5,"s:138:18:138:Infinity":50,"b:139:2:139:Infinity:undefined:undefined:undefined:undefined":24,"s:139:2:139:Infinity":51,"s:139:37:139:Infinity":52,"s:141:2:145:Infinity":53,"s:142:4:142:Infinity":54,"s:144:4:144:Infinity":55}}}
,"/Users/uzochukwuamara/Code/SearchAtlas/searchatlas-mcp-server/src/utils/auth.ts": {"path":"/Users/uzochukwuamara/Code/SearchAtlas/searchatlas-mcp-server/src/utils/auth.ts","statementMap":{"0":{"start":{"line":9,"column":42},"end":{"line":11,"column":null}},"1":{"start":{"line":13,"column":2},"end":{"line":17,"column":null}},"2":{"start":{"line":14,"column":4},"end":{"line":14,"column":null}},"3":{"start":{"line":15,"column":2},"end":{"line":17,"column":null}},"4":{"start":{"line":16,"column":4},"end":{"line":16,"column":null}},"5":{"start":{"line":19,"column":2},"end":{"line":19,"column":null}}},"fnMap":{"0":{"name":"getAuthHeaders","decl":{"start":{"line":8,"column":16},"end":{"line":8,"column":31}},"loc":{"start":{"line":8,"column":71},"end":{"line":20,"column":null}},"line":8}},"branchMap":{"0":{"loc":{"start":{"line":13,"column":2},"end":{"line":17,"column":null}},"type":"if","locations":[{"start":{"line":13,"column":2},"end":{"line":17,"column":null}},{"start":{"line":15,"column":2},"end":{"line":17,"column":null}}],"line":13},"1":{"loc":{"start":{"line":15,"column":2},"end":{"line":17,"column":null}},"type":"if","locations":[{"start":{"line":15,"column":2},"end":{"line":17,"column":null}},{"start":{},"end":{}}],"line":15}},"s":{"0":38,"1":38,"2":33,"3":5,"4":3,"5":38},"f":{"0":38},"b":{"0":[33,5],"1":[3,2]},"meta":{"lastBranch":2,"lastFunction":1,"lastStatement":6,"seen":{"f:8:16:8:31":0,"s:9:42:11:Infinity":0,"b:13:2:17:Infinity:15:2:17:Infinity":0,"s:13:2:17:Infinity":1,"s:14:4:14:Infinity":2,"b:15:2:17:Infinity:undefined:undefined:undefined:undefined":1,"s:15:2:17:Infinity":3,"s:16:4:16:Infinity":4,"s:19:2:19:Infinity":5}}}
,"/Users/uzochukwuamara/Code/SearchAtlas/searchatlas-mcp-server/src/utils/errors.ts": {"path":"/Users/uzochukwuamara/Code/SearchAtlas/searchatlas-mcp-server/src/utils/errors.ts","statementMap":{"0":{"start":{"line":11,"column":4},"end":{"line":11,"column":null}},"1":{"start":{"line":8,"column":11},"end":{"line":8,"column":null}},"2":{"start":{"line":9,"column":11},"end":{"line":9,"column":null}},"3":{"start":{"line":12,"column":4},"end":{"line":12,"column":null}},"4":{"start":{"line":22,"column":4},"end":{"line":22,"column":null}},"5":{"start":{"line":23,"column":4},"end":{"line":23,"column":null}},"6":{"start":{"line":29,"column":2},"end":{"line":31,"column":null}},"7":{"start":{"line":30,"column":4},"end":{"line":30,"column":null}},"8":{"start":{"line":32,"column":2},"end":{"line":34,"column":null}},"9":{"start":{"line":33,"column":4},"end":{"line":33,"column":null}},"10":{"start":{"line":35,"column":2},"end":{"line":35,"column":null}}},"fnMap":{"0":{"name":"(anonymous_0)","decl":{"start":{"line":6,"column":2},"end":{"line":6,"column":null}},"loc":{"start":{"line":10,"column":4},"end":{"line":13,"column":null}},"line":10},"1":{"name":"(anonymous_1)","decl":{"start":{"line":17,"column":2},"end":{"line":17,"column":null}},"loc":{"start":{"line":21,"column":4},"end":{"line":24,"column":null}},"line":21},"2":{"name":"formatError","decl":{"start":{"line":28,"column":16},"end":{"line":28,"column":28}},"loc":{"start":{"line":28,"column":52},"end":{"line":36,"column":null}},"line":28}},"branchMap":{"0":{"loc":{"start":{"line":18,"column":4},"end":{"line":18,"column":null}},"type":"default-arg","locations":[{"start":{"line":18,"column":14},"end":{"line":18,"column":null}}],"line":18},"1":{"loc":{"start":{"line":29,"column":2},"end":{"line":31,"column":null}},"type":"if","locations":[{"start":{"line":29,"column":2},"end":{"line":31,"column":null}},{"start":{},"end":{}}],"line":29},"2":{"loc":{"start":{"line":32,"column":2},"end":{"line":34,"column":null}},"type":"if","locations":[{"start":{"line":32,"column":2},"end":{"line":34,"column":null}},{"start":{},"end":{}}],"line":32}},"s":{"0":15,"1":15,"2":15,"3":15,"4":7,"5":7,"6":14,"7":2,"8":12,"9":8,"10":4},"f":{"0":15,"1":7,"2":14},"b":{"0":[7],"1":[2,12],"2":[8,4]},"meta":{"lastBranch":3,"lastFunction":3,"lastStatement":11,"seen":{"f:6:2:6:Infinity":0,"s:11:4:11:Infinity":0,"s:8:11:8:Infinity":1,"s:9:11:9:Infinity":2,"s:12:4:12:Infinity":3,"f:17:2:17:Infinity":1,"b:18:14:18:Infinity":0,"s:22:4:22:Infinity":4,"s:23:4:23:Infinity":5,"f:28:16:28:28":2,"b:29:2:31:Infinity:undefined:undefined:undefined:undefined":1,"s:29:2:31:Infinity":6,"s:30:4:30:Infinity":7,"b:32:2:34:Infinity:undefined:undefined:undefined:undefined":2,"s:32:2:34:Infinity":8,"s:33:4:33:Infinity":9,"s:35:2:35:Infinity":10}}}
,"/Users/uzochukwuamara/Code/SearchAtlas/searchatlas-mcp-server/src/utils/session.ts": {"path":"/Users/uzochukwuamara/Code/SearchAtlas/searchatlas-mcp-server/src/utils/session.ts","statementMap":{"0":{"start":{"line":15,"column":2},"end":{"line":28,"column":null}},"1":{"start":{"line":16,"column":4},"end":{"line":27,"column":null}},"2":{"start":{"line":17,"column":20},"end":{"line":17,"column":null}},"3":{"start":{"line":18,"column":6},"end":{"line":24,"column":null}},"4":{"start":{"line":19,"column":24},"end":{"line":21,"column":null}},"5":{"start":{"line":22,"column":42},"end":{"line":22,"column":null}},"6":{"start":{"line":23,"column":8},"end":{"line":23,"column":null}},"7":{"start":{"line":23,"column":19},"end":{"line":23,"column":null}},"8":{"start":{"line":29,"column":2},"end":{"line":29,"column":null}},"9":{"start":{"line":35,"column":2},"end":{"line":35,"column":null}},"10":{"start":{"line":35,"column":19},"end":{"line":35,"column":null}},"11":{"start":{"line":36,"column":2},"end":{"line":36,"column":null}},"12":{"start":{"line":41,"column":2},"end":{"line":41,"column":null}}},"fnMap":{"0":{"name":"getUserId","decl":{"start":{"line":14,"column":16},"end":{"line":14,"column":26}},"loc":{"start":{"line":14,"column":50},"end":{"line":30,"column":null}},"line":14},"1":{"name":"getMcpUserId","decl":{"start":{"line":34,"column":9},"end":{"line":34,"column":32}},"loc":{"start":{"line":34,"column":32},"end":{"line":37,"column":null}},"line":34},"2":{"name":"createSessionId","decl":{"start":{"line":40,"column":16},"end":{"line":40,"column":42}},"loc":{"start":{"line":40,"column":42},"end":{"line":42,"column":null}},"line":40}},"branchMap":{"0":{"loc":{"start":{"line":15,"column":2},"end":{"line":28,"column":null}},"type":"if","locations":[{"start":{"line":15,"column":2},"end":{"line":28,"column":null}},{"start":{},"end":{}}],"line":15},"1":{"loc":{"start":{"line":18,"column":6},"end":{"line":24,"column":null}},"type":"if","locations":[{"start":{"line":18,"column":6},"end":{"line":24,"column":null}},{"start":{},"end":{}}],"line":18},"2":{"loc":{"start":{"line":22,"column":42},"end":{"line":22,"column":null}},"type":"binary-expr","locations":[{"start":{"line":22,"column":42},"end":{"line":22,"column":61}},{"start":{"line":22,"column":61},"end":{"line":22,"column":null}}],"line":22},"3":{"loc":{"start":{"line":23,"column":8},"end":{"line":23,"column":null}},"type":"if","locations":[{"start":{"line":23,"column":8},"end":{"line":23,"column":null}},{"start":{},"end":{}}],"line":23},"4":{"loc":{"start":{"line":35,"column":2},"end":{"line":35,"column":null}},"type":"if","locations":[{"start":{"line":35,"column":2},"end":{"line":35,"column":null}},{"start":{},"end":{}}],"line":35}},"s":{"0":18,"1":16,"2":16,"3":16,"4":15,"5":15,"6":15,"7":14,"8":4,"9":4,"10":1,"11":4,"12":13},"f":{"0":18,"1":4,"2":13},"b":{"0":[16,2],"1":[15,1],"2":[15,2],"3":[14,1],"4":[1,3]},"meta":{"lastBranch":5,"lastFunction":3,"lastStatement":13,"seen":{"f:14:16:14:26":0,"b:15:2:28:Infinity:undefined:undefined:undefined:undefined":0,"s:15:2:28:Infinity":0,"s:16:4:27:Infinity":1,"s:17:20:17:Infinity":2,"b:18:6:24:Infinity:undefined:undefined:undefined:undefined":1,"s:18:6:24:Infinity":3,"s:19:24:21:Infinity":4,"s:22:42:22:Infinity":5,"b:22:42:22:61:22:61:22:Infinity":2,"b:23:8:23:Infinity:undefined:undefined:undefined:undefined":3,"s:23:8:23:Infinity":6,"s:23:19:23:Infinity":7,"s:29:2:29:Infinity":8,"f:34:9:34:32":1,"b:35:2:35:Infinity:undefined:undefined:undefined:undefined":4,"s:35:2:35:Infinity":9,"s:35:19:35:Infinity":10,"s:36:2:36:Infinity":11,"f:40:16:40:42":2,"s:41:2:41:Infinity":12}}}
,"/Users/uzochukwuamara/Code/SearchAtlas/searchatlas-mcp-server/src/utils/token.ts": {"path":"/Users/uzochukwuamara/Code/SearchAtlas/searchatlas-mcp-server/src/utils/token.ts","statementMap":{"0":{"start":{"line":21,"column":2},"end":{"line":21,"column":null}},"1":{"start":{"line":21,"column":19},"end":{"line":21,"column":null}},"2":{"start":{"line":23,"column":16},"end":{"line":23,"column":null}},"3":{"start":{"line":26,"column":2},"end":{"line":31,"column":null}},"4":{"start":{"line":30,"column":4},"end":{"line":30,"column":null}},"5":{"start":{"line":34,"column":2},"end":{"line":36,"column":null}},"6":{"start":{"line":35,"column":4},"end":{"line":35,"column":null}},"7":{"start":{"line":38,"column":2},"end":{"line":38,"column":null}},"8":{"start":{"line":46,"column":16},"end":{"line":46,"column":null}},"9":{"start":{"line":48,"column":2},"end":{"line":50,"column":null}},"10":{"start":{"line":49,"column":4},"end":{"line":49,"column":null}},"11":{"start":{"line":53,"column":16},"end":{"line":53,"column":null}},"12":{"start":{"line":54,"column":2},"end":{"line":56,"column":null}},"13":{"start":{"line":55,"column":4},"end":{"line":55,"column":null}},"14":{"start":{"line":59,"column":2},"end":{"line":92,"column":null}},"15":{"start":{"line":60,"column":23},"end":{"line":62,"column":null}},"16":{"start":{"line":63,"column":24},"end":{"line":63,"column":null}},"17":{"start":{"line":64,"column":20},"end":{"line":64,"column":null}},"18":{"start":{"line":66,"column":42},"end":{"line":66,"column":null}},"19":{"start":{"line":69,"column":4},"end":{"line":71,"column":null}},"20":{"start":{"line":70,"column":6},"end":{"line":70,"column":null}},"21":{"start":{"line":74,"column":4},"end":{"line":87,"column":null}},"22":{"start":{"line":75,"column":24},"end":{"line":75,"column":null}},"23":{"start":{"line":76,"column":6},"end":{"line":76,"column":null}},"24":{"start":{"line":78,"column":6},"end":{"line":86,"column":null}},"25":{"start":{"line":79,"column":8},"end":{"line":85,"column":null}},"26":{"start":{"line":89,"column":4},"end":{"line":89,"column":null}},"27":{"start":{"line":91,"column":4},"end":{"line":91,"column":null}}},"fnMap":{"0":{"name":"sanitizeToken","decl":{"start":{"line":20,"column":16},"end":{"line":20,"column":30}},"loc":{"start":{"line":20,"column":77},"end":{"line":39,"column":null}},"line":20},"1":{"name":"validateToken","decl":{"start":{"line":45,"column":16},"end":{"line":45,"column":30}},"loc":{"start":{"line":45,"column":85},"end":{"line":93,"column":null}},"line":45}},"branchMap":{"0":{"loc":{"start":{"line":21,"column":2},"end":{"line":21,"column":null}},"type":"if","locations":[{"start":{"line":21,"column":2},"end":{"line":21,"column":null}},{"start":{},"end":{}}],"line":21},"1":{"loc":{"start":{"line":26,"column":2},"end":{"line":31,"column":null}},"type":"if","locations":[{"start":{"line":26,"column":2},"end":{"line":31,"column":null}},{"start":{},"end":{}}],"line":26},"2":{"loc":{"start":{"line":27,"column":5},"end":{"line":28,"column":null}},"type":"binary-expr","locations":[{"start":{"line":27,"column":5},"end":{"line":27,"column":32}},{"start":{"line":27,"column":32},"end":{"line":27,"column":null}},{"start":{"line":28,"column":5},"end":{"line":28,"column":32}},{"start":{"line":28,"column":32},"end":{"line":28,"column":null}}],"line":27},"3":{"loc":{"start":{"line":34,"column":2},"end":{"line":36,"column":null}},"type":"if","locations":[{"start":{"line":34,"column":2},"end":{"line":36,"column":null}},{"start":{},"end":{}}],"line":34},"4":{"loc":{"start":{"line":34,"column":6},"end":{"line":34,"column":65}},"type":"binary-expr","locations":[{"start":{"line":34,"column":6},"end":{"line":34,"column":18}},{"start":{"line":34,"column":18},"end":{"line":34,"column":40}},{"start":{"line":34,"column":40},"end":{"line":34,"column":65}}],"line":34},"5":{"loc":{"start":{"line":48,"column":2},"end":{"line":50,"column":null}},"type":"if","locations":[{"start":{"line":48,"column":2},"end":{"line":50,"column":null}},{"start":{},"end":{}}],"line":48},"6":{"loc":{"start":{"line":54,"column":2},"end":{"line":56,"column":null}},"type":"if","locations":[{"start":{"line":54,"column":2},"end":{"line":56,"column":null}},{"start":{},"end":{}}],"line":54},"7":{"loc":{"start":{"line":69,"column":4},"end":{"line":71,"column":null}},"type":"if","locations":[{"start":{"line":69,"column":4},"end":{"line":71,"column":null}},{"start":{},"end":{}}],"line":69},"8":{"loc":{"start":{"line":69,"column":8},"end":{"line":69,"column":84}},"type":"binary-expr","locations":[{"start":{"line":69,"column":8},"end":{"line":69,"column":47}},{"start":{"line":69,"column":47},"end":{"line":69,"column":84}}],"line":69},"9":{"loc":{"start":{"line":74,"column":4},"end":{"line":87,"column":null}},"type":"if","locations":[{"start":{"line":74,"column":4},"end":{"line":87,"column":null}},{"start":{},"end":{}}],"line":74},"10":{"loc":{"start":{"line":78,"column":6},"end":{"line":86,"column":null}},"type":"if","locations":[{"start":{"line":78,"column":6},"end":{"line":86,"column":null}},{"start":{},"end":{}}],"line":78}},"s":{"0":70,"1":14,"2":56,"3":56,"4":5,"5":56,"6":5,"7":51,"8":38,"9":38,"10":1,"11":37,"12":37,"13":4,"14":33,"15":33,"16":33,"17":33,"18":33,"19":33,"20":32,"21":32,"22":30,"23":30,"24":30,"25":3,"26":29,"27":1},"f":{"0":70,"1":38},"b":{"0":[14,56],"1":[5,51],"2":[56,4,52,2],"3":[5,51],"4":[56,54,52],"5":[1,37],"6":[4,33],"7":[32,1],"8":[33,1],"9":[30,2],"10":[3,27]},"meta":{"lastBranch":11,"lastFunction":2,"lastStatement":28,"seen":{"f:20:16:20:30":0,"b:21:2:21:Infinity:undefined:undefined:undefined:undefined":0,"s:21:2:21:Infinity":0,"s:21:19:21:Infinity":1,"s:23:16:23:Infinity":2,"b:26:2:31:Infinity:undefined:undefined:undefined:undefined":1,"s:26:2:31:Infinity":3,"b:27:5:27:32:27:32:27:Infinity:28:5:28:32:28:32:28:Infinity":2,"s:30:4:30:Infinity":4,"b:34:2:36:Infinity:undefined:undefined:undefined:undefined":3,"s:34:2:36:Infinity":5,"b:34:6:34:18:34:18:34:40:34:40:34:65":4,"s:35:4:35:Infinity":6,"s:38:2:38:Infinity":7,"f:45:16:45:30":1,"s:46:16:46:Infinity":8,"b:48:2:50:Infinity:undefined:undefined:undefined:undefined":5,"s:48:2:50:Infinity":9,"s:49:4:49:Infinity":10,"s:53:16:53:Infinity":11,"b:54:2:56:Infinity:undefined:undefined:undefined:undefined":6,"s:54:2:56:Infinity":12,"s:55:4:55:Infinity":13,"s:59:2:92:Infinity":14,"s:60:23:62:Infinity":15,"s:63:24:63:Infinity":16,"s:64:20:64:Infinity":17,"s:66:42:66:Infinity":18,"b:69:4:71:Infinity:undefined:undefined:undefined:undefined":7,"s:69:4:71:Infinity":19,"b:69:8:69:47:69:47:69:84":8,"s:70:6:70:Infinity":20,"b:74:4:87:Infinity:undefined:undefined:undefined:undefined":9,"s:74:4:87:Infinity":21,"s:75:24:75:Infinity":22,"s:76:6:76:Infinity":23,"b:78:6:86:Infinity:undefined:undefined:undefined:undefined":10,"s:78:6:86:Infinity":24,"s:79:8:85:Infinity":25,"s:89:4:89:Infinity":26,"s:91:4:91:Infinity":27}}}
}
